[INFO] Scanning for projects...
[INFO] 
[INFO] -------------------< com.ultrabms:ultra-bms-backend >-------------------
[INFO] Building UltraBMS 0.0.1-SNAPSHOT
[INFO]   from pom.xml
[INFO] --------------------------------[ jar ]---------------------------------
[INFO] 
[INFO] --- clean:3.4.0:clean (default-clean) @ ultra-bms-backend ---
[INFO] Deleting /Users/natarajan/Documents/Projects/ultra-bms/backend/target
[INFO] 
[INFO] --- checkstyle:3.3.0:check (validate) @ ultra-bms-backend ---
[INFO] Starting audit...
[WARN] /Users/natarajan/Documents/Projects/ultra-bms/backend/src/main/java/com/ultrabms/dto/RegisterRequest.java:5:38: Using the '.*' form of import should be avoided - jakarta.validation.constraints.*. [AvoidStarImport]
[WARN] /Users/natarajan/Documents/Projects/ultra-bms/backend/src/main/java/com/ultrabms/dto/UserDto.java:6:8: Unused import - jakarta.validation.constraints.NotNull. [UnusedImports]
[WARN] /Users/natarajan/Documents/Projects/ultra-bms/backend/src/main/java/com/ultrabms/validator/StrongPassword.java:6:28: Using the '.*' form of import should be avoided - java.lang.annotation.*. [AvoidStarImport]
[WARN] /Users/natarajan/Documents/Projects/ultra-bms/backend/src/main/java/com/ultrabms/validator/StrongPasswordValidator.java:5:18: Using the '.*' form of import should be avoided - org.passay.*. [AvoidStarImport]
[WARN] /Users/natarajan/Documents/Projects/ultra-bms/backend/src/main/java/com/ultrabms/security/SecurityConfig.java:16:8: Unused import - org.springframework.security.web.AuthenticationEntryPoint. [UnusedImports]
[WARN] /Users/natarajan/Documents/Projects/ultra-bms/backend/src/main/java/com/ultrabms/security/SecurityConfig.java:17:8: Unused import - org.springframework.security.web.access.AccessDeniedHandler. [UnusedImports]
[WARN] /Users/natarajan/Documents/Projects/ultra-bms/backend/src/main/java/com/ultrabms/security/CustomAuthenticationEntryPoint.java:16:8: Unused import - java.time.LocalDateTime. [UnusedImports]
[WARN] /Users/natarajan/Documents/Projects/ultra-bms/backend/src/main/java/com/ultrabms/security/RolePermissionService.java:7:17: Using the '.*' form of import should be avoided - java.util.*. [AvoidStarImport]
[WARN] /Users/natarajan/Documents/Projects/ultra-bms/backend/src/main/java/com/ultrabms/security/JwtAuthenticationFilter.java:118:17: 'if' construct must use '{}'s. [NeedBraces]
[WARN] /Users/natarajan/Documents/Projects/ultra-bms/backend/src/main/java/com/ultrabms/security/CustomAccessDeniedHandler.java:16:8: Unused import - java.time.LocalDateTime. [UnusedImports]
[WARN] /Users/natarajan/Documents/Projects/ultra-bms/backend/src/main/java/com/ultrabms/security/JwtTokenProvider.java:4:23: Using the '.*' form of import should be avoided - io.jsonwebtoken.*. [AvoidStarImport]
[WARN] /Users/natarajan/Documents/Projects/ultra-bms/backend/src/main/java/com/ultrabms/entity/Property.java:4:27: Using the '.*' form of import should be avoided - jakarta.persistence.*. [AvoidStarImport]
[WARN] /Users/natarajan/Documents/Projects/ultra-bms/backend/src/main/java/com/ultrabms/entity/Unit.java:4:27: Using the '.*' form of import should be avoided - jakarta.persistence.*. [AvoidStarImport]
[WARN] /Users/natarajan/Documents/Projects/ultra-bms/backend/src/main/java/com/ultrabms/entity/AuditLog.java:3:27: Using the '.*' form of import should be avoided - jakarta.persistence.*. [AvoidStarImport]
[WARN] /Users/natarajan/Documents/Projects/ultra-bms/backend/src/main/java/com/ultrabms/entity/BaseEntity.java:3:27: Using the '.*' form of import should be avoided - jakarta.persistence.*. [AvoidStarImport]
[WARN] /Users/natarajan/Documents/Projects/ultra-bms/backend/src/main/java/com/ultrabms/entity/User.java:4:27: Using the '.*' form of import should be avoided - jakarta.persistence.*. [AvoidStarImport]
[WARN] /Users/natarajan/Documents/Projects/ultra-bms/backend/src/main/java/com/ultrabms/entity/TokenBlacklist.java:3:27: Using the '.*' form of import should be avoided - jakarta.persistence.*. [AvoidStarImport]
[WARN] /Users/natarajan/Documents/Projects/ultra-bms/backend/src/main/java/com/ultrabms/entity/Permission.java:3:27: Using the '.*' form of import should be avoided - jakarta.persistence.*. [AvoidStarImport]
[WARN] /Users/natarajan/Documents/Projects/ultra-bms/backend/src/main/java/com/ultrabms/entity/Role.java:3:27: Using the '.*' form of import should be avoided - jakarta.persistence.*. [AvoidStarImport]
[WARN] /Users/natarajan/Documents/Projects/ultra-bms/backend/src/main/java/com/ultrabms/controller/AuthController.java:3:24: Using the '.*' form of import should be avoided - com.ultrabms.dto.*. [AvoidStarImport]
[WARN] /Users/natarajan/Documents/Projects/ultra-bms/backend/src/main/java/com/ultrabms/controller/AuthController.java:20:47: Using the '.*' form of import should be avoided - org.springframework.web.bind.annotation.*. [AvoidStarImport]
[WARN] /Users/natarajan/Documents/Projects/ultra-bms/backend/src/main/java/com/ultrabms/controller/UserController.java:21:47: Using the '.*' form of import should be avoided - org.springframework.web.bind.annotation.*. [AvoidStarImport]
[WARN] /Users/natarajan/Documents/Projects/ultra-bms/backend/src/main/java/com/ultrabms/filter/RequestResponseLoggingFilter.java:14:8: Unused import - java.util.Collections. [UnusedImports]
[WARN] /Users/natarajan/Documents/Projects/ultra-bms/backend/src/main/java/com/ultrabms/filter/RequestResponseLoggingFilter.java:42:33: Name 'log' must match pattern '^[A-Z][A-Z0-9]*(_[A-Z0-9]+)*$'. [ConstantName]
[WARN] /Users/natarajan/Documents/Projects/ultra-bms/backend/src/main/java/com/ultrabms/filter/RequestCorrelationFilter.java:40:33: Name 'log' must match pattern '^[A-Z][A-Z0-9]*(_[A-Z0-9]+)*$'. [ConstantName]
[WARN] /Users/natarajan/Documents/Projects/ultra-bms/backend/src/main/java/com/ultrabms/service/UserService.java:4:8: Unused import - com.ultrabms.entity.enums.UserRole. [UnusedImports]
[WARN] /Users/natarajan/Documents/Projects/ultra-bms/backend/src/main/java/com/ultrabms/service/AuthService.java:3:24: Using the '.*' form of import should be avoided - com.ultrabms.dto.*. [AvoidStarImport]
[WARN] /Users/natarajan/Documents/Projects/ultra-bms/backend/src/main/java/com/ultrabms/service/AuthServiceImpl.java:3:24: Using the '.*' form of import should be avoided - com.ultrabms.dto.*. [AvoidStarImport]
[WARN] /Users/natarajan/Documents/Projects/ultra-bms/backend/src/main/java/com/ultrabms/service/AuthServiceImpl.java:16:8: Unused import - io.jsonwebtoken.Claims. [UnusedImports]
[WARN] /Users/natarajan/Documents/Projects/ultra-bms/backend/src/main/java/com/ultrabms/service/AuthServiceImpl.java:284:17: 'if' construct must use '{}'s. [NeedBraces]
[WARN] /Users/natarajan/Documents/Projects/ultra-bms/backend/src/main/java/com/ultrabms/exception/EntityNotFoundException.java:3:8: Unused import - java.util.UUID. [UnusedImports]
[WARN] /Users/natarajan/Documents/Projects/ultra-bms/backend/src/main/java/com/ultrabms/exception/GlobalExceptionHandler.java:44:33: Name 'log' must match pattern '^[A-Z][A-Z0-9]*(_[A-Z0-9]+)*$'. [ConstantName]
[WARN] /Users/natarajan/Documents/Projects/ultra-bms/backend/src/main/java/com/ultrabms/exception/ErrorResponse.java:6:8: Unused import - java.util.Map. [UnusedImports]
Audit done.
[INFO] You have 0 Checkstyle violations.
[INFO] 
[INFO] --- resources:3.3.1:resources (default-resources) @ ultra-bms-backend ---
[INFO] Copying 4 resources from src/main/resources to target/classes
[INFO] Copying 14 resources from src/main/resources to target/classes
[INFO] 
[INFO] --- compiler:3.13.0:compile (default-compile) @ ultra-bms-backend ---
[INFO] Recompiling the module because of changed source code.
[INFO] Compiling 59 source files with javac [debug parameters release 17] to target/classes
[INFO] /Users/natarajan/Documents/Projects/ultra-bms/backend/src/main/java/com/ultrabms/dto/RegisterRequest.java: Some input files use or override a deprecated API.
[INFO] /Users/natarajan/Documents/Projects/ultra-bms/backend/src/main/java/com/ultrabms/dto/RegisterRequest.java: Recompile with -Xlint:deprecation for details.
[INFO] 
[INFO] --- resources:3.3.1:testResources (default-testResources) @ ultra-bms-backend ---
[INFO] Copying 1 resource from src/test/resources to target/test-classes
[INFO] 
[INFO] --- compiler:3.13.0:testCompile (default-testCompile) @ ultra-bms-backend ---
[INFO] Recompiling the module because of changed dependency.
[INFO] Compiling 8 source files with javac [debug parameters release 17] to target/test-classes
[WARNING] /Users/natarajan/Documents/Projects/ultra-bms/backend/src/test/java/com/ultrabms/controller/AuthControllerTest.java:[53,6] org.springframework.boot.test.mock.mockito.MockBean in org.springframework.boot.test.mock.mockito has been deprecated and marked for removal
[WARNING] /Users/natarajan/Documents/Projects/ultra-bms/backend/src/test/java/com/ultrabms/controller/AuthControllerTest.java:[53,6] org.springframework.boot.test.mock.mockito.MockBean in org.springframework.boot.test.mock.mockito has been deprecated and marked for removal
[WARNING] /Users/natarajan/Documents/Projects/ultra-bms/backend/src/test/java/com/ultrabms/controller/AuthControllerTest.java:[53,6] org.springframework.boot.test.mock.mockito.MockBean in org.springframework.boot.test.mock.mockito has been deprecated and marked for removal
[WARNING] /Users/natarajan/Documents/Projects/ultra-bms/backend/src/test/java/com/ultrabms/controller/AuthControllerTest.java:[53,6] org.springframework.boot.test.mock.mockito.MockBean in org.springframework.boot.test.mock.mockito has been deprecated and marked for removal
[WARNING] /Users/natarajan/Documents/Projects/ultra-bms/backend/src/test/java/com/ultrabms/controller/AuthControllerTest.java:[53,6] org.springframework.boot.test.mock.mockito.MockBean in org.springframework.boot.test.mock.mockito has been deprecated and marked for removal
[WARNING] /Users/natarajan/Documents/Projects/ultra-bms/backend/src/test/java/com/ultrabms/controller/AuthControllerTest.java:[56,6] org.springframework.boot.test.mock.mockito.MockBean in org.springframework.boot.test.mock.mockito has been deprecated and marked for removal
[WARNING] /Users/natarajan/Documents/Projects/ultra-bms/backend/src/test/java/com/ultrabms/controller/AuthControllerTest.java:[56,6] org.springframework.boot.test.mock.mockito.MockBean in org.springframework.boot.test.mock.mockito has been deprecated and marked for removal
[WARNING] /Users/natarajan/Documents/Projects/ultra-bms/backend/src/test/java/com/ultrabms/controller/AuthControllerTest.java:[56,6] org.springframework.boot.test.mock.mockito.MockBean in org.springframework.boot.test.mock.mockito has been deprecated and marked for removal
[WARNING] /Users/natarajan/Documents/Projects/ultra-bms/backend/src/test/java/com/ultrabms/controller/AuthControllerTest.java:[56,6] org.springframework.boot.test.mock.mockito.MockBean in org.springframework.boot.test.mock.mockito has been deprecated and marked for removal
[WARNING] /Users/natarajan/Documents/Projects/ultra-bms/backend/src/test/java/com/ultrabms/controller/AuthControllerTest.java:[56,6] org.springframework.boot.test.mock.mockito.MockBean in org.springframework.boot.test.mock.mockito has been deprecated and marked for removal
[WARNING] /Users/natarajan/Documents/Projects/ultra-bms/backend/src/test/java/com/ultrabms/controller/AuthControllerTest.java:[59,6] org.springframework.boot.test.mock.mockito.MockBean in org.springframework.boot.test.mock.mockito has been deprecated and marked for removal
[WARNING] /Users/natarajan/Documents/Projects/ultra-bms/backend/src/test/java/com/ultrabms/controller/AuthControllerTest.java:[59,6] org.springframework.boot.test.mock.mockito.MockBean in org.springframework.boot.test.mock.mockito has been deprecated and marked for removal
[WARNING] /Users/natarajan/Documents/Projects/ultra-bms/backend/src/test/java/com/ultrabms/controller/AuthControllerTest.java:[59,6] org.springframework.boot.test.mock.mockito.MockBean in org.springframework.boot.test.mock.mockito has been deprecated and marked for removal
[WARNING] /Users/natarajan/Documents/Projects/ultra-bms/backend/src/test/java/com/ultrabms/controller/AuthControllerTest.java:[59,6] org.springframework.boot.test.mock.mockito.MockBean in org.springframework.boot.test.mock.mockito has been deprecated and marked for removal
[WARNING] /Users/natarajan/Documents/Projects/ultra-bms/backend/src/test/java/com/ultrabms/controller/AuthControllerTest.java:[59,6] org.springframework.boot.test.mock.mockito.MockBean in org.springframework.boot.test.mock.mockito has been deprecated and marked for removal
[WARNING] /Users/natarajan/Documents/Projects/ultra-bms/backend/src/test/java/com/ultrabms/controller/AuthControllerTest.java:[62,6] org.springframework.boot.test.mock.mockito.MockBean in org.springframework.boot.test.mock.mockito has been deprecated and marked for removal
[WARNING] /Users/natarajan/Documents/Projects/ultra-bms/backend/src/test/java/com/ultrabms/controller/AuthControllerTest.java:[62,6] org.springframework.boot.test.mock.mockito.MockBean in org.springframework.boot.test.mock.mockito has been deprecated and marked for removal
[WARNING] /Users/natarajan/Documents/Projects/ultra-bms/backend/src/test/java/com/ultrabms/controller/AuthControllerTest.java:[62,6] org.springframework.boot.test.mock.mockito.MockBean in org.springframework.boot.test.mock.mockito has been deprecated and marked for removal
[WARNING] /Users/natarajan/Documents/Projects/ultra-bms/backend/src/test/java/com/ultrabms/controller/AuthControllerTest.java:[62,6] org.springframework.boot.test.mock.mockito.MockBean in org.springframework.boot.test.mock.mockito has been deprecated and marked for removal
[WARNING] /Users/natarajan/Documents/Projects/ultra-bms/backend/src/test/java/com/ultrabms/controller/AuthControllerTest.java:[62,6] org.springframework.boot.test.mock.mockito.MockBean in org.springframework.boot.test.mock.mockito has been deprecated and marked for removal
[WARNING] /Users/natarajan/Documents/Projects/ultra-bms/backend/src/test/java/com/ultrabms/controller/AuthControllerTest.java:[65,6] org.springframework.boot.test.mock.mockito.MockBean in org.springframework.boot.test.mock.mockito has been deprecated and marked for removal
[WARNING] /Users/natarajan/Documents/Projects/ultra-bms/backend/src/test/java/com/ultrabms/controller/AuthControllerTest.java:[65,6] org.springframework.boot.test.mock.mockito.MockBean in org.springframework.boot.test.mock.mockito has been deprecated and marked for removal
[WARNING] /Users/natarajan/Documents/Projects/ultra-bms/backend/src/test/java/com/ultrabms/controller/AuthControllerTest.java:[65,6] org.springframework.boot.test.mock.mockito.MockBean in org.springframework.boot.test.mock.mockito has been deprecated and marked for removal
[WARNING] /Users/natarajan/Documents/Projects/ultra-bms/backend/src/test/java/com/ultrabms/controller/AuthControllerTest.java:[65,6] org.springframework.boot.test.mock.mockito.MockBean in org.springframework.boot.test.mock.mockito has been deprecated and marked for removal
[WARNING] /Users/natarajan/Documents/Projects/ultra-bms/backend/src/test/java/com/ultrabms/controller/AuthControllerTest.java:[65,6] org.springframework.boot.test.mock.mockito.MockBean in org.springframework.boot.test.mock.mockito has been deprecated and marked for removal
[WARNING] /Users/natarajan/Documents/Projects/ultra-bms/backend/src/test/java/com/ultrabms/controller/AuthControllerTest.java:[68,6] org.springframework.boot.test.mock.mockito.MockBean in org.springframework.boot.test.mock.mockito has been deprecated and marked for removal
[WARNING] /Users/natarajan/Documents/Projects/ultra-bms/backend/src/test/java/com/ultrabms/controller/AuthControllerTest.java:[68,6] org.springframework.boot.test.mock.mockito.MockBean in org.springframework.boot.test.mock.mockito has been deprecated and marked for removal
[WARNING] /Users/natarajan/Documents/Projects/ultra-bms/backend/src/test/java/com/ultrabms/controller/AuthControllerTest.java:[68,6] org.springframework.boot.test.mock.mockito.MockBean in org.springframework.boot.test.mock.mockito has been deprecated and marked for removal
[WARNING] /Users/natarajan/Documents/Projects/ultra-bms/backend/src/test/java/com/ultrabms/controller/AuthControllerTest.java:[68,6] org.springframework.boot.test.mock.mockito.MockBean in org.springframework.boot.test.mock.mockito has been deprecated and marked for removal
[WARNING] /Users/natarajan/Documents/Projects/ultra-bms/backend/src/test/java/com/ultrabms/controller/AuthControllerTest.java:[68,6] org.springframework.boot.test.mock.mockito.MockBean in org.springframework.boot.test.mock.mockito has been deprecated and marked for removal
[WARNING] /Users/natarajan/Documents/Projects/ultra-bms/backend/src/test/java/com/ultrabms/controller/UserControllerAuthorizationTest.java:[42,6] org.springframework.boot.test.mock.mockito.MockBean in org.springframework.boot.test.mock.mockito has been deprecated and marked for removal
[WARNING] /Users/natarajan/Documents/Projects/ultra-bms/backend/src/test/java/com/ultrabms/controller/UserControllerAuthorizationTest.java:[42,6] org.springframework.boot.test.mock.mockito.MockBean in org.springframework.boot.test.mock.mockito has been deprecated and marked for removal
[WARNING] /Users/natarajan/Documents/Projects/ultra-bms/backend/src/test/java/com/ultrabms/controller/UserControllerAuthorizationTest.java:[42,6] org.springframework.boot.test.mock.mockito.MockBean in org.springframework.boot.test.mock.mockito has been deprecated and marked for removal
[WARNING] /Users/natarajan/Documents/Projects/ultra-bms/backend/src/test/java/com/ultrabms/controller/UserControllerAuthorizationTest.java:[42,6] org.springframework.boot.test.mock.mockito.MockBean in org.springframework.boot.test.mock.mockito has been deprecated and marked for removal
[WARNING] /Users/natarajan/Documents/Projects/ultra-bms/backend/src/test/java/com/ultrabms/controller/UserControllerAuthorizationTest.java:[42,6] org.springframework.boot.test.mock.mockito.MockBean in org.springframework.boot.test.mock.mockito has been deprecated and marked for removal
[WARNING] /Users/natarajan/Documents/Projects/ultra-bms/backend/src/test/java/com/ultrabms/controller/UserControllerAuthorizationTest.java:[45,6] org.springframework.boot.test.mock.mockito.MockBean in org.springframework.boot.test.mock.mockito has been deprecated and marked for removal
[WARNING] /Users/natarajan/Documents/Projects/ultra-bms/backend/src/test/java/com/ultrabms/controller/UserControllerAuthorizationTest.java:[45,6] org.springframework.boot.test.mock.mockito.MockBean in org.springframework.boot.test.mock.mockito has been deprecated and marked for removal
[WARNING] /Users/natarajan/Documents/Projects/ultra-bms/backend/src/test/java/com/ultrabms/controller/UserControllerAuthorizationTest.java:[45,6] org.springframework.boot.test.mock.mockito.MockBean in org.springframework.boot.test.mock.mockito has been deprecated and marked for removal
[WARNING] /Users/natarajan/Documents/Projects/ultra-bms/backend/src/test/java/com/ultrabms/controller/UserControllerAuthorizationTest.java:[45,6] org.springframework.boot.test.mock.mockito.MockBean in org.springframework.boot.test.mock.mockito has been deprecated and marked for removal
[WARNING] /Users/natarajan/Documents/Projects/ultra-bms/backend/src/test/java/com/ultrabms/controller/UserControllerAuthorizationTest.java:[45,6] org.springframework.boot.test.mock.mockito.MockBean in org.springframework.boot.test.mock.mockito has been deprecated and marked for removal
[WARNING] /Users/natarajan/Documents/Projects/ultra-bms/backend/src/test/java/com/ultrabms/controller/UserControllerAuthorizationTest.java:[48,6] org.springframework.boot.test.mock.mockito.MockBean in org.springframework.boot.test.mock.mockito has been deprecated and marked for removal
[WARNING] /Users/natarajan/Documents/Projects/ultra-bms/backend/src/test/java/com/ultrabms/controller/UserControllerAuthorizationTest.java:[48,6] org.springframework.boot.test.mock.mockito.MockBean in org.springframework.boot.test.mock.mockito has been deprecated and marked for removal
[WARNING] /Users/natarajan/Documents/Projects/ultra-bms/backend/src/test/java/com/ultrabms/controller/UserControllerAuthorizationTest.java:[48,6] org.springframework.boot.test.mock.mockito.MockBean in org.springframework.boot.test.mock.mockito has been deprecated and marked for removal
[WARNING] /Users/natarajan/Documents/Projects/ultra-bms/backend/src/test/java/com/ultrabms/controller/UserControllerAuthorizationTest.java:[48,6] org.springframework.boot.test.mock.mockito.MockBean in org.springframework.boot.test.mock.mockito has been deprecated and marked for removal
[WARNING] /Users/natarajan/Documents/Projects/ultra-bms/backend/src/test/java/com/ultrabms/controller/UserControllerAuthorizationTest.java:[48,6] org.springframework.boot.test.mock.mockito.MockBean in org.springframework.boot.test.mock.mockito has been deprecated and marked for removal
[WARNING] /Users/natarajan/Documents/Projects/ultra-bms/backend/src/test/java/com/ultrabms/controller/UserControllerAuthorizationTest.java:[51,6] org.springframework.boot.test.mock.mockito.MockBean in org.springframework.boot.test.mock.mockito has been deprecated and marked for removal
[WARNING] /Users/natarajan/Documents/Projects/ultra-bms/backend/src/test/java/com/ultrabms/controller/UserControllerAuthorizationTest.java:[51,6] org.springframework.boot.test.mock.mockito.MockBean in org.springframework.boot.test.mock.mockito has been deprecated and marked for removal
[WARNING] /Users/natarajan/Documents/Projects/ultra-bms/backend/src/test/java/com/ultrabms/controller/UserControllerAuthorizationTest.java:[51,6] org.springframework.boot.test.mock.mockito.MockBean in org.springframework.boot.test.mock.mockito has been deprecated and marked for removal
[WARNING] /Users/natarajan/Documents/Projects/ultra-bms/backend/src/test/java/com/ultrabms/controller/UserControllerAuthorizationTest.java:[51,6] org.springframework.boot.test.mock.mockito.MockBean in org.springframework.boot.test.mock.mockito has been deprecated and marked for removal
[WARNING] /Users/natarajan/Documents/Projects/ultra-bms/backend/src/test/java/com/ultrabms/controller/UserControllerAuthorizationTest.java:[51,6] org.springframework.boot.test.mock.mockito.MockBean in org.springframework.boot.test.mock.mockito has been deprecated and marked for removal
[WARNING] /Users/natarajan/Documents/Projects/ultra-bms/backend/src/test/java/com/ultrabms/controller/UserControllerAuthorizationTest.java:[54,6] org.springframework.boot.test.mock.mockito.MockBean in org.springframework.boot.test.mock.mockito has been deprecated and marked for removal
[WARNING] /Users/natarajan/Documents/Projects/ultra-bms/backend/src/test/java/com/ultrabms/controller/UserControllerAuthorizationTest.java:[54,6] org.springframework.boot.test.mock.mockito.MockBean in org.springframework.boot.test.mock.mockito has been deprecated and marked for removal
[WARNING] /Users/natarajan/Documents/Projects/ultra-bms/backend/src/test/java/com/ultrabms/controller/UserControllerAuthorizationTest.java:[54,6] org.springframework.boot.test.mock.mockito.MockBean in org.springframework.boot.test.mock.mockito has been deprecated and marked for removal
[WARNING] /Users/natarajan/Documents/Projects/ultra-bms/backend/src/test/java/com/ultrabms/controller/UserControllerAuthorizationTest.java:[54,6] org.springframework.boot.test.mock.mockito.MockBean in org.springframework.boot.test.mock.mockito has been deprecated and marked for removal
[WARNING] /Users/natarajan/Documents/Projects/ultra-bms/backend/src/test/java/com/ultrabms/controller/UserControllerAuthorizationTest.java:[54,6] org.springframework.boot.test.mock.mockito.MockBean in org.springframework.boot.test.mock.mockito has been deprecated and marked for removal
[INFO] 
[INFO] --- surefire:3.5.2:test (default-test) @ ultra-bms-backend ---
[INFO] Using auto detected provider org.apache.maven.surefire.junitplatform.JUnitPlatformProvider
[INFO] 
[INFO] -------------------------------------------------------
[INFO]  T E S T S
[INFO] -------------------------------------------------------
[INFO] Running com.ultrabms.validator.StrongPasswordValidatorTest
Mockito is currently self-attaching to enable the inline-mock-maker. This will no longer work in future releases of the JDK. Please add Mockito as an agent to your build what is described in Mockito's documentation: https://javadoc.io/doc/org.mockito/mockito-core/latest/org/mockito/Mockito.html#0.3
OpenJDK 64-Bit Server VM warning: Sharing is only supported for boot loader classes because bootstrap classpath has been appended
WARNING: A Java agent has been loaded dynamically (/Users/natarajan/.m2/repository/net/bytebuddy/byte-buddy-agent/1.15.10/byte-buddy-agent-1.15.10.jar)
WARNING: If a serviceability tool is in use, please run with -XX:+EnableDynamicAgentLoading to hide this warning
WARNING: If a serviceability tool is not in use, please run with -Djdk.instrument.traceUsage for more information
WARNING: Dynamic loading of agents will be disallowed by default in a future release
[INFO] Tests run: 21, Failures: 0, Errors: 0, Skipped: 0, Time elapsed: 0.975 s -- in com.ultrabms.validator.StrongPasswordValidatorTest
[INFO] Running com.ultrabms.security.JwtTokenProviderTest
19:05:48.142 [main] INFO com.ultrabms.security.JwtTokenProvider -- JwtTokenProvider initialized with access token expiration: 3600000ms, refresh token expiration: 604800000ms
19:05:48.376 [main] INFO com.ultrabms.security.JwtTokenProvider -- JwtTokenProvider initialized with access token expiration: 3600000ms, refresh token expiration: 604800000ms
19:05:48.376 [main] ERROR com.ultrabms.security.JwtTokenProvider -- JWT claims string is empty: CharSequence cannot be null or empty.
19:05:48.377 [main] INFO com.ultrabms.security.JwtTokenProvider -- JwtTokenProvider initialized with access token expiration: 3600000ms, refresh token expiration: 604800000ms
19:05:48.380 [main] INFO com.ultrabms.security.JwtTokenProvider -- JwtTokenProvider initialized with access token expiration: 3600000ms, refresh token expiration: 604800000ms
19:05:48.383 [main] INFO com.ultrabms.security.JwtTokenProvider -- JwtTokenProvider initialized with access token expiration: 3600000ms, refresh token expiration: 604800000ms
19:05:48.388 [main] INFO com.ultrabms.security.JwtTokenProvider -- JwtTokenProvider initialized with access token expiration: 3600000ms, refresh token expiration: 604800000ms
19:05:48.389 [main] INFO com.ultrabms.security.JwtTokenProvider -- JwtTokenProvider initialized with access token expiration: 3600000ms, refresh token expiration: 604800000ms
19:05:48.389 [main] ERROR com.ultrabms.security.JwtTokenProvider -- Invalid JWT signature: JWT signature does not match locally computed signature. JWT validity cannot be asserted and should not be trusted.
19:05:48.390 [main] INFO com.ultrabms.security.JwtTokenProvider -- JwtTokenProvider initialized with access token expiration: 3600000ms, refresh token expiration: 604800000ms
19:05:48.390 [main] INFO com.ultrabms.security.JwtTokenProvider -- JwtTokenProvider initialized with access token expiration: 1ms, refresh token expiration: 1ms
19:05:48.407 [main] INFO com.ultrabms.security.JwtTokenProvider -- JwtTokenProvider initialized with access token expiration: 3600000ms, refresh token expiration: 604800000ms
19:05:48.414 [main] INFO com.ultrabms.security.JwtTokenProvider -- JwtTokenProvider initialized with access token expiration: 3600000ms, refresh token expiration: 604800000ms
19:05:48.417 [main] INFO com.ultrabms.security.JwtTokenProvider -- JwtTokenProvider initialized with access token expiration: 3600000ms, refresh token expiration: 604800000ms
19:05:48.426 [main] INFO com.ultrabms.security.JwtTokenProvider -- JwtTokenProvider initialized with access token expiration: 3600000ms, refresh token expiration: 604800000ms
19:05:48.431 [main] INFO com.ultrabms.security.JwtTokenProvider -- JwtTokenProvider initialized with access token expiration: 3600000ms, refresh token expiration: 604800000ms
19:05:48.431 [main] INFO com.ultrabms.security.JwtTokenProvider -- JwtTokenProvider initialized with access token expiration: 3600000ms, refresh token expiration: 604800000ms
19:05:48.434 [main] INFO com.ultrabms.security.JwtTokenProvider -- JwtTokenProvider initialized with access token expiration: 3600000ms, refresh token expiration: 604800000ms
19:05:48.435 [main] INFO com.ultrabms.security.JwtTokenProvider -- JwtTokenProvider initialized with access token expiration: 3600000ms, refresh token expiration: 604800000ms
19:05:48.435 [main] ERROR com.ultrabms.security.JwtTokenProvider -- JWT claims string is empty: CharSequence cannot be null or empty.
19:05:48.436 [main] INFO com.ultrabms.security.JwtTokenProvider -- JwtTokenProvider initialized with access token expiration: 3600000ms, refresh token expiration: 604800000ms
19:05:48.439 [main] INFO com.ultrabms.security.JwtTokenProvider -- JwtTokenProvider initialized with access token expiration: 3600000ms, refresh token expiration: 604800000ms
19:05:49.446 [main] INFO com.ultrabms.security.JwtTokenProvider -- JwtTokenProvider initialized with access token expiration: 3600000ms, refresh token expiration: 604800000ms
19:05:49.447 [main] ERROR com.ultrabms.security.JwtTokenProvider -- Invalid JWT token: Malformed protected header JSON: Unable to deserialize: Unexpected character ('ï¿½' (code 65533 / 0xfffd)): expected a valid value (JSON String, Number, Array, Object or token 'null', 'true' or 'false')
 at [Source: REDACTED (`StreamReadFeature.INCLUDE_SOURCE_IN_LOCATION` disabled); line: 1, column: 1]
[INFO] Tests run: 18, Failures: 0, Errors: 0, Skipped: 0, Time elapsed: 1.382 s -- in com.ultrabms.security.JwtTokenProviderTest
[INFO] Running com.ultrabms.security.RolePermissionServiceTest
[INFO] Running com.ultrabms.security.RolePermissionServiceTest$EdgeCaseTests
[INFO] Tests run: 2, Failures: 0, Errors: 0, Skipped: 0, Time elapsed: 0.012 s -- in com.ultrabms.security.RolePermissionServiceTest$EdgeCaseTests
[INFO] Running com.ultrabms.security.RolePermissionServiceTest$PermissionQueryMethodsTests
[INFO] Tests run: 5, Failures: 0, Errors: 0, Skipped: 0, Time elapsed: 0.016 s -- in com.ultrabms.security.RolePermissionServiceTest$PermissionQueryMethodsTests
[INFO] Running com.ultrabms.security.RolePermissionServiceTest$VendorRoleTests
[INFO] Tests run: 3, Failures: 0, Errors: 0, Skipped: 0, Time elapsed: 0.003 s -- in com.ultrabms.security.RolePermissionServiceTest$VendorRoleTests
[INFO] Running com.ultrabms.security.RolePermissionServiceTest$TenantRoleTests
[INFO] Tests run: 3, Failures: 0, Errors: 0, Skipped: 0, Time elapsed: 0.005 s -- in com.ultrabms.security.RolePermissionServiceTest$TenantRoleTests
[INFO] Running com.ultrabms.security.RolePermissionServiceTest$FinanceManagerRoleTests
[INFO] Tests run: 4, Failures: 0, Errors: 0, Skipped: 0, Time elapsed: 0.008 s -- in com.ultrabms.security.RolePermissionServiceTest$FinanceManagerRoleTests
[INFO] Running com.ultrabms.security.RolePermissionServiceTest$MaintenanceSupervisorRoleTests
[INFO] Tests run: 4, Failures: 0, Errors: 0, Skipped: 0, Time elapsed: 0.010 s -- in com.ultrabms.security.RolePermissionServiceTest$MaintenanceSupervisorRoleTests
[INFO] Running com.ultrabms.security.RolePermissionServiceTest$PropertyManagerRoleTests
[INFO] Tests run: 6, Failures: 0, Errors: 0, Skipped: 0, Time elapsed: 0.007 s -- in com.ultrabms.security.RolePermissionServiceTest$PropertyManagerRoleTests
[INFO] Running com.ultrabms.security.RolePermissionServiceTest$SuperAdminRoleTests
[INFO] Tests run: 2, Failures: 0, Errors: 0, Skipped: 0, Time elapsed: 0.003 s -- in com.ultrabms.security.RolePermissionServiceTest$SuperAdminRoleTests
[INFO] Tests run: 0, Failures: 0, Errors: 0, Skipped: 0, Time elapsed: 0.080 s -- in com.ultrabms.security.RolePermissionServiceTest
[INFO] Running com.ultrabms.UltraBmsApplicationTests
19:05:49.623 [main] INFO org.springframework.test.context.support.AnnotationConfigContextLoaderUtils -- Could not detect default configuration classes for test class [com.ultrabms.UltraBmsApplicationTests]: UltraBmsApplicationTests does not declare any static, non-private, non-final, nested classes annotated with @Configuration.
19:05:49.705 [main] INFO org.springframework.boot.test.context.SpringBootTestContextBootstrapper -- Found @SpringBootConfiguration com.ultrabms.UltraBmsApplication for test class com.ultrabms.UltraBmsApplicationTests
19:05:48,118 |-INFO in ch.qos.logback.classic.LoggerContext[default] - This is logback-classic version 1.5.12
19:05:48,123 |-INFO in ch.qos.logback.classic.util.ContextInitializer@3ec9f8d - Here is a list of configurators discovered as a service, by rank: 
19:05:48,123 |-INFO in ch.qos.logback.classic.util.ContextInitializer@3ec9f8d -   org.springframework.boot.logging.logback.RootLogLevelConfigurator
19:05:48,123 |-INFO in ch.qos.logback.classic.util.ContextInitializer@3ec9f8d - They will be invoked in order until ExecutionStatus.DO_NOT_INVOKE_NEXT_IF_ANY is returned.
19:05:48,123 |-INFO in ch.qos.logback.classic.util.ContextInitializer@3ec9f8d - Constructed configurator of type class org.springframework.boot.logging.logback.RootLogLevelConfigurator
19:05:48,126 |-INFO in ch.qos.logback.classic.util.ContextInitializer@3ec9f8d - org.springframework.boot.logging.logback.RootLogLevelConfigurator.configure() call lasted 0 milliseconds. ExecutionStatus=INVOKE_NEXT_IF_ANY
19:05:48,126 |-INFO in ch.qos.logback.classic.util.ContextInitializer@3ec9f8d - Trying to configure with ch.qos.logback.classic.joran.SerializedModelConfigurator
19:05:48,127 |-INFO in ch.qos.logback.classic.util.ContextInitializer@3ec9f8d - Constructed configurator of type class ch.qos.logback.classic.joran.SerializedModelConfigurator
19:05:48,128 |-INFO in ch.qos.logback.classic.LoggerContext[default] - Could NOT find resource [logback-test.scmo]
19:05:48,128 |-INFO in ch.qos.logback.classic.LoggerContext[default] - Could NOT find resource [logback.scmo]
19:05:48,128 |-INFO in ch.qos.logback.classic.util.ContextInitializer@3ec9f8d - ch.qos.logback.classic.joran.SerializedModelConfigurator.configure() call lasted 1 milliseconds. ExecutionStatus=INVOKE_NEXT_IF_ANY
19:05:48,128 |-INFO in ch.qos.logback.classic.util.ContextInitializer@3ec9f8d - Trying to configure with ch.qos.logback.classic.util.DefaultJoranConfigurator
19:05:48,129 |-INFO in ch.qos.logback.classic.util.ContextInitializer@3ec9f8d - Constructed configurator of type class ch.qos.logback.classic.util.DefaultJoranConfigurator
19:05:48,129 |-INFO in ch.qos.logback.classic.LoggerContext[default] - Could NOT find resource [logback-test.xml]
19:05:48,129 |-INFO in ch.qos.logback.classic.LoggerContext[default] - Could NOT find resource [logback.xml]
19:05:48,129 |-INFO in ch.qos.logback.classic.util.ContextInitializer@3ec9f8d - ch.qos.logback.classic.util.DefaultJoranConfigurator.configure() call lasted 0 milliseconds. ExecutionStatus=INVOKE_NEXT_IF_ANY
19:05:48,129 |-INFO in ch.qos.logback.classic.util.ContextInitializer@3ec9f8d - Trying to configure with ch.qos.logback.classic.BasicConfigurator
19:05:48,130 |-INFO in ch.qos.logback.classic.util.ContextInitializer@3ec9f8d - Constructed configurator of type class ch.qos.logback.classic.BasicConfigurator
19:05:48,130 |-INFO in ch.qos.logback.classic.BasicConfigurator@7e0f9528 - Setting up default configuration.
19:05:48,135 |-INFO in ch.qos.logback.classic.util.ContextInitializer@3ec9f8d - ch.qos.logback.classic.BasicConfigurator.configure() call lasted 5 milliseconds. ExecutionStatus=NEUTRAL
19:05:50,205 |-INFO in ch.qos.logback.core.joran.util.ConfigurationWatchListUtil@5f56424d - Adding [jar:file:/Users/natarajan/.m2/repository/org/springframework/boot/spring-boot/3.4.0/spring-boot-3.4.0.jar!/org/springframework/boot/logging/logback/defaults.xml] to configuration watch list.
19:05:50,206 |-INFO in ConfigurationWatchList(mainURL=file:/Users/natarajan/Documents/Projects/ultra-bms/backend/target/classes/logback-spring.xml, fileWatchList={/Users/natarajan/Documents/Projects/ultra-bms/backend/target/classes/logback-spring.xml}, urlWatchList=[}) - Cannot watch [jar:file:/Users/natarajan/.m2/repository/org/springframework/boot/spring-boot/3.4.0/spring-boot-3.4.0.jar!/org/springframework/boot/logging/logback/defaults.xml] as its protocol is not one of file, http or https.
19:05:50,219 |-INFO in ch.qos.logback.core.model.processor.ConversionRuleModelHandler - registering conversion word applicationName with class [org.springframework.boot.logging.logback.ApplicationNameConverter]
19:05:50,219 |-INFO in ch.qos.logback.core.model.processor.ConversionRuleModelHandler - registering conversion word clr with class [org.springframework.boot.logging.logback.ColorConverter]
19:05:50,219 |-INFO in ch.qos.logback.core.model.processor.ConversionRuleModelHandler - registering conversion word correlationId with class [org.springframework.boot.logging.logback.CorrelationIdConverter]
19:05:50,219 |-INFO in ch.qos.logback.core.model.processor.ConversionRuleModelHandler - registering conversion word esb with class [org.springframework.boot.logging.logback.EnclosedInSquareBracketsConverter]
19:05:50,219 |-INFO in ch.qos.logback.core.model.processor.ConversionRuleModelHandler - registering conversion word wex with class [org.springframework.boot.logging.logback.WhitespaceThrowableProxyConverter]
19:05:50,219 |-INFO in ch.qos.logback.core.model.processor.ConversionRuleModelHandler - registering conversion word wEx with class [org.springframework.boot.logging.logback.ExtendedWhitespaceThrowableProxyConverter]
19:05:50,220 |-INFO in ch.qos.logback.core.model.processor.ModelInterpretationContext@4628a02b - value "%clr(%d{yyyy-MM-dd'T'HH:mm:ss.SSSXXX}){faint} %clr(%5p){} %clr(9932){magenta} %clr(--- %esb(){APPLICATION_NAME}%esb{APPLICATION_GROUP}[%15.15t] ){faint}%clr(%-40.40logger{39}){cyan} %clr(:){faint} %m%n%wEx" substituted for "${CONSOLE_LOG_PATTERN:-%clr(%d{${LOG_DATEFORMAT_PATTERN:-yyyy-MM-dd'T'HH:mm:ss.SSSXXX}}){faint} %clr(${LOG_LEVEL_PATTERN:-%5p}){} %clr(${PID:-}){magenta} %clr(--- %esb(){APPLICATION_NAME}%esb{APPLICATION_GROUP}[%15.15t] ${LOG_CORRELATION_PATTERN:-}){faint}%clr(%-40.40logger{39}){cyan} %clr(:){faint} %m%n${LOG_EXCEPTION_CONVERSION_WORD:-%wEx}}"
19:05:50,220 |-INFO in ch.qos.logback.core.model.processor.ModelInterpretationContext@4628a02b - value "UTF-8" substituted for "${CONSOLE_LOG_CHARSET:-${file.encoding:-UTF-8}}"
19:05:50,220 |-INFO in ch.qos.logback.core.model.processor.ModelInterpretationContext@4628a02b - value "TRACE" substituted for "${CONSOLE_LOG_THRESHOLD:-TRACE}"
19:05:50,220 |-INFO in ch.qos.logback.core.model.processor.ModelInterpretationContext@4628a02b - value "" substituted for "${CONSOLE_LOG_STRUCTURED_FORMAT:-}"
19:05:50,220 |-INFO in ch.qos.logback.core.model.processor.ModelInterpretationContext@4628a02b - value "%d{yyyy-MM-dd'T'HH:mm:ss.SSSXXX} %5p 9932 --- %esb(){APPLICATION_NAME}%esb{APPLICATION_GROUP}[%t] %-40.40logger{39} : %m%n%wEx" substituted for "${FILE_LOG_PATTERN:-%d{${LOG_DATEFORMAT_PATTERN:-yyyy-MM-dd'T'HH:mm:ss.SSSXXX}} ${LOG_LEVEL_PATTERN:-%5p} ${PID:-} --- %esb(){APPLICATION_NAME}%esb{APPLICATION_GROUP}[%t] ${LOG_CORRELATION_PATTERN:-}%-40.40logger{39} : %m%n${LOG_EXCEPTION_CONVERSION_WORD:-%wEx}}"
19:05:50,220 |-INFO in ch.qos.logback.core.model.processor.ModelInterpretationContext@4628a02b - value "UTF-8" substituted for "${FILE_LOG_CHARSET:-${file.encoding:-UTF-8}}"
19:05:50,220 |-INFO in ch.qos.logback.core.model.processor.ModelInterpretationContext@4628a02b - value "TRACE" substituted for "${FILE_LOG_THRESHOLD:-TRACE}"
19:05:50,220 |-INFO in ch.qos.logback.core.model.processor.ModelInterpretationContext@4628a02b - value "" substituted for "${FILE_LOG_STRUCTURED_FORMAT:-}"
19:05:50,223 |-INFO in ch.qos.logback.classic.model.processor.LoggerModelHandler - Setting level of logger [org.apache.catalina.startup.DigesterFactory] to ERROR
19:05:50,224 |-INFO in ch.qos.logback.classic.jul.LevelChangePropagator@2b01c689 - Propagating ERROR level on Logger[org.apache.catalina.startup.DigesterFactory] onto the JUL framework
19:05:50,224 |-INFO in ch.qos.logback.classic.model.processor.LoggerModelHandler - Setting level of logger [org.apache.catalina.util.LifecycleBase] to ERROR
19:05:50,224 |-INFO in ch.qos.logback.classic.jul.LevelChangePropagator@2b01c689 - Propagating ERROR level on Logger[org.apache.catalina.util.LifecycleBase] onto the JUL framework
19:05:50,224 |-INFO in ch.qos.logback.classic.model.processor.LoggerModelHandler - Setting level of logger [org.apache.coyote.http11.Http11NioProtocol] to WARN
19:05:50,224 |-INFO in ch.qos.logback.classic.jul.LevelChangePropagator@2b01c689 - Propagating WARN level on Logger[org.apache.coyote.http11.Http11NioProtocol] onto the JUL framework
19:05:50,224 |-INFO in ch.qos.logback.classic.model.processor.LoggerModelHandler - Setting level of logger [org.apache.sshd.common.util.SecurityUtils] to WARN
19:05:50,224 |-INFO in ch.qos.logback.classic.jul.LevelChangePropagator@2b01c689 - Propagating WARN level on Logger[org.apache.sshd.common.util.SecurityUtils] onto the JUL framework
19:05:50,224 |-INFO in ch.qos.logback.classic.model.processor.LoggerModelHandler - Setting level of logger [org.apache.tomcat.util.net.NioSelectorPool] to WARN
19:05:50,224 |-INFO in ch.qos.logback.classic.jul.LevelChangePropagator@2b01c689 - Propagating WARN level on Logger[org.apache.tomcat.util.net.NioSelectorPool] onto the JUL framework
19:05:50,224 |-INFO in ch.qos.logback.classic.model.processor.LoggerModelHandler - Setting level of logger [org.eclipse.jetty.util.component.AbstractLifeCycle] to ERROR
19:05:50,224 |-INFO in ch.qos.logback.classic.jul.LevelChangePropagator@2b01c689 - Propagating ERROR level on Logger[org.eclipse.jetty.util.component.AbstractLifeCycle] onto the JUL framework
19:05:50,224 |-INFO in ch.qos.logback.classic.model.processor.LoggerModelHandler - Setting level of logger [org.hibernate.validator.internal.util.Version] to WARN
19:05:50,224 |-INFO in ch.qos.logback.classic.jul.LevelChangePropagator@2b01c689 - Propagating WARN level on Logger[org.hibernate.validator.internal.util.Version] onto the JUL framework
19:05:50,224 |-INFO in ch.qos.logback.classic.model.processor.LoggerModelHandler - Setting level of logger [org.springframework.boot.actuate.endpoint.jmx] to WARN
19:05:50,224 |-INFO in ch.qos.logback.classic.jul.LevelChangePropagator@2b01c689 - Propagating WARN level on Logger[org.springframework.boot.actuate.endpoint.jmx] onto the JUL framework
19:05:50,225 |-INFO in ch.qos.logback.core.model.processor.AppenderModelHandler - Processing appender named [CONSOLE]
19:05:50,225 |-INFO in ch.qos.logback.core.model.processor.AppenderModelHandler - About to instantiate appender of type [ch.qos.logback.core.ConsoleAppender]
19:05:50,227 |-INFO in ch.qos.logback.core.model.processor.ImplicitModelHandler - Assuming default type [ch.qos.logback.classic.encoder.PatternLayoutEncoder] for [encoder] property
19:05:50,238 |-WARN in ch.qos.logback.core.model.processor.AppenderModelHandler - Appender named [FILE] not referenced. Skipping further processing.
19:05:50,238 |-INFO in ch.qos.logback.classic.model.processor.RootLoggerModelHandler - Setting level of ROOT logger to INFO
19:05:50,238 |-INFO in ch.qos.logback.classic.jul.LevelChangePropagator@2b01c689 - Propagating INFO level on Logger[ROOT] onto the JUL framework
19:05:50,238 |-INFO in ch.qos.logback.core.model.processor.AppenderRefModelHandler - Attaching appender named [CONSOLE] to Logger[ROOT]
19:05:50,238 |-INFO in ch.qos.logback.classic.model.processor.LoggerModelHandler - Setting level of logger [com.ultrabms] to DEBUG
19:05:50,238 |-INFO in ch.qos.logback.classic.jul.LevelChangePropagator@2b01c689 - Propagating DEBUG level on Logger[com.ultrabms] onto the JUL framework
19:05:50,239 |-INFO in ch.qos.logback.core.model.processor.DefaultProcessor@51424203 - End of configuration.
19:05:50,240 |-INFO in org.springframework.boot.logging.logback.SpringBootJoranConfigurator@7336fd8f - Registering current configuration as safe fallback point


  .   ____          _            __ _ _
 /\\ / ___'_ __ _ _(_)_ __  __ _ \ \ \ \
( ( )\___ | '_ | '_| | '_ \/ _` | \ \ \ \
 \\/  ___)| |_)| | | | | || (_| |  ) ) ) )
  '  |____| .__|_| |_|_| |_\__, | / / / /
 =========|_|==============|___/=/_/_/_/

 :: Spring Boot ::                (v3.4.0)

2025-11-14 19:05:52.958 [main] INFO  org.ehcache.core.EhcacheManager [correlationId=NONE] - Cache 'propertyCache' created in EhcacheManager.
2025-11-14 19:05:52.960 [main] INFO  org.ehcache.core.EhcacheManager [correlationId=NONE] - Cache 'sessionCache' created in EhcacheManager.
2025-11-14 19:05:52.961 [main] INFO  org.ehcache.core.EhcacheManager [correlationId=NONE] - Cache 'tenantCache' created in EhcacheManager.
2025-11-14 19:05:52.962 [main] INFO  org.ehcache.core.EhcacheManager [correlationId=NONE] - Cache 'userPermissions' created in EhcacheManager.
2025-11-14 19:05:52.962 [main] INFO  org.ehcache.core.EhcacheManager [correlationId=NONE] - Cache 'loginAttemptsCache' created in EhcacheManager.
2025-11-14 19:05:52.963 [main] INFO  org.ehcache.core.EhcacheManager [correlationId=NONE] - Cache 'lookupCache' created in EhcacheManager.
2025-11-14 19:05:52.964 [main] INFO  org.ehcache.core.EhcacheManager [correlationId=NONE] - Cache 'userCache' created in EhcacheManager.
2025-11-14 19:05:53.022 [main] INFO  o.ehcache.jsr107.Eh107CacheManager [correlationId=NONE] - Registering Ehcache MBean javax.cache:type=CacheConfiguration,CacheManager=file./Users/natarajan/Documents/Projects/ultra-bms/backend/target/classes/ehcache.xml,Cache=propertyCache
2025-11-14 19:05:53.023 [main] INFO  o.ehcache.jsr107.Eh107CacheManager [correlationId=NONE] - Registering Ehcache MBean javax.cache:type=CacheStatistics,CacheManager=file./Users/natarajan/Documents/Projects/ultra-bms/backend/target/classes/ehcache.xml,Cache=propertyCache
2025-11-14 19:05:53.024 [main] INFO  o.ehcache.jsr107.Eh107CacheManager [correlationId=NONE] - Registering Ehcache MBean javax.cache:type=CacheConfiguration,CacheManager=file./Users/natarajan/Documents/Projects/ultra-bms/backend/target/classes/ehcache.xml,Cache=sessionCache
2025-11-14 19:05:53.024 [main] INFO  o.ehcache.jsr107.Eh107CacheManager [correlationId=NONE] - Registering Ehcache MBean javax.cache:type=CacheStatistics,CacheManager=file./Users/natarajan/Documents/Projects/ultra-bms/backend/target/classes/ehcache.xml,Cache=sessionCache
2025-11-14 19:05:53.024 [main] INFO  o.ehcache.jsr107.Eh107CacheManager [correlationId=NONE] - Registering Ehcache MBean javax.cache:type=CacheConfiguration,CacheManager=file./Users/natarajan/Documents/Projects/ultra-bms/backend/target/classes/ehcache.xml,Cache=tenantCache
2025-11-14 19:05:53.024 [main] INFO  o.ehcache.jsr107.Eh107CacheManager [correlationId=NONE] - Registering Ehcache MBean javax.cache:type=CacheStatistics,CacheManager=file./Users/natarajan/Documents/Projects/ultra-bms/backend/target/classes/ehcache.xml,Cache=tenantCache
2025-11-14 19:05:53.024 [main] INFO  o.ehcache.jsr107.Eh107CacheManager [correlationId=NONE] - Registering Ehcache MBean javax.cache:type=CacheConfiguration,CacheManager=file./Users/natarajan/Documents/Projects/ultra-bms/backend/target/classes/ehcache.xml,Cache=userPermissions
2025-11-14 19:05:53.024 [main] INFO  o.ehcache.jsr107.Eh107CacheManager [correlationId=NONE] - Registering Ehcache MBean javax.cache:type=CacheStatistics,CacheManager=file./Users/natarajan/Documents/Projects/ultra-bms/backend/target/classes/ehcache.xml,Cache=userPermissions
2025-11-14 19:05:53.024 [main] INFO  o.ehcache.jsr107.Eh107CacheManager [correlationId=NONE] - Registering Ehcache MBean javax.cache:type=CacheConfiguration,CacheManager=file./Users/natarajan/Documents/Projects/ultra-bms/backend/target/classes/ehcache.xml,Cache=loginAttemptsCache
2025-11-14 19:05:53.024 [main] INFO  o.ehcache.jsr107.Eh107CacheManager [correlationId=NONE] - Registering Ehcache MBean javax.cache:type=CacheStatistics,CacheManager=file./Users/natarajan/Documents/Projects/ultra-bms/backend/target/classes/ehcache.xml,Cache=loginAttemptsCache
2025-11-14 19:05:53.025 [main] INFO  o.ehcache.jsr107.Eh107CacheManager [correlationId=NONE] - Registering Ehcache MBean javax.cache:type=CacheConfiguration,CacheManager=file./Users/natarajan/Documents/Projects/ultra-bms/backend/target/classes/ehcache.xml,Cache=lookupCache
2025-11-14 19:05:53.025 [main] INFO  o.ehcache.jsr107.Eh107CacheManager [correlationId=NONE] - Registering Ehcache MBean javax.cache:type=CacheStatistics,CacheManager=file./Users/natarajan/Documents/Projects/ultra-bms/backend/target/classes/ehcache.xml,Cache=lookupCache
2025-11-14 19:05:53.025 [main] INFO  o.ehcache.jsr107.Eh107CacheManager [correlationId=NONE] - Registering Ehcache MBean javax.cache:type=CacheConfiguration,CacheManager=file./Users/natarajan/Documents/Projects/ultra-bms/backend/target/classes/ehcache.xml,Cache=userCache
2025-11-14 19:05:53.025 [main] INFO  o.ehcache.jsr107.Eh107CacheManager [correlationId=NONE] - Registering Ehcache MBean javax.cache:type=CacheStatistics,CacheManager=file./Users/natarajan/Documents/Projects/ultra-bms/backend/target/classes/ehcache.xml,Cache=userCache
2025-11-14 19:05:53.126 [main] INFO  o.h.jpa.internal.util.LogHelper [correlationId=NONE] - HHH000204: Processing PersistenceUnitInfo [name: default]
2025-11-14 19:05:53.169 [main] INFO  org.hibernate.Version [correlationId=NONE] - HHH000412: Hibernate ORM core version 6.6.2.Final
2025-11-14 19:05:53.186 [main] INFO  o.h.c.i.RegionFactoryInitiator [correlationId=NONE] - HHH000026: Second-level cache disabled
2025-11-14 19:05:53.293 [main] INFO  com.zaxxer.hikari.HikariDataSource [correlationId=NONE] - HikariPool-1 - Starting...
2025-11-14 19:05:53.401 [main] INFO  com.zaxxer.hikari.pool.HikariPool [correlationId=NONE] - HikariPool-1 - Added connection conn0: url=jdbc:h2:mem:testdb user=SA
2025-11-14 19:05:53.402 [main] INFO  com.zaxxer.hikari.HikariDataSource [correlationId=NONE] - HikariPool-1 - Start completed.
2025-11-14 19:05:53.416 [main] WARN  org.hibernate.orm.deprecation [correlationId=NONE] - HHH90000025: H2Dialect does not need to be specified explicitly using 'hibernate.dialect' (remove the property setting and it will be selected by default)
2025-11-14 19:05:53.425 [main] INFO  o.hibernate.orm.connections.pooling [correlationId=NONE] - HHH10001005: Database info:
	Database JDBC URL [Connecting through datasource 'HikariDataSource (HikariPool-1)']
	Database driver: undefined/unknown
	Database version: 2.2.224
	Autocommit mode: undefined/unknown
	Isolation level: undefined/unknown
	Minimum pool size: undefined/unknown
	Maximum pool size: undefined/unknown
2025-11-14 19:05:54.203 [main] INFO  o.h.e.t.j.p.i.JtaPlatformInitiator [correlationId=NONE] - HHH000489: No JTA platform available (set 'hibernate.transaction.jta.platform' to enable JTA platform integration)
2025-11-14 19:05:55.539 [main] WARN  o.s.b.a.o.j.JpaBaseConfiguration$JpaWebConfiguration [correlationId=NONE] - spring.jpa.open-in-view is enabled by default. Therefore, database queries may be performed during view rendering. Explicitly configure spring.jpa.open-in-view to disable this warning
2025-11-14 19:05:55.636 [main] WARN  o.s.s.c.a.a.c.InitializeUserDetailsBeanManagerConfigurer$InitializeUserDetailsManagerConfigurer [correlationId=NONE] - Global AuthenticationManager configured with an AuthenticationProvider bean. UserDetailsService beans will not be used by Spring Security for automatically configuring username/password login. Consider removing the AuthenticationProvider bean. Alternatively, consider using the UserDetailsService in a manually instantiated DaoAuthenticationProvider. If the current configuration is intentional, to turn off this warning, increase the logging level of 'org.springframework.security.config.annotation.authentication.configuration.InitializeUserDetailsBeanManagerConfigurer' to ERROR
[INFO] Tests run: 1, Failures: 0, Errors: 0, Skipped: 0, Time elapsed: 7.444 s -- in com.ultrabms.UltraBmsApplicationTests
[INFO] Running com.ultrabms.controller.AuthControllerTest

  .   ____          _            __ _ _
 /\\ / ___'_ __ _ _(_)_ __  __ _ \ \ \ \
( ( )\___ | '_ | '_| | '_ \/ _` | \ \ \ \
 \\/  ___)| |_)| | | | | || (_| |  ) ) ) )
  '  |____| .__|_| |_|_| |_\__, | / / / /
 =========|_|==============|___/=/_/_/_/

 :: Spring Boot ::                (v3.4.0)

2025-11-14 19:05:57.939 [main] INFO  o.h.jpa.internal.util.LogHelper [correlationId=NONE] - HHH000204: Processing PersistenceUnitInfo [name: default]
2025-11-14 19:05:57.941 [main] INFO  o.h.c.i.RegionFactoryInitiator [correlationId=NONE] - HHH000026: Second-level cache disabled
2025-11-14 19:05:57.948 [main] INFO  com.zaxxer.hikari.HikariDataSource [correlationId=NONE] - HikariPool-2 - Starting...
2025-11-14 19:05:57.949 [main] INFO  com.zaxxer.hikari.pool.HikariPool [correlationId=NONE] - HikariPool-2 - Added connection conn10: url=jdbc:h2:mem:testdb user=SA
2025-11-14 19:05:57.950 [main] INFO  com.zaxxer.hikari.HikariDataSource [correlationId=NONE] - HikariPool-2 - Start completed.
2025-11-14 19:05:57.950 [main] WARN  org.hibernate.orm.deprecation [correlationId=NONE] - HHH90000025: H2Dialect does not need to be specified explicitly using 'hibernate.dialect' (remove the property setting and it will be selected by default)
2025-11-14 19:05:57.950 [main] INFO  o.hibernate.orm.connections.pooling [correlationId=NONE] - HHH10001005: Database info:
	Database JDBC URL [Connecting through datasource 'HikariDataSource (HikariPool-2)']
	Database driver: undefined/unknown
	Database version: 2.2.224
	Autocommit mode: undefined/unknown
	Isolation level: undefined/unknown
	Minimum pool size: undefined/unknown
	Maximum pool size: undefined/unknown
2025-11-14 19:05:58.082 [main] INFO  o.h.e.t.j.p.i.JtaPlatformInitiator [correlationId=NONE] - HHH000489: No JTA platform available (set 'hibernate.transaction.jta.platform' to enable JTA platform integration)
2025-11-14 19:05:58.381 [main] WARN  o.s.b.a.o.j.JpaBaseConfiguration$JpaWebConfiguration [correlationId=NONE] - spring.jpa.open-in-view is enabled by default. Therefore, database queries may be performed during view rendering. Explicitly configure spring.jpa.open-in-view to disable this warning
2025-11-14 19:05:58.413 [main] WARN  o.s.s.c.a.a.c.InitializeUserDetailsBeanManagerConfigurer$InitializeUserDetailsManagerConfigurer [correlationId=NONE] - Global AuthenticationManager configured with an AuthenticationProvider bean. UserDetailsService beans will not be used by Spring Security for automatically configuring username/password login. Consider removing the AuthenticationProvider bean. Alternatively, consider using the UserDetailsService in a manually instantiated DaoAuthenticationProvider. If the current configuration is intentional, to turn off this warning, increase the logging level of 'org.springframework.security.config.annotation.authentication.configuration.InitializeUserDetailsBeanManagerConfigurer' to ERROR

MockHttpServletRequest:
      HTTP Method = POST
      Request URI = /api/v1/auth/register
       Parameters = {}
          Headers = [Content-Type:"application/json", Content-Length:"145"]
             Body = <no character encoding set>
    Session Attrs = {}

Handler:
             Type = com.ultrabms.controller.AuthController
           Method = com.ultrabms.controller.AuthController#register(RegisterRequest, HttpServletRequest)

Async:
    Async started = false
     Async result = null

Resolved Exception:
             Type = null

ModelAndView:
        View name = null
             View = null
            Model = null

FlashMap:
       Attributes = null

MockHttpServletResponse:
           Status = 201
    Error message = null
          Headers = [Vary:"Origin", "Access-Control-Request-Method", "Access-Control-Request-Headers"]
     Content type = null
             Body = 
    Forwarded URL = null
   Redirected URL = null
          Cookies = []

MockHttpServletRequest:
      HTTP Method = POST
      Request URI = /api/v1/auth/register
       Parameters = {}
          Headers = [Content-Type:"application/json", Content-Length:"135"]
             Body = <no character encoding set>
    Session Attrs = {}

Handler:
             Type = com.ultrabms.controller.AuthController
           Method = com.ultrabms.controller.AuthController#register(RegisterRequest, HttpServletRequest)

Async:
    Async started = false
     Async result = null

Resolved Exception:
             Type = null

ModelAndView:
        View name = null
             View = null
            Model = null

FlashMap:
       Attributes = null

MockHttpServletResponse:
           Status = 201
    Error message = null
          Headers = [Vary:"Origin", "Access-Control-Request-Method", "Access-Control-Request-Headers"]
     Content type = null
             Body = 
    Forwarded URL = null
   Redirected URL = null
          Cookies = []

MockHttpServletRequest:
      HTTP Method = POST
      Request URI = /api/v1/auth/register
       Parameters = {}
          Headers = [Content-Type:"application/json", Content-Length:"145"]
             Body = <no character encoding set>
    Session Attrs = {}

Handler:
             Type = com.ultrabms.controller.AuthController
           Method = com.ultrabms.controller.AuthController#register(RegisterRequest, HttpServletRequest)

Async:
    Async started = false
     Async result = null

Resolved Exception:
             Type = null

ModelAndView:
        View name = null
             View = null
            Model = null

FlashMap:
       Attributes = null

MockHttpServletResponse:
           Status = 201
    Error message = null
          Headers = [Vary:"Origin", "Access-Control-Request-Method", "Access-Control-Request-Headers"]
     Content type = null
             Body = 
    Forwarded URL = null
   Redirected URL = null
          Cookies = []

MockHttpServletRequest:
      HTTP Method = POST
      Request URI = /api/v1/auth/refresh
       Parameters = {}
          Headers = [Content-Type:"application/json", Content-Length:"38"]
             Body = <no character encoding set>
    Session Attrs = {}

Handler:
             Type = com.ultrabms.controller.AuthController
           Method = com.ultrabms.controller.AuthController#refreshToken(RefreshTokenRequest, HttpServletRequest)

Async:
    Async started = false
     Async result = null

Resolved Exception:
             Type = null

ModelAndView:
        View name = null
             View = null
            Model = null

FlashMap:
       Attributes = null

MockHttpServletResponse:
           Status = 200
    Error message = null
          Headers = [Vary:"Origin", "Access-Control-Request-Method", "Access-Control-Request-Headers"]
     Content type = null
             Body = 
    Forwarded URL = null
   Redirected URL = null
          Cookies = []
2025-11-14 19:05:59.478 [main] ERROR c.u.exception.GlobalExceptionHandler [correlationId=NONE] - Unhandled exception [requestId=cbb84d7a-fa3d-4cb4-b6ca-0265a3120bea]: Cannot invoke "com.ultrabms.dto.LoginResponse.refreshToken()" because "response" is null
java.lang.NullPointerException: Cannot invoke "com.ultrabms.dto.LoginResponse.refreshToken()" because "response" is null
	at com.ultrabms.controller.AuthController.login(AuthController.java:100)
	at java.base/jdk.internal.reflect.DirectMethodHandleAccessor.invoke(DirectMethodHandleAccessor.java:103)
	at java.base/java.lang.reflect.Method.invoke(Method.java:580)
	at org.springframework.web.method.support.InvocableHandlerMethod.doInvoke(InvocableHandlerMethod.java:255)
	at org.springframework.web.method.support.InvocableHandlerMethod.invokeForRequest(InvocableHandlerMethod.java:188)
	at org.springframework.web.servlet.mvc.method.annotation.ServletInvocableHandlerMethod.invokeAndHandle(ServletInvocableHandlerMethod.java:118)
	at org.springframework.web.servlet.mvc.method.annotation.RequestMappingHandlerAdapter.invokeHandlerMethod(RequestMappingHandlerAdapter.java:986)
	at org.springframework.web.servlet.mvc.method.annotation.RequestMappingHandlerAdapter.handleInternal(RequestMappingHandlerAdapter.java:891)
	at org.springframework.web.servlet.mvc.method.AbstractHandlerMethodAdapter.handle(AbstractHandlerMethodAdapter.java:87)
	at org.springframework.web.servlet.DispatcherServlet.doDispatch(DispatcherServlet.java:1088)
	at org.springframework.web.servlet.DispatcherServlet.doService(DispatcherServlet.java:978)
	at org.springframework.web.servlet.FrameworkServlet.processRequest(FrameworkServlet.java:1014)
	at org.springframework.web.servlet.FrameworkServlet.doPost(FrameworkServlet.java:914)
	at jakarta.servlet.http.HttpServlet.service(HttpServlet.java:590)
	at org.springframework.web.servlet.FrameworkServlet.service(FrameworkServlet.java:885)
	at org.springframework.test.web.servlet.TestDispatcherServlet.service(TestDispatcherServlet.java:72)
	at jakarta.servlet.http.HttpServlet.service(HttpServlet.java:658)
	at org.springframework.mock.web.MockFilterChain$ServletFilterProxy.doFilter(MockFilterChain.java:165)
	at org.springframework.mock.web.MockFilterChain.doFilter(MockFilterChain.java:132)
	at org.springframework.test.web.servlet.MockMvc.perform(MockMvc.java:201)
	at com.ultrabms.controller.AuthControllerTest.loginShouldExtractIpFromForwardedHeader(AuthControllerTest.java:312)
	at java.base/jdk.internal.reflect.DirectMethodHandleAccessor.invoke(DirectMethodHandleAccessor.java:103)
	at java.base/java.lang.reflect.Method.invoke(Method.java:580)
	at org.junit.platform.commons.util.ReflectionUtils.invokeMethod(ReflectionUtils.java:767)
	at org.junit.jupiter.engine.execution.MethodInvocation.proceed(MethodInvocation.java:60)
	at org.junit.jupiter.engine.execution.InvocationInterceptorChain$ValidatingInvocation.proceed(InvocationInterceptorChain.java:131)
	at org.junit.jupiter.engine.extension.TimeoutExtension.intercept(TimeoutExtension.java:156)
	at org.junit.jupiter.engine.extension.TimeoutExtension.interceptTestableMethod(TimeoutExtension.java:147)
	at org.junit.jupiter.engine.extension.TimeoutExtension.interceptTestMethod(TimeoutExtension.java:86)
	at org.junit.jupiter.engine.execution.InterceptingExecutableInvoker$ReflectiveInterceptorCall.lambda$ofVoidMethod$0(InterceptingExecutableInvoker.java:103)
	at org.junit.jupiter.engine.execution.InterceptingExecutableInvoker.lambda$invoke$0(InterceptingExecutableInvoker.java:93)
	at org.junit.jupiter.engine.execution.InvocationInterceptorChain$InterceptedInvocation.proceed(InvocationInterceptorChain.java:106)
	at org.junit.jupiter.engine.execution.InvocationInterceptorChain.proceed(InvocationInterceptorChain.java:64)
	at org.junit.jupiter.engine.execution.InvocationInterceptorChain.chainAndInvoke(InvocationInterceptorChain.java:45)
	at org.junit.jupiter.engine.execution.InvocationInterceptorChain.invoke(InvocationInterceptorChain.java:37)
	at org.junit.jupiter.engine.execution.InterceptingExecutableInvoker.invoke(InterceptingExecutableInvoker.java:92)
	at org.junit.jupiter.engine.execution.InterceptingExecutableInvoker.invoke(InterceptingExecutableInvoker.java:86)
	at org.junit.jupiter.engine.descriptor.TestMethodTestDescriptor.lambda$invokeTestMethod$8(TestMethodTestDescriptor.java:217)
	at org.junit.platform.engine.support.hierarchical.ThrowableCollector.execute(ThrowableCollector.java:73)
	at org.junit.jupiter.engine.descriptor.TestMethodTestDescriptor.invokeTestMethod(TestMethodTestDescriptor.java:213)
	at org.junit.jupiter.engine.descriptor.TestMethodTestDescriptor.execute(TestMethodTestDescriptor.java:138)
	at org.junit.jupiter.engine.descriptor.TestMethodTestDescriptor.execute(TestMethodTestDescriptor.java:68)
	at org.junit.platform.engine.support.hierarchical.NodeTestTask.lambda$executeRecursively$6(NodeTestTask.java:156)
	at org.junit.platform.engine.support.hierarchical.ThrowableCollector.execute(ThrowableCollector.java:73)
	at org.junit.platform.engine.support.hierarchical.NodeTestTask.lambda$executeRecursively$8(NodeTestTask.java:146)
	at org.junit.platform.engine.support.hierarchical.Node.around(Node.java:137)
	at org.junit.platform.engine.support.hierarchical.NodeTestTask.lambda$executeRecursively$9(NodeTestTask.java:144)
	at org.junit.platform.engine.support.hierarchical.ThrowableCollector.execute(ThrowableCollector.java:73)
	at org.junit.platform.engine.support.hierarchical.NodeTestTask.executeRecursively(NodeTestTask.java:143)
	at org.junit.platform.engine.support.hierarchical.NodeTestTask.execute(NodeTestTask.java:100)
	at java.base/java.util.ArrayList.forEach(ArrayList.java:1596)
	at org.junit.platform.engine.support.hierarchical.SameThreadHierarchicalTestExecutorService.invokeAll(SameThreadHierarchicalTestExecutorService.java:41)
	at org.junit.platform.engine.support.hierarchical.NodeTestTask.lambda$executeRecursively$6(NodeTestTask.java:160)
	at org.junit.platform.engine.support.hierarchical.ThrowableCollector.execute(ThrowableCollector.java:73)
	at org.junit.platform.engine.support.hierarchical.NodeTestTask.lambda$executeRecursively$8(NodeTestTask.java:146)
	at org.junit.platform.engine.support.hierarchical.Node.around(Node.java:137)
	at org.junit.platform.engine.support.hierarchical.NodeTestTask.lambda$executeRecursively$9(NodeTestTask.java:144)
	at org.junit.platform.engine.support.hierarchical.ThrowableCollector.execute(ThrowableCollector.java:73)
	at org.junit.platform.engine.support.hierarchical.NodeTestTask.executeRecursively(NodeTestTask.java:143)
	at org.junit.platform.engine.support.hierarchical.NodeTestTask.execute(NodeTestTask.java:100)
	at java.base/java.util.ArrayList.forEach(ArrayList.java:1596)
	at org.junit.platform.engine.support.hierarchical.SameThreadHierarchicalTestExecutorService.invokeAll(SameThreadHierarchicalTestExecutorService.java:41)
	at org.junit.platform.engine.support.hierarchical.NodeTestTask.lambda$executeRecursively$6(NodeTestTask.java:160)
	at org.junit.platform.engine.support.hierarchical.ThrowableCollector.execute(ThrowableCollector.java:73)
	at org.junit.platform.engine.support.hierarchical.NodeTestTask.lambda$executeRecursively$8(NodeTestTask.java:146)
	at org.junit.platform.engine.support.hierarchical.Node.around(Node.java:137)
	at org.junit.platform.engine.support.hierarchical.NodeTestTask.lambda$executeRecursively$9(NodeTestTask.java:144)
	at org.junit.platform.engine.support.hierarchical.ThrowableCollector.execute(ThrowableCollector.java:73)
	at org.junit.platform.engine.support.hierarchical.NodeTestTask.executeRecursively(NodeTestTask.java:143)
	at org.junit.platform.engine.support.hierarchical.NodeTestTask.execute(NodeTestTask.java:100)
	at org.junit.platform.engine.support.hierarchical.SameThreadHierarchicalTestExecutorService.submit(SameThreadHierarchicalTestExecutorService.java:35)
	at org.junit.platform.engine.support.hierarchical.HierarchicalTestExecutor.execute(HierarchicalTestExecutor.java:57)
	at org.junit.platform.engine.support.hierarchical.HierarchicalTestEngine.execute(HierarchicalTestEngine.java:54)
	at org.junit.platform.launcher.core.EngineExecutionOrchestrator.execute(EngineExecutionOrchestrator.java:198)
	at org.junit.platform.launcher.core.EngineExecutionOrchestrator.execute(EngineExecutionOrchestrator.java:169)
	at org.junit.platform.launcher.core.EngineExecutionOrchestrator.execute(EngineExecutionOrchestrator.java:93)
	at org.junit.platform.launcher.core.EngineExecutionOrchestrator.lambda$execute$0(EngineExecutionOrchestrator.java:58)
	at org.junit.platform.launcher.core.EngineExecutionOrchestrator.withInterceptedStreams(EngineExecutionOrchestrator.java:141)
	at org.junit.platform.launcher.core.EngineExecutionOrchestrator.execute(EngineExecutionOrchestrator.java:57)
	at org.junit.platform.launcher.core.DefaultLauncher.execute(DefaultLauncher.java:103)
	at org.junit.platform.launcher.core.DefaultLauncher.execute(DefaultLauncher.java:85)
	at org.junit.platform.launcher.core.DelegatingLauncher.execute(DelegatingLauncher.java:47)
	at org.apache.maven.surefire.junitplatform.LazyLauncher.execute(LazyLauncher.java:56)
	at org.apache.maven.surefire.junitplatform.JUnitPlatformProvider.execute(JUnitPlatformProvider.java:184)
	at org.apache.maven.surefire.junitplatform.JUnitPlatformProvider.invokeAllTests(JUnitPlatformProvider.java:148)
	at org.apache.maven.surefire.junitplatform.JUnitPlatformProvider.invoke(JUnitPlatformProvider.java:122)
	at org.apache.maven.surefire.booter.ForkedBooter.runSuitesInProcess(ForkedBooter.java:385)
	at org.apache.maven.surefire.booter.ForkedBooter.execute(ForkedBooter.java:162)
	at org.apache.maven.surefire.booter.ForkedBooter.run(ForkedBooter.java:507)
	at org.apache.maven.surefire.booter.ForkedBooter.main(ForkedBooter.java:495)

MockHttpServletRequest:
      HTTP Method = POST
      Request URI = /api/v1/auth/login
       Parameters = {}
          Headers = [Content-Type:"application/json", X-Forwarded-For:"203.0.113.1, 198.51.100.1", Content-Length:"54"]
             Body = <no character encoding set>
    Session Attrs = {}

Handler:
             Type = com.ultrabms.controller.AuthController
           Method = com.ultrabms.controller.AuthController#login(LoginRequest, HttpServletRequest, HttpServletResponse)

Async:
    Async started = false
     Async result = null

Resolved Exception:
             Type = java.lang.NullPointerException

ModelAndView:
        View name = null
             View = null
            Model = null

FlashMap:
       Attributes = null

MockHttpServletResponse:
           Status = 500
    Error message = null
          Headers = [Vary:"Origin", "Access-Control-Request-Method", "Access-Control-Request-Headers", Content-Type:"application/json"]
     Content type = application/json
             Body = {"timestamp":"2025-11-14T19:05:59Z","status":500,"error":"Internal Server Error","message":"An unexpected error occurred. Please contact support with request ID: cbb84d7a-fa3d-4cb4-b6ca-0265a3120bea","path":"/api/v1/auth/login","requestId":"cbb84d7a-fa3d-4cb4-b6ca-0265a3120bea","errors":null}
    Forwarded URL = null
   Redirected URL = null
          Cookies = []
2025-11-14 19:05:59.496 [main] ERROR c.u.exception.GlobalExceptionHandler [correlationId=NONE] - Unhandled exception [requestId=fb71747c-4c2b-427e-9df0-85390c44cdee]: Cannot invoke "com.ultrabms.dto.LoginResponse.refreshToken()" because "response" is null
java.lang.NullPointerException: Cannot invoke "com.ultrabms.dto.LoginResponse.refreshToken()" because "response" is null
	at com.ultrabms.controller.AuthController.login(AuthController.java:100)
	at java.base/jdk.internal.reflect.DirectMethodHandleAccessor.invoke(DirectMethodHandleAccessor.java:103)
	at java.base/java.lang.reflect.Method.invoke(Method.java:580)
	at org.springframework.web.method.support.InvocableHandlerMethod.doInvoke(InvocableHandlerMethod.java:255)
	at org.springframework.web.method.support.InvocableHandlerMethod.invokeForRequest(InvocableHandlerMethod.java:188)
	at org.springframework.web.servlet.mvc.method.annotation.ServletInvocableHandlerMethod.invokeAndHandle(ServletInvocableHandlerMethod.java:118)
	at org.springframework.web.servlet.mvc.method.annotation.RequestMappingHandlerAdapter.invokeHandlerMethod(RequestMappingHandlerAdapter.java:986)
	at org.springframework.web.servlet.mvc.method.annotation.RequestMappingHandlerAdapter.handleInternal(RequestMappingHandlerAdapter.java:891)
	at org.springframework.web.servlet.mvc.method.AbstractHandlerMethodAdapter.handle(AbstractHandlerMethodAdapter.java:87)
	at org.springframework.web.servlet.DispatcherServlet.doDispatch(DispatcherServlet.java:1088)
	at org.springframework.web.servlet.DispatcherServlet.doService(DispatcherServlet.java:978)
	at org.springframework.web.servlet.FrameworkServlet.processRequest(FrameworkServlet.java:1014)
	at org.springframework.web.servlet.FrameworkServlet.doPost(FrameworkServlet.java:914)
	at jakarta.servlet.http.HttpServlet.service(HttpServlet.java:590)
	at org.springframework.web.servlet.FrameworkServlet.service(FrameworkServlet.java:885)
	at org.springframework.test.web.servlet.TestDispatcherServlet.service(TestDispatcherServlet.java:72)
	at jakarta.servlet.http.HttpServlet.service(HttpServlet.java:658)
	at org.springframework.mock.web.MockFilterChain$ServletFilterProxy.doFilter(MockFilterChain.java:165)
	at org.springframework.mock.web.MockFilterChain.doFilter(MockFilterChain.java:132)
	at org.springframework.test.web.servlet.MockMvc.perform(MockMvc.java:201)
	at com.ultrabms.controller.AuthControllerTest.authEndpointsShouldBePubliclyAccessible(AuthControllerTest.java:483)
	at java.base/jdk.internal.reflect.DirectMethodHandleAccessor.invoke(DirectMethodHandleAccessor.java:103)
	at java.base/java.lang.reflect.Method.invoke(Method.java:580)
	at org.junit.platform.commons.util.ReflectionUtils.invokeMethod(ReflectionUtils.java:767)
	at org.junit.jupiter.engine.execution.MethodInvocation.proceed(MethodInvocation.java:60)
	at org.junit.jupiter.engine.execution.InvocationInterceptorChain$ValidatingInvocation.proceed(InvocationInterceptorChain.java:131)
	at org.junit.jupiter.engine.extension.TimeoutExtension.intercept(TimeoutExtension.java:156)
	at org.junit.jupiter.engine.extension.TimeoutExtension.interceptTestableMethod(TimeoutExtension.java:147)
	at org.junit.jupiter.engine.extension.TimeoutExtension.interceptTestMethod(TimeoutExtension.java:86)
	at org.junit.jupiter.engine.execution.InterceptingExecutableInvoker$ReflectiveInterceptorCall.lambda$ofVoidMethod$0(InterceptingExecutableInvoker.java:103)
	at org.junit.jupiter.engine.execution.InterceptingExecutableInvoker.lambda$invoke$0(InterceptingExecutableInvoker.java:93)
	at org.junit.jupiter.engine.execution.InvocationInterceptorChain$InterceptedInvocation.proceed(InvocationInterceptorChain.java:106)
	at org.junit.jupiter.engine.execution.InvocationInterceptorChain.proceed(InvocationInterceptorChain.java:64)
	at org.junit.jupiter.engine.execution.InvocationInterceptorChain.chainAndInvoke(InvocationInterceptorChain.java:45)
	at org.junit.jupiter.engine.execution.InvocationInterceptorChain.invoke(InvocationInterceptorChain.java:37)
	at org.junit.jupiter.engine.execution.InterceptingExecutableInvoker.invoke(InterceptingExecutableInvoker.java:92)
	at org.junit.jupiter.engine.execution.InterceptingExecutableInvoker.invoke(InterceptingExecutableInvoker.java:86)
	at org.junit.jupiter.engine.descriptor.TestMethodTestDescriptor.lambda$invokeTestMethod$8(TestMethodTestDescriptor.java:217)
	at org.junit.platform.engine.support.hierarchical.ThrowableCollector.execute(ThrowableCollector.java:73)
	at org.junit.jupiter.engine.descriptor.TestMethodTestDescriptor.invokeTestMethod(TestMethodTestDescriptor.java:213)
	at org.junit.jupiter.engine.descriptor.TestMethodTestDescriptor.execute(TestMethodTestDescriptor.java:138)
	at org.junit.jupiter.engine.descriptor.TestMethodTestDescriptor.execute(TestMethodTestDescriptor.java:68)
	at org.junit.platform.engine.support.hierarchical.NodeTestTask.lambda$executeRecursively$6(NodeTestTask.java:156)
	at org.junit.platform.engine.support.hierarchical.ThrowableCollector.execute(ThrowableCollector.java:73)
	at org.junit.platform.engine.support.hierarchical.NodeTestTask.lambda$executeRecursively$8(NodeTestTask.java:146)
	at org.junit.platform.engine.support.hierarchical.Node.around(Node.java:137)
	at org.junit.platform.engine.support.hierarchical.NodeTestTask.lambda$executeRecursively$9(NodeTestTask.java:144)
	at org.junit.platform.engine.support.hierarchical.ThrowableCollector.execute(ThrowableCollector.java:73)
	at org.junit.platform.engine.support.hierarchical.NodeTestTask.executeRecursively(NodeTestTask.java:143)
	at org.junit.platform.engine.support.hierarchical.NodeTestTask.execute(NodeTestTask.java:100)
	at java.base/java.util.ArrayList.forEach(ArrayList.java:1596)
	at org.junit.platform.engine.support.hierarchical.SameThreadHierarchicalTestExecutorService.invokeAll(SameThreadHierarchicalTestExecutorService.java:41)
	at org.junit.platform.engine.support.hierarchical.NodeTestTask.lambda$executeRecursively$6(NodeTestTask.java:160)
	at org.junit.platform.engine.support.hierarchical.ThrowableCollector.execute(ThrowableCollector.java:73)
	at org.junit.platform.engine.support.hierarchical.NodeTestTask.lambda$executeRecursively$8(NodeTestTask.java:146)
	at org.junit.platform.engine.support.hierarchical.Node.around(Node.java:137)
	at org.junit.platform.engine.support.hierarchical.NodeTestTask.lambda$executeRecursively$9(NodeTestTask.java:144)
	at org.junit.platform.engine.support.hierarchical.ThrowableCollector.execute(ThrowableCollector.java:73)
	at org.junit.platform.engine.support.hierarchical.NodeTestTask.executeRecursively(NodeTestTask.java:143)
	at org.junit.platform.engine.support.hierarchical.NodeTestTask.execute(NodeTestTask.java:100)
	at java.base/java.util.ArrayList.forEach(ArrayList.java:1596)
	at org.junit.platform.engine.support.hierarchical.SameThreadHierarchicalTestExecutorService.invokeAll(SameThreadHierarchicalTestExecutorService.java:41)
	at org.junit.platform.engine.support.hierarchical.NodeTestTask.lambda$executeRecursively$6(NodeTestTask.java:160)
	at org.junit.platform.engine.support.hierarchical.ThrowableCollector.execute(ThrowableCollector.java:73)
	at org.junit.platform.engine.support.hierarchical.NodeTestTask.lambda$executeRecursively$8(NodeTestTask.java:146)
	at org.junit.platform.engine.support.hierarchical.Node.around(Node.java:137)
	at org.junit.platform.engine.support.hierarchical.NodeTestTask.lambda$executeRecursively$9(NodeTestTask.java:144)
	at org.junit.platform.engine.support.hierarchical.ThrowableCollector.execute(ThrowableCollector.java:73)
	at org.junit.platform.engine.support.hierarchical.NodeTestTask.executeRecursively(NodeTestTask.java:143)
	at org.junit.platform.engine.support.hierarchical.NodeTestTask.execute(NodeTestTask.java:100)
	at org.junit.platform.engine.support.hierarchical.SameThreadHierarchicalTestExecutorService.submit(SameThreadHierarchicalTestExecutorService.java:35)
	at org.junit.platform.engine.support.hierarchical.HierarchicalTestExecutor.execute(HierarchicalTestExecutor.java:57)
	at org.junit.platform.engine.support.hierarchical.HierarchicalTestEngine.execute(HierarchicalTestEngine.java:54)
	at org.junit.platform.launcher.core.EngineExecutionOrchestrator.execute(EngineExecutionOrchestrator.java:198)
	at org.junit.platform.launcher.core.EngineExecutionOrchestrator.execute(EngineExecutionOrchestrator.java:169)
	at org.junit.platform.launcher.core.EngineExecutionOrchestrator.execute(EngineExecutionOrchestrator.java:93)
	at org.junit.platform.launcher.core.EngineExecutionOrchestrator.lambda$execute$0(EngineExecutionOrchestrator.java:58)
	at org.junit.platform.launcher.core.EngineExecutionOrchestrator.withInterceptedStreams(EngineExecutionOrchestrator.java:141)
	at org.junit.platform.launcher.core.EngineExecutionOrchestrator.execute(EngineExecutionOrchestrator.java:57)
	at org.junit.platform.launcher.core.DefaultLauncher.execute(DefaultLauncher.java:103)
	at org.junit.platform.launcher.core.DefaultLauncher.execute(DefaultLauncher.java:85)
	at org.junit.platform.launcher.core.DelegatingLauncher.execute(DelegatingLauncher.java:47)
	at org.apache.maven.surefire.junitplatform.LazyLauncher.execute(LazyLauncher.java:56)
	at org.apache.maven.surefire.junitplatform.JUnitPlatformProvider.execute(JUnitPlatformProvider.java:184)
	at org.apache.maven.surefire.junitplatform.JUnitPlatformProvider.invokeAllTests(JUnitPlatformProvider.java:148)
	at org.apache.maven.surefire.junitplatform.JUnitPlatformProvider.invoke(JUnitPlatformProvider.java:122)
	at org.apache.maven.surefire.booter.ForkedBooter.runSuitesInProcess(ForkedBooter.java:385)
	at org.apache.maven.surefire.booter.ForkedBooter.execute(ForkedBooter.java:162)
	at org.apache.maven.surefire.booter.ForkedBooter.run(ForkedBooter.java:507)
	at org.apache.maven.surefire.booter.ForkedBooter.main(ForkedBooter.java:495)

MockHttpServletRequest:
      HTTP Method = POST
      Request URI = /api/v1/auth/register
       Parameters = {}
          Headers = [Content-Type:"application/json", Content-Length:"145"]
             Body = <no character encoding set>
    Session Attrs = {}

Handler:
             Type = com.ultrabms.controller.AuthController
           Method = com.ultrabms.controller.AuthController#register(RegisterRequest, HttpServletRequest)

Async:
    Async started = false
     Async result = null

Resolved Exception:
             Type = null

ModelAndView:
        View name = null
             View = null
            Model = null

FlashMap:
       Attributes = null

MockHttpServletResponse:
           Status = 201
    Error message = null
          Headers = [Vary:"Origin", "Access-Control-Request-Method", "Access-Control-Request-Headers"]
     Content type = null
             Body = 
    Forwarded URL = null
   Redirected URL = null
          Cookies = []

MockHttpServletRequest:
      HTTP Method = POST
      Request URI = /api/v1/auth/login
       Parameters = {}
          Headers = [Content-Type:"application/json", Content-Length:"54"]
             Body = <no character encoding set>
    Session Attrs = {}

Handler:
             Type = com.ultrabms.controller.AuthController
           Method = com.ultrabms.controller.AuthController#login(LoginRequest, HttpServletRequest, HttpServletResponse)

Async:
    Async started = false
     Async result = null

Resolved Exception:
             Type = java.lang.NullPointerException

ModelAndView:
        View name = null
             View = null
            Model = null

FlashMap:
       Attributes = null

MockHttpServletResponse:
           Status = 500
    Error message = null
          Headers = [Vary:"Origin", "Access-Control-Request-Method", "Access-Control-Request-Headers", Content-Type:"application/json"]
     Content type = application/json
             Body = {"timestamp":"2025-11-14T19:05:59Z","status":500,"error":"Internal Server Error","message":"An unexpected error occurred. Please contact support with request ID: fb71747c-4c2b-427e-9df0-85390c44cdee","path":"/api/v1/auth/login","requestId":"fb71747c-4c2b-427e-9df0-85390c44cdee","errors":null}
    Forwarded URL = null
   Redirected URL = null
          Cookies = []
2025-11-14 19:05:59.504 [main] ERROR c.u.exception.GlobalExceptionHandler [correlationId=NONE] - Unhandled exception [requestId=ff4eca95-9a7a-41ac-a2c8-5b293106fcce]: Cannot invoke "com.ultrabms.dto.LoginResponse.refreshToken()" because "response" is null
java.lang.NullPointerException: Cannot invoke "com.ultrabms.dto.LoginResponse.refreshToken()" because "response" is null
	at com.ultrabms.controller.AuthController.login(AuthController.java:100)
	at java.base/jdk.internal.reflect.DirectMethodHandleAccessor.invoke(DirectMethodHandleAccessor.java:103)
	at java.base/java.lang.reflect.Method.invoke(Method.java:580)
	at org.springframework.web.method.support.InvocableHandlerMethod.doInvoke(InvocableHandlerMethod.java:255)
	at org.springframework.web.method.support.InvocableHandlerMethod.invokeForRequest(InvocableHandlerMethod.java:188)
	at org.springframework.web.servlet.mvc.method.annotation.ServletInvocableHandlerMethod.invokeAndHandle(ServletInvocableHandlerMethod.java:118)
	at org.springframework.web.servlet.mvc.method.annotation.RequestMappingHandlerAdapter.invokeHandlerMethod(RequestMappingHandlerAdapter.java:986)
	at org.springframework.web.servlet.mvc.method.annotation.RequestMappingHandlerAdapter.handleInternal(RequestMappingHandlerAdapter.java:891)
	at org.springframework.web.servlet.mvc.method.AbstractHandlerMethodAdapter.handle(AbstractHandlerMethodAdapter.java:87)
	at org.springframework.web.servlet.DispatcherServlet.doDispatch(DispatcherServlet.java:1088)
	at org.springframework.web.servlet.DispatcherServlet.doService(DispatcherServlet.java:978)
	at org.springframework.web.servlet.FrameworkServlet.processRequest(FrameworkServlet.java:1014)
	at org.springframework.web.servlet.FrameworkServlet.doPost(FrameworkServlet.java:914)
	at jakarta.servlet.http.HttpServlet.service(HttpServlet.java:590)
	at org.springframework.web.servlet.FrameworkServlet.service(FrameworkServlet.java:885)
	at org.springframework.test.web.servlet.TestDispatcherServlet.service(TestDispatcherServlet.java:72)
	at jakarta.servlet.http.HttpServlet.service(HttpServlet.java:658)
	at org.springframework.mock.web.MockFilterChain$ServletFilterProxy.doFilter(MockFilterChain.java:165)
	at org.springframework.mock.web.MockFilterChain.doFilter(MockFilterChain.java:132)
	at org.springframework.test.web.servlet.MockMvc.perform(MockMvc.java:201)
	at com.ultrabms.controller.AuthControllerTest.loginShouldReturn200WithValidCredentials(AuthControllerTest.java:245)
	at java.base/jdk.internal.reflect.DirectMethodHandleAccessor.invoke(DirectMethodHandleAccessor.java:103)
	at java.base/java.lang.reflect.Method.invoke(Method.java:580)
	at org.junit.platform.commons.util.ReflectionUtils.invokeMethod(ReflectionUtils.java:767)
	at org.junit.jupiter.engine.execution.MethodInvocation.proceed(MethodInvocation.java:60)
	at org.junit.jupiter.engine.execution.InvocationInterceptorChain$ValidatingInvocation.proceed(InvocationInterceptorChain.java:131)
	at org.junit.jupiter.engine.extension.TimeoutExtension.intercept(TimeoutExtension.java:156)
	at org.junit.jupiter.engine.extension.TimeoutExtension.interceptTestableMethod(TimeoutExtension.java:147)
	at org.junit.jupiter.engine.extension.TimeoutExtension.interceptTestMethod(TimeoutExtension.java:86)
	at org.junit.jupiter.engine.execution.InterceptingExecutableInvoker$ReflectiveInterceptorCall.lambda$ofVoidMethod$0(InterceptingExecutableInvoker.java:103)
	at org.junit.jupiter.engine.execution.InterceptingExecutableInvoker.lambda$invoke$0(InterceptingExecutableInvoker.java:93)
	at org.junit.jupiter.engine.execution.InvocationInterceptorChain$InterceptedInvocation.proceed(InvocationInterceptorChain.java:106)
	at org.junit.jupiter.engine.execution.InvocationInterceptorChain.proceed(InvocationInterceptorChain.java:64)
	at org.junit.jupiter.engine.execution.InvocationInterceptorChain.chainAndInvoke(InvocationInterceptorChain.java:45)
	at org.junit.jupiter.engine.execution.InvocationInterceptorChain.invoke(InvocationInterceptorChain.java:37)
	at org.junit.jupiter.engine.execution.InterceptingExecutableInvoker.invoke(InterceptingExecutableInvoker.java:92)
	at org.junit.jupiter.engine.execution.InterceptingExecutableInvoker.invoke(InterceptingExecutableInvoker.java:86)
	at org.junit.jupiter.engine.descriptor.TestMethodTestDescriptor.lambda$invokeTestMethod$8(TestMethodTestDescriptor.java:217)
	at org.junit.platform.engine.support.hierarchical.ThrowableCollector.execute(ThrowableCollector.java:73)
	at org.junit.jupiter.engine.descriptor.TestMethodTestDescriptor.invokeTestMethod(TestMethodTestDescriptor.java:213)
	at org.junit.jupiter.engine.descriptor.TestMethodTestDescriptor.execute(TestMethodTestDescriptor.java:138)
	at org.junit.jupiter.engine.descriptor.TestMethodTestDescriptor.execute(TestMethodTestDescriptor.java:68)
	at org.junit.platform.engine.support.hierarchical.NodeTestTask.lambda$executeRecursively$6(NodeTestTask.java:156)
	at org.junit.platform.engine.support.hierarchical.ThrowableCollector.execute(ThrowableCollector.java:73)
	at org.junit.platform.engine.support.hierarchical.NodeTestTask.lambda$executeRecursively$8(NodeTestTask.java:146)
	at org.junit.platform.engine.support.hierarchical.Node.around(Node.java:137)
	at org.junit.platform.engine.support.hierarchical.NodeTestTask.lambda$executeRecursively$9(NodeTestTask.java:144)
	at org.junit.platform.engine.support.hierarchical.ThrowableCollector.execute(ThrowableCollector.java:73)
	at org.junit.platform.engine.support.hierarchical.NodeTestTask.executeRecursively(NodeTestTask.java:143)
	at org.junit.platform.engine.support.hierarchical.NodeTestTask.execute(NodeTestTask.java:100)
	at java.base/java.util.ArrayList.forEach(ArrayList.java:1596)
	at org.junit.platform.engine.support.hierarchical.SameThreadHierarchicalTestExecutorService.invokeAll(SameThreadHierarchicalTestExecutorService.java:41)
	at org.junit.platform.engine.support.hierarchical.NodeTestTask.lambda$executeRecursively$6(NodeTestTask.java:160)
	at org.junit.platform.engine.support.hierarchical.ThrowableCollector.execute(ThrowableCollector.java:73)
	at org.junit.platform.engine.support.hierarchical.NodeTestTask.lambda$executeRecursively$8(NodeTestTask.java:146)
	at org.junit.platform.engine.support.hierarchical.Node.around(Node.java:137)
	at org.junit.platform.engine.support.hierarchical.NodeTestTask.lambda$executeRecursively$9(NodeTestTask.java:144)
	at org.junit.platform.engine.support.hierarchical.ThrowableCollector.execute(ThrowableCollector.java:73)
	at org.junit.platform.engine.support.hierarchical.NodeTestTask.executeRecursively(NodeTestTask.java:143)
	at org.junit.platform.engine.support.hierarchical.NodeTestTask.execute(NodeTestTask.java:100)
	at java.base/java.util.ArrayList.forEach(ArrayList.java:1596)
	at org.junit.platform.engine.support.hierarchical.SameThreadHierarchicalTestExecutorService.invokeAll(SameThreadHierarchicalTestExecutorService.java:41)
	at org.junit.platform.engine.support.hierarchical.NodeTestTask.lambda$executeRecursively$6(NodeTestTask.java:160)
	at org.junit.platform.engine.support.hierarchical.ThrowableCollector.execute(ThrowableCollector.java:73)
	at org.junit.platform.engine.support.hierarchical.NodeTestTask.lambda$executeRecursively$8(NodeTestTask.java:146)
	at org.junit.platform.engine.support.hierarchical.Node.around(Node.java:137)
	at org.junit.platform.engine.support.hierarchical.NodeTestTask.lambda$executeRecursively$9(NodeTestTask.java:144)
	at org.junit.platform.engine.support.hierarchical.ThrowableCollector.execute(ThrowableCollector.java:73)
	at org.junit.platform.engine.support.hierarchical.NodeTestTask.executeRecursively(NodeTestTask.java:143)
	at org.junit.platform.engine.support.hierarchical.NodeTestTask.execute(NodeTestTask.java:100)
	at org.junit.platform.engine.support.hierarchical.SameThreadHierarchicalTestExecutorService.submit(SameThreadHierarchicalTestExecutorService.java:35)
	at org.junit.platform.engine.support.hierarchical.HierarchicalTestExecutor.execute(HierarchicalTestExecutor.java:57)
	at org.junit.platform.engine.support.hierarchical.HierarchicalTestEngine.execute(HierarchicalTestEngine.java:54)
	at org.junit.platform.launcher.core.EngineExecutionOrchestrator.execute(EngineExecutionOrchestrator.java:198)
	at org.junit.platform.launcher.core.EngineExecutionOrchestrator.execute(EngineExecutionOrchestrator.java:169)
	at org.junit.platform.launcher.core.EngineExecutionOrchestrator.execute(EngineExecutionOrchestrator.java:93)
	at org.junit.platform.launcher.core.EngineExecutionOrchestrator.lambda$execute$0(EngineExecutionOrchestrator.java:58)
	at org.junit.platform.launcher.core.EngineExecutionOrchestrator.withInterceptedStreams(EngineExecutionOrchestrator.java:141)
	at org.junit.platform.launcher.core.EngineExecutionOrchestrator.execute(EngineExecutionOrchestrator.java:57)
	at org.junit.platform.launcher.core.DefaultLauncher.execute(DefaultLauncher.java:103)
	at org.junit.platform.launcher.core.DefaultLauncher.execute(DefaultLauncher.java:85)
	at org.junit.platform.launcher.core.DelegatingLauncher.execute(DelegatingLauncher.java:47)
	at org.apache.maven.surefire.junitplatform.LazyLauncher.execute(LazyLauncher.java:56)
	at org.apache.maven.surefire.junitplatform.JUnitPlatformProvider.execute(JUnitPlatformProvider.java:184)
	at org.apache.maven.surefire.junitplatform.JUnitPlatformProvider.invokeAllTests(JUnitPlatformProvider.java:148)
	at org.apache.maven.surefire.junitplatform.JUnitPlatformProvider.invoke(JUnitPlatformProvider.java:122)
	at org.apache.maven.surefire.booter.ForkedBooter.runSuitesInProcess(ForkedBooter.java:385)
	at org.apache.maven.surefire.booter.ForkedBooter.execute(ForkedBooter.java:162)
	at org.apache.maven.surefire.booter.ForkedBooter.run(ForkedBooter.java:507)
	at org.apache.maven.surefire.booter.ForkedBooter.main(ForkedBooter.java:495)

MockHttpServletRequest:
      HTTP Method = POST
      Request URI = /api/v1/auth/login
       Parameters = {}
          Headers = [Content-Type:"application/json", Content-Length:"54"]
             Body = <no character encoding set>
    Session Attrs = {}

Handler:
             Type = com.ultrabms.controller.AuthController
           Method = com.ultrabms.controller.AuthController#login(LoginRequest, HttpServletRequest, HttpServletResponse)

Async:
    Async started = false
     Async result = null

Resolved Exception:
             Type = java.lang.NullPointerException

ModelAndView:
        View name = null
             View = null
            Model = null

FlashMap:
       Attributes = null

MockHttpServletResponse:
           Status = 500
    Error message = null
          Headers = [Vary:"Origin", "Access-Control-Request-Method", "Access-Control-Request-Headers", Content-Type:"application/json"]
     Content type = application/json
             Body = {"timestamp":"2025-11-14T19:05:59Z","status":500,"error":"Internal Server Error","message":"An unexpected error occurred. Please contact support with request ID: ff4eca95-9a7a-41ac-a2c8-5b293106fcce","path":"/api/v1/auth/login","requestId":"ff4eca95-9a7a-41ac-a2c8-5b293106fcce","errors":null}
    Forwarded URL = null
   Redirected URL = null
          Cookies = []
2025-11-14 19:05:59.513 [main] WARN  c.ultrabms.controller.AuthController [correlationId=NONE] - Refresh token not provided
2025-11-14 19:05:59.524 [main] WARN  c.u.exception.GlobalExceptionHandler [correlationId=NONE] - Request validation failed [requestId=98685309-b9ac-4cb9-8b2d-9b78fcf6e2dd]: 2 validation errors
2025-11-14 19:05:59.532 [main] WARN  c.u.exception.GlobalExceptionHandler [correlationId=NONE] - Request validation failed [requestId=1ed1e00b-f03c-4c21-b17c-59a39935c729]: 5 validation errors
2025-11-14 19:05:59.544 [main] ERROR c.u.exception.GlobalExceptionHandler [correlationId=NONE] - Unhandled exception [requestId=279a07f2-4423-4ee8-8de8-313ef9dbb9e9]: Cannot invoke "com.ultrabms.dto.LoginResponse.refreshToken()" because "response" is null
java.lang.NullPointerException: Cannot invoke "com.ultrabms.dto.LoginResponse.refreshToken()" because "response" is null
	at com.ultrabms.controller.AuthController.login(AuthController.java:100)
	at java.base/jdk.internal.reflect.DirectMethodHandleAccessor.invoke(DirectMethodHandleAccessor.java:103)
	at java.base/java.lang.reflect.Method.invoke(Method.java:580)
	at org.springframework.web.method.support.InvocableHandlerMethod.doInvoke(InvocableHandlerMethod.java:255)
	at org.springframework.web.method.support.InvocableHandlerMethod.invokeForRequest(InvocableHandlerMethod.java:188)
	at org.springframework.web.servlet.mvc.method.annotation.ServletInvocableHandlerMethod.invokeAndHandle(ServletInvocableHandlerMethod.java:118)
	at org.springframework.web.servlet.mvc.method.annotation.RequestMappingHandlerAdapter.invokeHandlerMethod(RequestMappingHandlerAdapter.java:986)
	at org.springframework.web.servlet.mvc.method.annotation.RequestMappingHandlerAdapter.handleInternal(RequestMappingHandlerAdapter.java:891)
	at org.springframework.web.servlet.mvc.method.AbstractHandlerMethodAdapter.handle(AbstractHandlerMethodAdapter.java:87)
	at org.springframework.web.servlet.DispatcherServlet.doDispatch(DispatcherServlet.java:1088)
	at org.springframework.web.servlet.DispatcherServlet.doService(DispatcherServlet.java:978)
	at org.springframework.web.servlet.FrameworkServlet.processRequest(FrameworkServlet.java:1014)
	at org.springframework.web.servlet.FrameworkServlet.doPost(FrameworkServlet.java:914)
	at jakarta.servlet.http.HttpServlet.service(HttpServlet.java:590)
	at org.springframework.web.servlet.FrameworkServlet.service(FrameworkServlet.java:885)
	at org.springframework.test.web.servlet.TestDispatcherServlet.service(TestDispatcherServlet.java:72)
	at jakarta.servlet.http.HttpServlet.service(HttpServlet.java:658)
	at org.springframework.mock.web.MockFilterChain$ServletFilterProxy.doFilter(MockFilterChain.java:165)
	at org.springframework.mock.web.MockFilterChain.doFilter(MockFilterChain.java:132)
	at org.springframework.test.web.servlet.MockMvc.perform(MockMvc.java:201)
	at com.ultrabms.controller.AuthControllerTest.loginShouldReturn401WithInvalidCredentials(AuthControllerTest.java:268)
	at java.base/jdk.internal.reflect.DirectMethodHandleAccessor.invoke(DirectMethodHandleAccessor.java:103)
	at java.base/java.lang.reflect.Method.invoke(Method.java:580)
	at org.junit.platform.commons.util.ReflectionUtils.invokeMethod(ReflectionUtils.java:767)
	at org.junit.jupiter.engine.execution.MethodInvocation.proceed(MethodInvocation.java:60)
	at org.junit.jupiter.engine.execution.InvocationInterceptorChain$ValidatingInvocation.proceed(InvocationInterceptorChain.java:131)
	at org.junit.jupiter.engine.extension.TimeoutExtension.intercept(TimeoutExtension.java:156)
	at org.junit.jupiter.engine.extension.TimeoutExtension.interceptTestableMethod(TimeoutExtension.java:147)
	at org.junit.jupiter.engine.extension.TimeoutExtension.interceptTestMethod(TimeoutExtension.java:86)
	at org.junit.jupiter.engine.execution.InterceptingExecutableInvoker$ReflectiveInterceptorCall.lambda$ofVoidMethod$0(InterceptingExecutableInvoker.java:103)
	at org.junit.jupiter.engine.execution.InterceptingExecutableInvoker.lambda$invoke$0(InterceptingExecutableInvoker.java:93)
	at org.junit.jupiter.engine.execution.InvocationInterceptorChain$InterceptedInvocation.proceed(InvocationInterceptorChain.java:106)
	at org.junit.jupiter.engine.execution.InvocationInterceptorChain.proceed(InvocationInterceptorChain.java:64)
	at org.junit.jupiter.engine.execution.InvocationInterceptorChain.chainAndInvoke(InvocationInterceptorChain.java:45)
	at org.junit.jupiter.engine.execution.InvocationInterceptorChain.invoke(InvocationInterceptorChain.java:37)
	at org.junit.jupiter.engine.execution.InterceptingExecutableInvoker.invoke(InterceptingExecutableInvoker.java:92)
	at org.junit.jupiter.engine.execution.InterceptingExecutableInvoker.invoke(InterceptingExecutableInvoker.java:86)
	at org.junit.jupiter.engine.descriptor.TestMethodTestDescriptor.lambda$invokeTestMethod$8(TestMethodTestDescriptor.java:217)
	at org.junit.platform.engine.support.hierarchical.ThrowableCollector.execute(ThrowableCollector.java:73)
	at org.junit.jupiter.engine.descriptor.TestMethodTestDescriptor.invokeTestMethod(TestMethodTestDescriptor.java:213)
	at org.junit.jupiter.engine.descriptor.TestMethodTestDescriptor.execute(TestMethodTestDescriptor.java:138)
	at org.junit.jupiter.engine.descriptor.TestMethodTestDescriptor.execute(TestMethodTestDescriptor.java:68)
	at org.junit.platform.engine.support.hierarchical.NodeTestTask.lambda$executeRecursively$6(NodeTestTask.java:156)
	at org.junit.platform.engine.support.hierarchical.ThrowableCollector.execute(ThrowableCollector.java:73)
	at org.junit.platform.engine.support.hierarchical.NodeTestTask.lambda$executeRecursively$8(NodeTestTask.java:146)
	at org.junit.platform.engine.support.hierarchical.Node.around(Node.java:137)
	at org.junit.platform.engine.support.hierarchical.NodeTestTask.lambda$executeRecursively$9(NodeTestTask.java:144)
	at org.junit.platform.engine.support.hierarchical.ThrowableCollector.execute(ThrowableCollector.java:73)
	at org.junit.platform.engine.support.hierarchical.NodeTestTask.executeRecursively(NodeTestTask.java:143)
	at org.junit.platform.engine.support.hierarchical.NodeTestTask.execute(NodeTestTask.java:100)
	at java.base/java.util.ArrayList.forEach(ArrayList.java:1596)
	at org.junit.platform.engine.support.hierarchical.SameThreadHierarchicalTestExecutorService.invokeAll(SameThreadHierarchicalTestExecutorService.java:41)
	at org.junit.platform.engine.support.hierarchical.NodeTestTask.lambda$executeRecursively$6(NodeTestTask.java:160)
	at org.junit.platform.engine.support.hierarchical.ThrowableCollector.execute(ThrowableCollector.java:73)
	at org.junit.platform.engine.support.hierarchical.NodeTestTask.lambda$executeRecursively$8(NodeTestTask.java:146)
	at org.junit.platform.engine.support.hierarchical.Node.around(Node.java:137)
	at org.junit.platform.engine.support.hierarchical.NodeTestTask.lambda$executeRecursively$9(NodeTestTask.java:144)
	at org.junit.platform.engine.support.hierarchical.ThrowableCollector.execute(ThrowableCollector.java:73)
	at org.junit.platform.engine.support.hierarchical.NodeTestTask.executeRecursively(NodeTestTask.java:143)
	at org.junit.platform.engine.support.hierarchical.NodeTestTask.execute(NodeTestTask.java:100)
	at java.base/java.util.ArrayList.forEach(ArrayList.java:1596)
	at org.junit.platform.engine.support.hierarchical.SameThreadHierarchicalTestExecutorService.invokeAll(SameThreadHierarchicalTestExecutorService.java:41)
	at org.junit.platform.engine.support.hierarchical.NodeTestTask.lambda$executeRecursively$6(NodeTestTask.java:160)
	at org.junit.platform.engine.support.hierarchical.ThrowableCollector.execute(ThrowableCollector.java:73)
	at org.junit.platform.engine.support.hierarchical.NodeTestTask.lambda$executeRecursively$8(NodeTestTask.java:146)
	at org.junit.platform.engine.support.hierarchical.Node.around(Node.java:137)
	at org.junit.platform.engine.support.hierarchical.NodeTestTask.lambda$executeRecursively$9(NodeTestTask.java:144)
	at org.junit.platform.engine.support.hierarchical.ThrowableCollector.execute(ThrowableCollector.java:73)
	at org.junit.platform.engine.support.hierarchical.NodeTestTask.executeRecursively(NodeTestTask.java:143)
	at org.junit.platform.engine.support.hierarchical.NodeTestTask.execute(NodeTestTask.java:100)
	at org.junit.platform.engine.support.hierarchical.SameThreadHierarchicalTestExecutorService.submit(SameThreadHierarchicalTestExecutorService.java:35)
	at org.junit.platform.engine.support.hierarchical.HierarchicalTestExecutor.execute(HierarchicalTestExecutor.java:57)
	at org.junit.platform.engine.support.hierarchical.HierarchicalTestEngine.execute(HierarchicalTestEngine.java:54)
	at org.junit.platform.launcher.core.EngineExecutionOrchestrator.execute(EngineExecutionOrchestrator.java:198)
	at org.junit.platform.launcher.core.EngineExecutionOrchestrator.execute(EngineExecutionOrchestrator.java:169)
	at org.junit.platform.launcher.core.EngineExecutionOrchestrator.execute(EngineExecutionOrchestrator.java:93)
	at org.junit.platform.launcher.core.EngineExecutionOrchestrator.lambda$execute$0(EngineExecutionOrchestrator.java:58)
	at org.junit.platform.launcher.core.EngineExecutionOrchestrator.withInterceptedStreams(EngineExecutionOrchestrator.java:141)
	at org.junit.platform.launcher.core.EngineExecutionOrchestrator.execute(EngineExecutionOrchestrator.java:57)
	at org.junit.platform.launcher.core.DefaultLauncher.execute(DefaultLauncher.java:103)
	at org.junit.platform.launcher.core.DefaultLauncher.execute(DefaultLauncher.java:85)
	at org.junit.platform.launcher.core.DelegatingLauncher.execute(DelegatingLauncher.java:47)
	at org.apache.maven.surefire.junitplatform.LazyLauncher.execute(LazyLauncher.java:56)
	at org.apache.maven.surefire.junitplatform.JUnitPlatformProvider.execute(JUnitPlatformProvider.java:184)
	at org.apache.maven.surefire.junitplatform.JUnitPlatformProvider.invokeAllTests(JUnitPlatformProvider.java:148)
	at org.apache.maven.surefire.junitplatform.JUnitPlatformProvider.invoke(JUnitPlatformProvider.java:122)
	at org.apache.maven.surefire.booter.ForkedBooter.runSuitesInProcess(ForkedBooter.java:385)
	at org.apache.maven.surefire.booter.ForkedBooter.execute(ForkedBooter.java:162)
	at org.apache.maven.surefire.booter.ForkedBooter.run(ForkedBooter.java:507)
	at org.apache.maven.surefire.booter.ForkedBooter.main(ForkedBooter.java:495)

MockHttpServletRequest:
      HTTP Method = POST
      Request URI = /api/v1/auth/login
       Parameters = {}
          Headers = [Content-Type:"application/json", Content-Length:"54"]
             Body = <no character encoding set>
    Session Attrs = {}

Handler:
             Type = com.ultrabms.controller.AuthController
           Method = com.ultrabms.controller.AuthController#login(LoginRequest, HttpServletRequest, HttpServletResponse)

Async:
    Async started = false
     Async result = null

Resolved Exception:
             Type = java.lang.NullPointerException

ModelAndView:
        View name = null
             View = null
            Model = null

FlashMap:
       Attributes = null

MockHttpServletResponse:
           Status = 500
    Error message = null
          Headers = [Vary:"Origin", "Access-Control-Request-Method", "Access-Control-Request-Headers", Content-Type:"application/json"]
     Content type = application/json
             Body = {"timestamp":"2025-11-14T19:05:59Z","status":500,"error":"Internal Server Error","message":"An unexpected error occurred. Please contact support with request ID: 279a07f2-4423-4ee8-8de8-313ef9dbb9e9","path":"/api/v1/auth/login","requestId":"279a07f2-4423-4ee8-8de8-313ef9dbb9e9","errors":null}
    Forwarded URL = null
   Redirected URL = null
          Cookies = []

MockHttpServletRequest:
      HTTP Method = POST
      Request URI = /api/v1/auth/register
       Parameters = {}
          Headers = [Content-Type:"application/json", Content-Length:"145"]
             Body = <no character encoding set>
    Session Attrs = {}

Handler:
             Type = com.ultrabms.controller.AuthController
           Method = com.ultrabms.controller.AuthController#register(RegisterRequest, HttpServletRequest)

Async:
    Async started = false
     Async result = null

Resolved Exception:
             Type = null

ModelAndView:
        View name = null
             View = null
            Model = null

FlashMap:
       Attributes = null

MockHttpServletResponse:
           Status = 201
    Error message = null
          Headers = [Vary:"Origin", "Access-Control-Request-Method", "Access-Control-Request-Headers"]
     Content type = null
             Body = 
    Forwarded URL = null
   Redirected URL = null
          Cookies = []

MockHttpServletRequest:
      HTTP Method = POST
      Request URI = /api/v1/auth/refresh
       Parameters = {}
          Headers = [Content-Type:"application/json", Content-Length:"32"]
             Body = <no character encoding set>
    Session Attrs = {}

Handler:
             Type = com.ultrabms.controller.AuthController
           Method = com.ultrabms.controller.AuthController#refreshToken(RefreshTokenRequest, HttpServletRequest)

Async:
    Async started = false
     Async result = null

Resolved Exception:
             Type = null

ModelAndView:
        View name = null
             View = null
            Model = null

FlashMap:
       Attributes = null

MockHttpServletResponse:
           Status = 200
    Error message = null
          Headers = [Vary:"Origin", "Access-Control-Request-Method", "Access-Control-Request-Headers"]
     Content type = null
             Body = 
    Forwarded URL = null
   Redirected URL = null
          Cookies = []
2025-11-14 19:05:59.624 [main] ERROR c.u.exception.GlobalExceptionHandler [correlationId=NONE] - Unhandled exception [requestId=bb6ca514-e99d-4128-bc93-6057a0298b3f]: Cannot invoke "com.ultrabms.dto.LoginResponse.refreshToken()" because "response" is null
java.lang.NullPointerException: Cannot invoke "com.ultrabms.dto.LoginResponse.refreshToken()" because "response" is null
	at com.ultrabms.controller.AuthController.login(AuthController.java:100)
	at java.base/jdk.internal.reflect.DirectMethodHandleAccessor.invoke(DirectMethodHandleAccessor.java:103)
	at java.base/java.lang.reflect.Method.invoke(Method.java:580)
	at org.springframework.web.method.support.InvocableHandlerMethod.doInvoke(InvocableHandlerMethod.java:255)
	at org.springframework.web.method.support.InvocableHandlerMethod.invokeForRequest(InvocableHandlerMethod.java:188)
	at org.springframework.web.servlet.mvc.method.annotation.ServletInvocableHandlerMethod.invokeAndHandle(ServletInvocableHandlerMethod.java:118)
	at org.springframework.web.servlet.mvc.method.annotation.RequestMappingHandlerAdapter.invokeHandlerMethod(RequestMappingHandlerAdapter.java:986)
	at org.springframework.web.servlet.mvc.method.annotation.RequestMappingHandlerAdapter.handleInternal(RequestMappingHandlerAdapter.java:891)
	at org.springframework.web.servlet.mvc.method.AbstractHandlerMethodAdapter.handle(AbstractHandlerMethodAdapter.java:87)
	at org.springframework.web.servlet.DispatcherServlet.doDispatch(DispatcherServlet.java:1088)
	at org.springframework.web.servlet.DispatcherServlet.doService(DispatcherServlet.java:978)
	at org.springframework.web.servlet.FrameworkServlet.processRequest(FrameworkServlet.java:1014)
	at org.springframework.web.servlet.FrameworkServlet.doPost(FrameworkServlet.java:914)
	at jakarta.servlet.http.HttpServlet.service(HttpServlet.java:590)
	at org.springframework.web.servlet.FrameworkServlet.service(FrameworkServlet.java:885)
	at org.springframework.test.web.servlet.TestDispatcherServlet.service(TestDispatcherServlet.java:72)
	at jakarta.servlet.http.HttpServlet.service(HttpServlet.java:658)
	at org.springframework.mock.web.MockFilterChain$ServletFilterProxy.doFilter(MockFilterChain.java:165)
	at org.springframework.mock.web.MockFilterChain.doFilter(MockFilterChain.java:132)
	at org.springframework.test.web.servlet.MockMvc.perform(MockMvc.java:201)
	at com.ultrabms.controller.AuthControllerTest.loginShouldReturn423WhenAccountIsLocked(AuthControllerTest.java:284)
	at java.base/jdk.internal.reflect.DirectMethodHandleAccessor.invoke(DirectMethodHandleAccessor.java:103)
	at java.base/java.lang.reflect.Method.invoke(Method.java:580)
	at org.junit.platform.commons.util.ReflectionUtils.invokeMethod(ReflectionUtils.java:767)
	at org.junit.jupiter.engine.execution.MethodInvocation.proceed(MethodInvocation.java:60)
	at org.junit.jupiter.engine.execution.InvocationInterceptorChain$ValidatingInvocation.proceed(InvocationInterceptorChain.java:131)
	at org.junit.jupiter.engine.extension.TimeoutExtension.intercept(TimeoutExtension.java:156)
	at org.junit.jupiter.engine.extension.TimeoutExtension.interceptTestableMethod(TimeoutExtension.java:147)
	at org.junit.jupiter.engine.extension.TimeoutExtension.interceptTestMethod(TimeoutExtension.java:86)
	at org.junit.jupiter.engine.execution.InterceptingExecutableInvoker$ReflectiveInterceptorCall.lambda$ofVoidMethod$0(InterceptingExecutableInvoker.java:103)
	at org.junit.jupiter.engine.execution.InterceptingExecutableInvoker.lambda$invoke$0(InterceptingExecutableInvoker.java:93)
	at org.junit.jupiter.engine.execution.InvocationInterceptorChain$InterceptedInvocation.proceed(InvocationInterceptorChain.java:106)
	at org.junit.jupiter.engine.execution.InvocationInterceptorChain.proceed(InvocationInterceptorChain.java:64)
	at org.junit.jupiter.engine.execution.InvocationInterceptorChain.chainAndInvoke(InvocationInterceptorChain.java:45)
	at org.junit.jupiter.engine.execution.InvocationInterceptorChain.invoke(InvocationInterceptorChain.java:37)
	at org.junit.jupiter.engine.execution.InterceptingExecutableInvoker.invoke(InterceptingExecutableInvoker.java:92)
	at org.junit.jupiter.engine.execution.InterceptingExecutableInvoker.invoke(InterceptingExecutableInvoker.java:86)
	at org.junit.jupiter.engine.descriptor.TestMethodTestDescriptor.lambda$invokeTestMethod$8(TestMethodTestDescriptor.java:217)
	at org.junit.platform.engine.support.hierarchical.ThrowableCollector.execute(ThrowableCollector.java:73)
	at org.junit.jupiter.engine.descriptor.TestMethodTestDescriptor.invokeTestMethod(TestMethodTestDescriptor.java:213)
	at org.junit.jupiter.engine.descriptor.TestMethodTestDescriptor.execute(TestMethodTestDescriptor.java:138)
	at org.junit.jupiter.engine.descriptor.TestMethodTestDescriptor.execute(TestMethodTestDescriptor.java:68)
	at org.junit.platform.engine.support.hierarchical.NodeTestTask.lambda$executeRecursively$6(NodeTestTask.java:156)
	at org.junit.platform.engine.support.hierarchical.ThrowableCollector.execute(ThrowableCollector.java:73)
	at org.junit.platform.engine.support.hierarchical.NodeTestTask.lambda$executeRecursively$8(NodeTestTask.java:146)
	at org.junit.platform.engine.support.hierarchical.Node.around(Node.java:137)
	at org.junit.platform.engine.support.hierarchical.NodeTestTask.lambda$executeRecursively$9(NodeTestTask.java:144)
	at org.junit.platform.engine.support.hierarchical.ThrowableCollector.execute(ThrowableCollector.java:73)
	at org.junit.platform.engine.support.hierarchical.NodeTestTask.executeRecursively(NodeTestTask.java:143)
	at org.junit.platform.engine.support.hierarchical.NodeTestTask.execute(NodeTestTask.java:100)
	at java.base/java.util.ArrayList.forEach(ArrayList.java:1596)
	at org.junit.platform.engine.support.hierarchical.SameThreadHierarchicalTestExecutorService.invokeAll(SameThreadHierarchicalTestExecutorService.java:41)
	at org.junit.platform.engine.support.hierarchical.NodeTestTask.lambda$executeRecursively$6(NodeTestTask.java:160)
	at org.junit.platform.engine.support.hierarchical.ThrowableCollector.execute(ThrowableCollector.java:73)
	at org.junit.platform.engine.support.hierarchical.NodeTestTask.lambda$executeRecursively$8(NodeTestTask.java:146)
	at org.junit.platform.engine.support.hierarchical.Node.around(Node.java:137)
	at org.junit.platform.engine.support.hierarchical.NodeTestTask.lambda$executeRecursively$9(NodeTestTask.java:144)
	at org.junit.platform.engine.support.hierarchical.ThrowableCollector.execute(ThrowableCollector.java:73)
	at org.junit.platform.engine.support.hierarchical.NodeTestTask.executeRecursively(NodeTestTask.java:143)
	at org.junit.platform.engine.support.hierarchical.NodeTestTask.execute(NodeTestTask.java:100)
	at java.base/java.util.ArrayList.forEach(ArrayList.java:1596)
	at org.junit.platform.engine.support.hierarchical.SameThreadHierarchicalTestExecutorService.invokeAll(SameThreadHierarchicalTestExecutorService.java:41)
	at org.junit.platform.engine.support.hierarchical.NodeTestTask.lambda$executeRecursively$6(NodeTestTask.java:160)
	at org.junit.platform.engine.support.hierarchical.ThrowableCollector.execute(ThrowableCollector.java:73)
	at org.junit.platform.engine.support.hierarchical.NodeTestTask.lambda$executeRecursively$8(NodeTestTask.java:146)
	at org.junit.platform.engine.support.hierarchical.Node.around(Node.java:137)
	at org.junit.platform.engine.support.hierarchical.NodeTestTask.lambda$executeRecursively$9(NodeTestTask.java:144)
	at org.junit.platform.engine.support.hierarchical.ThrowableCollector.execute(ThrowableCollector.java:73)
	at org.junit.platform.engine.support.hierarchical.NodeTestTask.executeRecursively(NodeTestTask.java:143)
	at org.junit.platform.engine.support.hierarchical.NodeTestTask.execute(NodeTestTask.java:100)
	at org.junit.platform.engine.support.hierarchical.SameThreadHierarchicalTestExecutorService.submit(SameThreadHierarchicalTestExecutorService.java:35)
	at org.junit.platform.engine.support.hierarchical.HierarchicalTestExecutor.execute(HierarchicalTestExecutor.java:57)
	at org.junit.platform.engine.support.hierarchical.HierarchicalTestEngine.execute(HierarchicalTestEngine.java:54)
	at org.junit.platform.launcher.core.EngineExecutionOrchestrator.execute(EngineExecutionOrchestrator.java:198)
	at org.junit.platform.launcher.core.EngineExecutionOrchestrator.execute(EngineExecutionOrchestrator.java:169)
	at org.junit.platform.launcher.core.EngineExecutionOrchestrator.execute(EngineExecutionOrchestrator.java:93)
	at org.junit.platform.launcher.core.EngineExecutionOrchestrator.lambda$execute$0(EngineExecutionOrchestrator.java:58)
	at org.junit.platform.launcher.core.EngineExecutionOrchestrator.withInterceptedStreams(EngineExecutionOrchestrator.java:141)
	at org.junit.platform.launcher.core.EngineExecutionOrchestrator.execute(EngineExecutionOrchestrator.java:57)
	at org.junit.platform.launcher.core.DefaultLauncher.execute(DefaultLauncher.java:103)
	at org.junit.platform.launcher.core.DefaultLauncher.execute(DefaultLauncher.java:85)
	at org.junit.platform.launcher.core.DelegatingLauncher.execute(DelegatingLauncher.java:47)
	at org.apache.maven.surefire.junitplatform.LazyLauncher.execute(LazyLauncher.java:56)
	at org.apache.maven.surefire.junitplatform.JUnitPlatformProvider.execute(JUnitPlatformProvider.java:184)
	at org.apache.maven.surefire.junitplatform.JUnitPlatformProvider.invokeAllTests(JUnitPlatformProvider.java:148)
	at org.apache.maven.surefire.junitplatform.JUnitPlatformProvider.invoke(JUnitPlatformProvider.java:122)
	at org.apache.maven.surefire.booter.ForkedBooter.runSuitesInProcess(ForkedBooter.java:385)
	at org.apache.maven.surefire.booter.ForkedBooter.execute(ForkedBooter.java:162)
	at org.apache.maven.surefire.booter.ForkedBooter.run(ForkedBooter.java:507)
	at org.apache.maven.surefire.booter.ForkedBooter.main(ForkedBooter.java:495)

MockHttpServletRequest:
      HTTP Method = POST
      Request URI = /api/v1/auth/login
       Parameters = {}
          Headers = [Content-Type:"application/json", Content-Length:"54"]
             Body = <no character encoding set>
    Session Attrs = {}

Handler:
             Type = com.ultrabms.controller.AuthController
           Method = com.ultrabms.controller.AuthController#login(LoginRequest, HttpServletRequest, HttpServletResponse)

Async:
    Async started = false
     Async result = null

Resolved Exception:
             Type = java.lang.NullPointerException

ModelAndView:
        View name = null
             View = null
            Model = null

FlashMap:
       Attributes = null

MockHttpServletResponse:
           Status = 500
    Error message = null
          Headers = [Vary:"Origin", "Access-Control-Request-Method", "Access-Control-Request-Headers", Content-Type:"application/json"]
     Content type = application/json
             Body = {"timestamp":"2025-11-14T19:05:59Z","status":500,"error":"Internal Server Error","message":"An unexpected error occurred. Please contact support with request ID: bb6ca514-e99d-4128-bc93-6057a0298b3f","path":"/api/v1/auth/login","requestId":"bb6ca514-e99d-4128-bc93-6057a0298b3f","errors":null}
    Forwarded URL = null
   Redirected URL = null
          Cookies = []
2025-11-14 19:05:59.695 [main] WARN  c.u.exception.GlobalExceptionHandler [correlationId=NONE] - Request validation failed [requestId=c5b01468-ed1c-4988-8c4f-5217878f4855]: 1 validation errors
2025-11-14 19:05:59.714 [main] WARN  c.u.exception.GlobalExceptionHandler [correlationId=NONE] - Request validation failed [requestId=6d20fb37-dd2d-4601-9335-74512da7dae7]: 1 validation errors

MockHttpServletRequest:
      HTTP Method = POST
      Request URI = /api/v1/auth/refresh
       Parameters = {}
          Headers = [Content-Type:"application/json", Cookie:"refreshToken=valid-refresh-token"]
             Body = <no character encoding set>
    Session Attrs = {}

Handler:
             Type = com.ultrabms.controller.AuthController
           Method = com.ultrabms.controller.AuthController#refreshToken(RefreshTokenRequest, HttpServletRequest)

Async:
    Async started = false
     Async result = null

Resolved Exception:
             Type = null

ModelAndView:
        View name = null
             View = null
            Model = null

FlashMap:
       Attributes = null

MockHttpServletResponse:
           Status = 200
    Error message = null
          Headers = [Vary:"Origin", "Access-Control-Request-Method", "Access-Control-Request-Headers"]
     Content type = null
             Body = 
    Forwarded URL = null
   Redirected URL = null
          Cookies = []
[ERROR] Tests run: 22, Failures: 12, Errors: 0, Skipped: 0, Time elapsed: 2.744 s <<< FAILURE! -- in com.ultrabms.controller.AuthControllerTest
[ERROR] com.ultrabms.controller.AuthControllerTest.registerShouldReturn409WhenEmailExists -- Time elapsed: 0.190 s <<< FAILURE!
java.lang.AssertionError: Status expected:<409> but was:<201>
	at org.springframework.test.util.AssertionErrors.fail(AssertionErrors.java:61)
	at org.springframework.test.util.AssertionErrors.assertEquals(AssertionErrors.java:128)
	at org.springframework.test.web.servlet.result.StatusResultMatchers.lambda$matcher$9(StatusResultMatchers.java:640)
	at org.springframework.test.web.servlet.MockMvc$1.andExpect(MockMvc.java:214)
	at com.ultrabms.controller.AuthControllerTest.registerShouldReturn409WhenEmailExists(AuthControllerTest.java:209)
	at java.base/java.lang.reflect.Method.invoke(Method.java:580)
	at java.base/java.util.ArrayList.forEach(ArrayList.java:1596)
	at java.base/java.util.ArrayList.forEach(ArrayList.java:1596)

[ERROR] com.ultrabms.controller.AuthControllerTest.registerShouldValidatePhoneNumberFormat -- Time elapsed: 0.011 s <<< FAILURE!
java.lang.AssertionError: Status expected:<400> but was:<201>
	at org.springframework.test.util.AssertionErrors.fail(AssertionErrors.java:61)
	at org.springframework.test.util.AssertionErrors.assertEquals(AssertionErrors.java:128)
	at org.springframework.test.web.servlet.result.StatusResultMatchers.lambda$matcher$9(StatusResultMatchers.java:640)
	at org.springframework.test.web.servlet.MockMvc$1.andExpect(MockMvc.java:214)
	at com.ultrabms.controller.AuthControllerTest.registerShouldValidatePhoneNumberFormat(AuthControllerTest.java:231)
	at java.base/java.lang.reflect.Method.invoke(Method.java:580)
	at java.base/java.util.ArrayList.forEach(ArrayList.java:1596)
	at java.base/java.util.ArrayList.forEach(ArrayList.java:1596)

[ERROR] com.ultrabms.controller.AuthControllerTest.shouldReturnJsonContentType -- Time elapsed: 0.010 s <<< FAILURE!
java.lang.AssertionError: Content type not set
	at org.springframework.test.util.AssertionErrors.fail(AssertionErrors.java:39)
	at org.springframework.test.util.AssertionErrors.assertTrue(AssertionErrors.java:73)
	at org.springframework.test.util.AssertionErrors.assertNotNull(AssertionErrors.java:112)
	at org.springframework.test.web.servlet.result.ContentResultMatchers.lambda$contentType$0(ContentResultMatchers.java:85)
	at org.springframework.test.web.servlet.MockMvc$1.andExpect(MockMvc.java:214)
	at com.ultrabms.controller.AuthControllerTest.shouldReturnJsonContentType(AuthControllerTest.java:513)
	at java.base/java.lang.reflect.Method.invoke(Method.java:580)
	at java.base/java.util.ArrayList.forEach(ArrayList.java:1596)
	at java.base/java.util.ArrayList.forEach(ArrayList.java:1596)

[ERROR] com.ultrabms.controller.AuthControllerTest.refreshShouldReturn200WithValidTokenInBody -- Time elapsed: 0.024 s <<< FAILURE!
java.lang.AssertionError: No value at JSON path "$.accessToken"
	at org.springframework.test.util.JsonPathExpectationsHelper.evaluateJsonPath(JsonPathExpectationsHelper.java:351)
	at org.springframework.test.util.JsonPathExpectationsHelper.assertValue(JsonPathExpectationsHelper.java:148)
	at org.springframework.test.web.servlet.result.JsonPathResultMatchers.lambda$value$2(JsonPathResultMatchers.java:112)
	at org.springframework.test.web.servlet.MockMvc$1.andExpect(MockMvc.java:214)
	at com.ultrabms.controller.AuthControllerTest.refreshShouldReturn200WithValidTokenInBody(AuthControllerTest.java:355)
	at java.base/java.lang.reflect.Method.invoke(Method.java:580)
	at java.base/java.util.ArrayList.forEach(ArrayList.java:1596)
	at java.base/java.util.ArrayList.forEach(ArrayList.java:1596)
Caused by: java.lang.IllegalArgumentException: json can not be null or empty
	at com.jayway.jsonpath.internal.Utils.notEmpty(Utils.java:401)
	at com.jayway.jsonpath.JsonPath.read(JsonPath.java:390)
	at org.springframework.test.util.JsonPathExpectationsHelper.evaluateJsonPath(JsonPathExpectationsHelper.java:348)
	... 7 more

[ERROR] com.ultrabms.controller.AuthControllerTest.loginShouldExtractIpFromForwardedHeader -- Time elapsed: 0.020 s <<< FAILURE!
java.lang.AssertionError: Status expected:<200> but was:<500>
	at org.springframework.test.util.AssertionErrors.fail(AssertionErrors.java:61)
	at org.springframework.test.util.AssertionErrors.assertEquals(AssertionErrors.java:128)
	at org.springframework.test.web.servlet.result.StatusResultMatchers.lambda$matcher$9(StatusResultMatchers.java:640)
	at org.springframework.test.web.servlet.MockMvc$1.andExpect(MockMvc.java:214)
	at com.ultrabms.controller.AuthControllerTest.loginShouldExtractIpFromForwardedHeader(AuthControllerTest.java:316)
	at java.base/java.lang.reflect.Method.invoke(Method.java:580)
	at java.base/java.util.ArrayList.forEach(ArrayList.java:1596)
	at java.base/java.util.ArrayList.forEach(ArrayList.java:1596)

[ERROR] com.ultrabms.controller.AuthControllerTest.authEndpointsShouldBePubliclyAccessible -- Time elapsed: 0.010 s <<< FAILURE!
java.lang.AssertionError: Status expected:<200> but was:<500>
	at org.springframework.test.util.AssertionErrors.fail(AssertionErrors.java:61)
	at org.springframework.test.util.AssertionErrors.assertEquals(AssertionErrors.java:128)
	at org.springframework.test.web.servlet.result.StatusResultMatchers.lambda$matcher$9(StatusResultMatchers.java:640)
	at org.springframework.test.web.servlet.MockMvc$1.andExpect(MockMvc.java:214)
	at com.ultrabms.controller.AuthControllerTest.authEndpointsShouldBePubliclyAccessible(AuthControllerTest.java:486)
	at java.base/java.lang.reflect.Method.invoke(Method.java:580)
	at java.base/java.util.ArrayList.forEach(ArrayList.java:1596)
	at java.base/java.util.ArrayList.forEach(ArrayList.java:1596)

[ERROR] com.ultrabms.controller.AuthControllerTest.loginShouldReturn200WithValidCredentials -- Time elapsed: 0.006 s <<< FAILURE!
java.lang.AssertionError: Status expected:<200> but was:<500>
	at org.springframework.test.util.AssertionErrors.fail(AssertionErrors.java:61)
	at org.springframework.test.util.AssertionErrors.assertEquals(AssertionErrors.java:128)
	at org.springframework.test.web.servlet.result.StatusResultMatchers.lambda$matcher$9(StatusResultMatchers.java:640)
	at org.springframework.test.web.servlet.MockMvc$1.andExpect(MockMvc.java:214)
	at com.ultrabms.controller.AuthControllerTest.loginShouldReturn200WithValidCredentials(AuthControllerTest.java:248)
	at java.base/java.lang.reflect.Method.invoke(Method.java:580)
	at java.base/java.util.ArrayList.forEach(ArrayList.java:1596)
	at java.base/java.util.ArrayList.forEach(ArrayList.java:1596)

[ERROR] com.ultrabms.controller.AuthControllerTest.loginShouldReturn401WithInvalidCredentials -- Time elapsed: 0.014 s <<< FAILURE!
java.lang.AssertionError: Status expected:<401> but was:<500>
	at org.springframework.test.util.AssertionErrors.fail(AssertionErrors.java:61)
	at org.springframework.test.util.AssertionErrors.assertEquals(AssertionErrors.java:128)
	at org.springframework.test.web.servlet.result.StatusResultMatchers.lambda$matcher$9(StatusResultMatchers.java:640)
	at org.springframework.test.web.servlet.MockMvc$1.andExpect(MockMvc.java:214)
	at com.ultrabms.controller.AuthControllerTest.loginShouldReturn401WithInvalidCredentials(AuthControllerTest.java:271)
	at java.base/java.lang.reflect.Method.invoke(Method.java:580)
	at java.base/java.util.ArrayList.forEach(ArrayList.java:1596)
	at java.base/java.util.ArrayList.forEach(ArrayList.java:1596)

[ERROR] com.ultrabms.controller.AuthControllerTest.registerShouldReturn201WithValidRequest -- Time elapsed: 0.023 s <<< FAILURE!
java.lang.AssertionError: No value at JSON path "$.id"
	at org.springframework.test.util.JsonPathExpectationsHelper.evaluateJsonPath(JsonPathExpectationsHelper.java:351)
	at org.springframework.test.util.JsonPathExpectationsHelper.assertExistsAndReturn(JsonPathExpectationsHelper.java:388)
	at org.springframework.test.util.JsonPathExpectationsHelper.exists(JsonPathExpectationsHelper.java:239)
	at org.springframework.test.web.servlet.result.JsonPathResultMatchers.lambda$exists$3(JsonPathResultMatchers.java:124)
	at org.springframework.test.web.servlet.MockMvc$1.andExpect(MockMvc.java:214)
	at com.ultrabms.controller.AuthControllerTest.registerShouldReturn201WithValidRequest(AuthControllerTest.java:127)
	at java.base/java.lang.reflect.Method.invoke(Method.java:580)
	at java.base/java.util.ArrayList.forEach(ArrayList.java:1596)
	at java.base/java.util.ArrayList.forEach(ArrayList.java:1596)
Caused by: java.lang.IllegalArgumentException: json can not be null or empty
	at com.jayway.jsonpath.internal.Utils.notEmpty(Utils.java:401)
	at com.jayway.jsonpath.JsonPath.read(JsonPath.java:390)
	at org.springframework.test.util.JsonPathExpectationsHelper.evaluateJsonPath(JsonPathExpectationsHelper.java:348)
	... 8 more

[ERROR] com.ultrabms.controller.AuthControllerTest.refreshShouldReturn401WithInvalidToken -- Time elapsed: 0.007 s <<< FAILURE!
java.lang.AssertionError: Status expected:<401> but was:<200>
	at org.springframework.test.util.AssertionErrors.fail(AssertionErrors.java:61)
	at org.springframework.test.util.AssertionErrors.assertEquals(AssertionErrors.java:128)
	at org.springframework.test.web.servlet.result.StatusResultMatchers.lambda$matcher$9(StatusResultMatchers.java:640)
	at org.springframework.test.web.servlet.MockMvc$1.andExpect(MockMvc.java:214)
	at com.ultrabms.controller.AuthControllerTest.refreshShouldReturn401WithInvalidToken(AuthControllerTest.java:401)
	at java.base/java.lang.reflect.Method.invoke(Method.java:580)
	at java.base/java.util.ArrayList.forEach(ArrayList.java:1596)
	at java.base/java.util.ArrayList.forEach(ArrayList.java:1596)

[ERROR] com.ultrabms.controller.AuthControllerTest.loginShouldReturn423WhenAccountIsLocked -- Time elapsed: 0.008 s <<< FAILURE!
java.lang.AssertionError: Status expected:<423> but was:<500>
	at org.springframework.test.util.AssertionErrors.fail(AssertionErrors.java:61)
	at org.springframework.test.util.AssertionErrors.assertEquals(AssertionErrors.java:128)
	at org.springframework.test.web.servlet.result.StatusResultMatchers.lambda$matcher$9(StatusResultMatchers.java:640)
	at org.springframework.test.web.servlet.MockMvc$1.andExpect(MockMvc.java:214)
	at com.ultrabms.controller.AuthControllerTest.loginShouldReturn423WhenAccountIsLocked(AuthControllerTest.java:287)
	at java.base/java.lang.reflect.Method.invoke(Method.java:580)
	at java.base/java.util.ArrayList.forEach(ArrayList.java:1596)
	at java.base/java.util.ArrayList.forEach(ArrayList.java:1596)

[ERROR] com.ultrabms.controller.AuthControllerTest.refreshShouldReturn200WithValidTokenInCookie -- Time elapsed: 0.008 s <<< FAILURE!
java.lang.AssertionError: No value at JSON path "$.accessToken"
	at org.springframework.test.util.JsonPathExpectationsHelper.evaluateJsonPath(JsonPathExpectationsHelper.java:351)
	at org.springframework.test.util.JsonPathExpectationsHelper.assertValue(JsonPathExpectationsHelper.java:148)
	at org.springframework.test.web.servlet.result.JsonPathResultMatchers.lambda$value$2(JsonPathResultMatchers.java:112)
	at org.springframework.test.web.servlet.MockMvc$1.andExpect(MockMvc.java:214)
	at com.ultrabms.controller.AuthControllerTest.refreshShouldReturn200WithValidTokenInCookie(AuthControllerTest.java:373)
	at java.base/java.lang.reflect.Method.invoke(Method.java:580)
	at java.base/java.util.ArrayList.forEach(ArrayList.java:1596)
	at java.base/java.util.ArrayList.forEach(ArrayList.java:1596)
Caused by: java.lang.IllegalArgumentException: json can not be null or empty
	at com.jayway.jsonpath.internal.Utils.notEmpty(Utils.java:401)
	at com.jayway.jsonpath.JsonPath.read(JsonPath.java:390)
	at org.springframework.test.util.JsonPathExpectationsHelper.evaluateJsonPath(JsonPathExpectationsHelper.java:348)
	... 7 more

[INFO] Running com.ultrabms.controller.UserControllerAuthorizationTest
[INFO] Running com.ultrabms.controller.UserControllerAuthorizationTest$RoleBasedAccessSummaryTests

  .   ____          _            __ _ _
 /\\ / ___'_ __ _ _(_)_ __  __ _ \ \ \ \
( ( )\___ | '_ | '_| | '_ \/ _` | \ \ \ \
 \\/  ___)| |_)| | | | | || (_| |  ) ) ) )
  '  |____| .__|_| |_|_| |_\__, | / / / /
 =========|_|==============|___/=/_/_/_/

 :: Spring Boot ::                (v3.4.0)

2025-11-14 19:06:00.315 [main] WARN  o.s.b.a.s.s.UserDetailsServiceAutoConfiguration [correlationId=NONE] - 

Using generated security password: aa1467ff-edd7-43d5-af3d-5de238d0385e

This generated password is for development use only. Your security configuration must be updated before running your application in production.

2025-11-14 19:06:00.316 [main] WARN  o.s.s.c.a.a.c.InitializeUserDetailsBeanManagerConfigurer$InitializeUserDetailsManagerConfigurer [correlationId=NONE] - Found 2 UserDetailsService beans, with names [inMemoryUserDetailsManager, com.ultrabms.security.CustomUserDetailsService#0]. Global Authentication Manager will not use a UserDetailsService for username/password login. Consider publishing a single UserDetailsService bean.
2025-11-14 19:06:00.436 [main] WARN  o.s.d.w.c.SpringDataJacksonConfiguration$PageModule$WarningLoggingModifier [correlationId=NONE] - Serializing PageImpl instances as-is is not supported, meaning that there is no guarantee about the stability of the resulting JSON structure!
	For a stable JSON structure, please use Spring Data's PagedModel (globally via @EnableSpringDataWebSupport(pageSerializationMode = VIA_DTO))
	or Spring HATEOAS and Spring Data's PagedResourcesAssembler as documented in https://docs.spring.io/spring-data/commons/reference/repositories/core-extensions.html#core.web.pageables.


MockHttpServletRequest:
      HTTP Method = GET
      Request URI = /api/v1/users
       Parameters = {}
          Headers = []
             Body = null
    Session Attrs = {SPRING_SECURITY_CONTEXT=SecurityContextImpl [Authentication=UsernamePasswordAuthenticationToken [Principal=org.springframework.security.core.userdetails.User [Username=tenant@test.com, Password=[PROTECTED], Enabled=true, AccountNonExpired=true, CredentialsNonExpired=true, AccountNonLocked=true, Granted Authorities=[ROLE_TENANT]], Credentials=[PROTECTED], Authenticated=true, Details=null, Granted Authorities=[ROLE_TENANT]]]}

Handler:
             Type = com.ultrabms.controller.UserController
           Method = com.ultrabms.controller.UserController#getAllUsers(Pageable)

Async:
    Async started = false
     Async result = null

Resolved Exception:
             Type = null

ModelAndView:
        View name = null
             View = null
            Model = null

FlashMap:
       Attributes = null

MockHttpServletResponse:
           Status = 200
    Error message = null
          Headers = [Vary:"Origin", "Access-Control-Request-Method", "Access-Control-Request-Headers", X-Content-Type-Options:"nosniff", X-XSS-Protection:"0", Cache-Control:"no-cache, no-store, max-age=0, must-revalidate", Pragma:"no-cache", Expires:"0", X-Frame-Options:"DENY"]
     Content type = null
             Body = 
    Forwarded URL = null
   Redirected URL = null
          Cookies = []
[ERROR] Tests run: 2, Failures: 1, Errors: 0, Skipped: 0, Time elapsed: 0.731 s <<< FAILURE! -- in com.ultrabms.controller.UserControllerAuthorizationTest$RoleBasedAccessSummaryTests
[ERROR] com.ultrabms.controller.UserControllerAuthorizationTest$RoleBasedAccessSummaryTests.tenantShouldHaveNoAccess -- Time elapsed: 0.006 s <<< FAILURE!
java.lang.AssertionError: Status expected:<403> but was:<200>
	at org.springframework.test.util.AssertionErrors.fail(AssertionErrors.java:61)
	at org.springframework.test.util.AssertionErrors.assertEquals(AssertionErrors.java:128)
	at org.springframework.test.web.servlet.result.StatusResultMatchers.lambda$matcher$9(StatusResultMatchers.java:640)
	at org.springframework.test.web.servlet.MockMvc$1.andExpect(MockMvc.java:214)
	at com.ultrabms.controller.UserControllerAuthorizationTest$RoleBasedAccessSummaryTests.tenantShouldHaveNoAccess(UserControllerAuthorizationTest.java:429)
	at java.base/java.lang.reflect.Method.invoke(Method.java:580)
	at java.base/java.util.ArrayList.forEach(ArrayList.java:1596)
	at java.base/java.util.ArrayList.forEach(ArrayList.java:1596)
	at java.base/java.util.ArrayList.forEach(ArrayList.java:1596)

[INFO] Running com.ultrabms.controller.UserControllerAuthorizationTest$DeleteUserTests

MockHttpServletRequest:
      HTTP Method = DELETE
      Request URI = /api/v1/users/6fd9b63f-7f19-4318-a202-ca6d16506291
       Parameters = {_csrf=[M5MmIiufZVnGh8tWuZLUOYC2EXBrk6E2ZasTeQ11wD75ERRPBfVEGhysBmvrtvligb_gDeGEPBFY8scbAJkkTz0To1vBIXB6]}
          Headers = []
             Body = null
    Session Attrs = {SPRING_SECURITY_CONTEXT=SecurityContextImpl [Authentication=UsernamePasswordAuthenticationToken [Principal=org.springframework.security.core.userdetails.User [Username=ms@test.com, Password=[PROTECTED], Enabled=true, AccountNonExpired=true, CredentialsNonExpired=true, AccountNonLocked=true, Granted Authorities=[ROLE_MAINTENANCE_SUPERVISOR]], Credentials=[PROTECTED], Authenticated=true, Details=null, Granted Authorities=[ROLE_MAINTENANCE_SUPERVISOR]]]}

Handler:
             Type = com.ultrabms.controller.UserController
           Method = com.ultrabms.controller.UserController#deleteUser(UUID)

Async:
    Async started = false
     Async result = null

Resolved Exception:
             Type = null

ModelAndView:
        View name = null
             View = null
            Model = null

FlashMap:
       Attributes = null

MockHttpServletResponse:
           Status = 204
    Error message = null
          Headers = [Vary:"Origin", "Access-Control-Request-Method", "Access-Control-Request-Headers", X-Content-Type-Options:"nosniff", X-XSS-Protection:"0", Cache-Control:"no-cache, no-store, max-age=0, must-revalidate", Pragma:"no-cache", Expires:"0", X-Frame-Options:"DENY"]
     Content type = null
             Body = 
    Forwarded URL = null
   Redirected URL = null
          Cookies = []

MockHttpServletRequest:
      HTTP Method = DELETE
      Request URI = /api/v1/users/6fd9b63f-7f19-4318-a202-ca6d16506291
       Parameters = {_csrf=[ACQ6Voyn7L2K0WYV8yBJ7Ew62ytR-dXeeDVs_y3Qqf-gB-SZMxNeYb-V1dmn4Vd2lw192ikL9hM0nbDzS1Rdzx2xmZrBPtSp]}
          Headers = []
             Body = null
    Session Attrs = {SPRING_SECURITY_CONTEXT=SecurityContextImpl [Authentication=UsernamePasswordAuthenticationToken [Principal=org.springframework.security.core.userdetails.User [Username=fm@test.com, Password=[PROTECTED], Enabled=true, AccountNonExpired=true, CredentialsNonExpired=true, AccountNonLocked=true, Granted Authorities=[ROLE_FINANCE_MANAGER]], Credentials=[PROTECTED], Authenticated=true, Details=null, Granted Authorities=[ROLE_FINANCE_MANAGER]]]}

Handler:
             Type = com.ultrabms.controller.UserController
           Method = com.ultrabms.controller.UserController#deleteUser(UUID)

Async:
    Async started = false
     Async result = null

Resolved Exception:
             Type = null

ModelAndView:
        View name = null
             View = null
            Model = null

FlashMap:
       Attributes = null

MockHttpServletResponse:
           Status = 204
    Error message = null
          Headers = [Vary:"Origin", "Access-Control-Request-Method", "Access-Control-Request-Headers", X-Content-Type-Options:"nosniff", X-XSS-Protection:"0", Cache-Control:"no-cache, no-store, max-age=0, must-revalidate", Pragma:"no-cache", Expires:"0", X-Frame-Options:"DENY"]
     Content type = null
             Body = 
    Forwarded URL = null
   Redirected URL = null
          Cookies = []

MockHttpServletRequest:
      HTTP Method = DELETE
      Request URI = /api/v1/users/6fd9b63f-7f19-4318-a202-ca6d16506291
       Parameters = {_csrf=[iEh1fnwRkr3TpLEhviKoKtUs3eu0nX4Xl8N-KJ1qqHqnwV8psSxAHxgk9o3-l4MW3Q-cH-cd8IqDrko686ZIHqtbkRnGpW9K]}
          Headers = []
             Body = null
    Session Attrs = {SPRING_SECURITY_CONTEXT=SecurityContextImpl [Authentication=UsernamePasswordAuthenticationToken [Principal=org.springframework.security.core.userdetails.User [Username=vendor@test.com, Password=[PROTECTED], Enabled=true, AccountNonExpired=true, CredentialsNonExpired=true, AccountNonLocked=true, Granted Authorities=[ROLE_VENDOR]], Credentials=[PROTECTED], Authenticated=true, Details=null, Granted Authorities=[ROLE_VENDOR]]]}

Handler:
             Type = com.ultrabms.controller.UserController
           Method = com.ultrabms.controller.UserController#deleteUser(UUID)

Async:
    Async started = false
     Async result = null

Resolved Exception:
             Type = null

ModelAndView:
        View name = null
             View = null
            Model = null

FlashMap:
       Attributes = null

MockHttpServletResponse:
           Status = 204
    Error message = null
          Headers = [Vary:"Origin", "Access-Control-Request-Method", "Access-Control-Request-Headers", X-Content-Type-Options:"nosniff", X-XSS-Protection:"0", Cache-Control:"no-cache, no-store, max-age=0, must-revalidate", Pragma:"no-cache", Expires:"0", X-Frame-Options:"DENY"]
     Content type = null
             Body = 
    Forwarded URL = null
   Redirected URL = null
          Cookies = []

MockHttpServletRequest:
      HTTP Method = DELETE
      Request URI = /api/v1/users/6fd9b63f-7f19-4318-a202-ca6d16506291
       Parameters = {_csrf=[_5BD2Sw-QzJTnx0yyaCzd5ZqzxjvtasSq5o2bfP2v_PkzZ6InvN37xtce1R-pnsDrY2HTqdb4nrW1J0_z_tQDsTAh8vSqPu8]}
          Headers = []
             Body = null
    Session Attrs = {SPRING_SECURITY_CONTEXT=SecurityContextImpl [Authentication=UsernamePasswordAuthenticationToken [Principal=org.springframework.security.core.userdetails.User [Username=pm@test.com, Password=[PROTECTED], Enabled=true, AccountNonExpired=true, CredentialsNonExpired=true, AccountNonLocked=true, Granted Authorities=[ROLE_PROPERTY_MANAGER]], Credentials=[PROTECTED], Authenticated=true, Details=null, Granted Authorities=[ROLE_PROPERTY_MANAGER]]]}

Handler:
             Type = com.ultrabms.controller.UserController
           Method = com.ultrabms.controller.UserController#deleteUser(UUID)

Async:
    Async started = false
     Async result = null

Resolved Exception:
             Type = null

ModelAndView:
        View name = null
             View = null
            Model = null

FlashMap:
       Attributes = null

MockHttpServletResponse:
           Status = 204
    Error message = null
          Headers = [Vary:"Origin", "Access-Control-Request-Method", "Access-Control-Request-Headers", X-Content-Type-Options:"nosniff", X-XSS-Protection:"0", Cache-Control:"no-cache, no-store, max-age=0, must-revalidate", Pragma:"no-cache", Expires:"0", X-Frame-Options:"DENY"]
     Content type = null
             Body = 
    Forwarded URL = null
   Redirected URL = null
          Cookies = []

MockHttpServletRequest:
      HTTP Method = DELETE
      Request URI = /api/v1/users/6fd9b63f-7f19-4318-a202-ca6d16506291
       Parameters = {_csrf=[NmmoKLVkxdhfEwdTVN6UtJbBOiyn7wBOrimJS0G3uQKiaSVgUAiQTYdVo7lyIT8yMfOghPSkF07DjDdjmky-KHGGi2CbDBRW]}
          Headers = []
             Body = null
    Session Attrs = {SPRING_SECURITY_CONTEXT=SecurityContextImpl [Authentication=UsernamePasswordAuthenticationToken [Principal=org.springframework.security.core.userdetails.User [Username=tenant@test.com, Password=[PROTECTED], Enabled=true, AccountNonExpired=true, CredentialsNonExpired=true, AccountNonLocked=true, Granted Authorities=[ROLE_TENANT]], Credentials=[PROTECTED], Authenticated=true, Details=null, Granted Authorities=[ROLE_TENANT]]]}

Handler:
             Type = com.ultrabms.controller.UserController
           Method = com.ultrabms.controller.UserController#deleteUser(UUID)

Async:
    Async started = false
     Async result = null

Resolved Exception:
             Type = null

ModelAndView:
        View name = null
             View = null
            Model = null

FlashMap:
       Attributes = null

MockHttpServletResponse:
           Status = 204
    Error message = null
          Headers = [Vary:"Origin", "Access-Control-Request-Method", "Access-Control-Request-Headers", X-Content-Type-Options:"nosniff", X-XSS-Protection:"0", Cache-Control:"no-cache, no-store, max-age=0, must-revalidate", Pragma:"no-cache", Expires:"0", X-Frame-Options:"DENY"]
     Content type = null
             Body = 
    Forwarded URL = null
   Redirected URL = null
          Cookies = []
[ERROR] Tests run: 6, Failures: 5, Errors: 0, Skipped: 0, Time elapsed: 0.063 s <<< FAILURE! -- in com.ultrabms.controller.UserControllerAuthorizationTest$DeleteUserTests
[ERROR] com.ultrabms.controller.UserControllerAuthorizationTest$DeleteUserTests.shouldDenyMaintenanceSupervisorFromDeletingUser -- Time elapsed: 0.006 s <<< FAILURE!
java.lang.AssertionError: Status expected:<403> but was:<204>
	at org.springframework.test.util.AssertionErrors.fail(AssertionErrors.java:61)
	at org.springframework.test.util.AssertionErrors.assertEquals(AssertionErrors.java:128)
	at org.springframework.test.web.servlet.result.StatusResultMatchers.lambda$matcher$9(StatusResultMatchers.java:640)
	at org.springframework.test.web.servlet.MockMvc$1.andExpect(MockMvc.java:214)
	at com.ultrabms.controller.UserControllerAuthorizationTest$DeleteUserTests.shouldDenyMaintenanceSupervisorFromDeletingUser(UserControllerAuthorizationTest.java:362)
	at java.base/java.lang.reflect.Method.invoke(Method.java:580)
	at java.base/java.util.ArrayList.forEach(ArrayList.java:1596)
	at java.base/java.util.ArrayList.forEach(ArrayList.java:1596)
	at java.base/java.util.ArrayList.forEach(ArrayList.java:1596)

[ERROR] com.ultrabms.controller.UserControllerAuthorizationTest$DeleteUserTests.shouldDenyFinanceManagerFromDeletingUser -- Time elapsed: 0.008 s <<< FAILURE!
java.lang.AssertionError: Status expected:<403> but was:<204>
	at org.springframework.test.util.AssertionErrors.fail(AssertionErrors.java:61)
	at org.springframework.test.util.AssertionErrors.assertEquals(AssertionErrors.java:128)
	at org.springframework.test.web.servlet.result.StatusResultMatchers.lambda$matcher$9(StatusResultMatchers.java:640)
	at org.springframework.test.web.servlet.MockMvc$1.andExpect(MockMvc.java:214)
	at com.ultrabms.controller.UserControllerAuthorizationTest$DeleteUserTests.shouldDenyFinanceManagerFromDeletingUser(UserControllerAuthorizationTest.java:371)
	at java.base/java.lang.reflect.Method.invoke(Method.java:580)
	at java.base/java.util.ArrayList.forEach(ArrayList.java:1596)
	at java.base/java.util.ArrayList.forEach(ArrayList.java:1596)
	at java.base/java.util.ArrayList.forEach(ArrayList.java:1596)

[ERROR] com.ultrabms.controller.UserControllerAuthorizationTest$DeleteUserTests.shouldDenyVendorFromDeletingUser -- Time elapsed: 0.005 s <<< FAILURE!
java.lang.AssertionError: Status expected:<403> but was:<204>
	at org.springframework.test.util.AssertionErrors.fail(AssertionErrors.java:61)
	at org.springframework.test.util.AssertionErrors.assertEquals(AssertionErrors.java:128)
	at org.springframework.test.web.servlet.result.StatusResultMatchers.lambda$matcher$9(StatusResultMatchers.java:640)
	at org.springframework.test.web.servlet.MockMvc$1.andExpect(MockMvc.java:214)
	at com.ultrabms.controller.UserControllerAuthorizationTest$DeleteUserTests.shouldDenyVendorFromDeletingUser(UserControllerAuthorizationTest.java:380)
	at java.base/java.lang.reflect.Method.invoke(Method.java:580)
	at java.base/java.util.ArrayList.forEach(ArrayList.java:1596)
	at java.base/java.util.ArrayList.forEach(ArrayList.java:1596)
	at java.base/java.util.ArrayList.forEach(ArrayList.java:1596)

[ERROR] com.ultrabms.controller.UserControllerAuthorizationTest$DeleteUserTests.shouldDenyPropertyManagerFromDeletingUser -- Time elapsed: 0.008 s <<< FAILURE!
java.lang.AssertionError: Status expected:<403> but was:<204>
	at org.springframework.test.util.AssertionErrors.fail(AssertionErrors.java:61)
	at org.springframework.test.util.AssertionErrors.assertEquals(AssertionErrors.java:128)
	at org.springframework.test.web.servlet.result.StatusResultMatchers.lambda$matcher$9(StatusResultMatchers.java:640)
	at org.springframework.test.web.servlet.MockMvc$1.andExpect(MockMvc.java:214)
	at com.ultrabms.controller.UserControllerAuthorizationTest$DeleteUserTests.shouldDenyPropertyManagerFromDeletingUser(UserControllerAuthorizationTest.java:344)
	at java.base/java.lang.reflect.Method.invoke(Method.java:580)
	at java.base/java.util.ArrayList.forEach(ArrayList.java:1596)
	at java.base/java.util.ArrayList.forEach(ArrayList.java:1596)
	at java.base/java.util.ArrayList.forEach(ArrayList.java:1596)

[ERROR] com.ultrabms.controller.UserControllerAuthorizationTest$DeleteUserTests.shouldDenyTenantFromDeletingUser -- Time elapsed: 0.006 s <<< FAILURE!
java.lang.AssertionError: Status expected:<403> but was:<204>
	at org.springframework.test.util.AssertionErrors.fail(AssertionErrors.java:61)
	at org.springframework.test.util.AssertionErrors.assertEquals(AssertionErrors.java:128)
	at org.springframework.test.web.servlet.result.StatusResultMatchers.lambda$matcher$9(StatusResultMatchers.java:640)
	at org.springframework.test.web.servlet.MockMvc$1.andExpect(MockMvc.java:214)
	at com.ultrabms.controller.UserControllerAuthorizationTest$DeleteUserTests.shouldDenyTenantFromDeletingUser(UserControllerAuthorizationTest.java:353)
	at java.base/java.lang.reflect.Method.invoke(Method.java:580)
	at java.base/java.util.ArrayList.forEach(ArrayList.java:1596)
	at java.base/java.util.ArrayList.forEach(ArrayList.java:1596)
	at java.base/java.util.ArrayList.forEach(ArrayList.java:1596)

[INFO] Running com.ultrabms.controller.UserControllerAuthorizationTest$UpdateUserTests

MockHttpServletRequest:
      HTTP Method = PUT
      Request URI = /api/v1/users/6fd9b63f-7f19-4318-a202-ca6d16506291
       Parameters = {_csrf=[IgXC1Zrt4H1ZZhrIDtmaf0Q1gDd7k-wH-YMTqK71JXPGSnCFFjXx4Kjcghx0BH6ra_SuRnBXrQ9D8okqyrR1mZ_HFESgfUjh]}
          Headers = [Content-Type:"application/json;charset=UTF-8", Content-Length:"171"]
             Body = {"id":null,"email":"updated@test.com","firstName":"Test","lastName":"User","roleName":"FINANCE_MANAGER","active":true,"mfaEnabled":false,"createdAt":null,"updatedAt":null}
    Session Attrs = {SPRING_SECURITY_CONTEXT=SecurityContextImpl [Authentication=UsernamePasswordAuthenticationToken [Principal=org.springframework.security.core.userdetails.User [Username=fm@test.com, Password=[PROTECTED], Enabled=true, AccountNonExpired=true, CredentialsNonExpired=true, AccountNonLocked=true, Granted Authorities=[ROLE_FINANCE_MANAGER]], Credentials=[PROTECTED], Authenticated=true, Details=null, Granted Authorities=[ROLE_FINANCE_MANAGER]]]}

Handler:
             Type = com.ultrabms.controller.UserController
           Method = com.ultrabms.controller.UserController#updateUser(UUID, UserDto)

Async:
    Async started = false
     Async result = null

Resolved Exception:
             Type = null

ModelAndView:
        View name = null
             View = null
            Model = null

FlashMap:
       Attributes = null

MockHttpServletResponse:
           Status = 200
    Error message = null
          Headers = [Vary:"Origin", "Access-Control-Request-Method", "Access-Control-Request-Headers", X-Content-Type-Options:"nosniff", X-XSS-Protection:"0", Cache-Control:"no-cache, no-store, max-age=0, must-revalidate", Pragma:"no-cache", Expires:"0", X-Frame-Options:"DENY"]
     Content type = null
             Body = 
    Forwarded URL = null
   Redirected URL = null
          Cookies = []

MockHttpServletRequest:
      HTTP Method = PUT
      Request URI = /api/v1/users/6fd9b63f-7f19-4318-a202-ca6d16506291
       Parameters = {_csrf=[YR3jbvecSd_3NGIFML3i-rFO7fqHyE5dzNjR7p3aF9wK3Z9zACnRWpKucLnaB1dhUZDWnoV3wJvh_Cpw9Oi11_nodes55PpA]}
          Headers = [Content-Type:"application/json;charset=UTF-8", Content-Length:"162"]
             Body = {"id":null,"email":"updated@test.com","firstName":"Test","lastName":"User","roleName":"TENANT","active":true,"mfaEnabled":false,"createdAt":null,"updatedAt":null}
    Session Attrs = {SPRING_SECURITY_CONTEXT=SecurityContextImpl [Authentication=UsernamePasswordAuthenticationToken [Principal=org.springframework.security.core.userdetails.User [Username=tenant@test.com, Password=[PROTECTED], Enabled=true, AccountNonExpired=true, CredentialsNonExpired=true, AccountNonLocked=true, Granted Authorities=[ROLE_TENANT]], Credentials=[PROTECTED], Authenticated=true, Details=null, Granted Authorities=[ROLE_TENANT]]]}

Handler:
             Type = com.ultrabms.controller.UserController
           Method = com.ultrabms.controller.UserController#updateUser(UUID, UserDto)

Async:
    Async started = false
     Async result = null

Resolved Exception:
             Type = null

ModelAndView:
        View name = null
             View = null
            Model = null

FlashMap:
       Attributes = null

MockHttpServletResponse:
           Status = 200
    Error message = null
          Headers = [Vary:"Origin", "Access-Control-Request-Method", "Access-Control-Request-Headers", X-Content-Type-Options:"nosniff", X-XSS-Protection:"0", Cache-Control:"no-cache, no-store, max-age=0, must-revalidate", Pragma:"no-cache", Expires:"0", X-Frame-Options:"DENY"]
     Content type = null
             Body = 
    Forwarded URL = null
   Redirected URL = null
          Cookies = []
[ERROR] Tests run: 3, Failures: 2, Errors: 0, Skipped: 0, Time elapsed: 0.080 s <<< FAILURE! -- in com.ultrabms.controller.UserControllerAuthorizationTest$UpdateUserTests
[ERROR] com.ultrabms.controller.UserControllerAuthorizationTest$UpdateUserTests.shouldDenyFinanceManagerFromUpdatingUser -- Time elapsed: 0.026 s <<< FAILURE!
java.lang.AssertionError: Status expected:<403> but was:<200>
	at org.springframework.test.util.AssertionErrors.fail(AssertionErrors.java:61)
	at org.springframework.test.util.AssertionErrors.assertEquals(AssertionErrors.java:128)
	at org.springframework.test.web.servlet.result.StatusResultMatchers.lambda$matcher$9(StatusResultMatchers.java:640)
	at org.springframework.test.web.servlet.MockMvc$1.andExpect(MockMvc.java:214)
	at com.ultrabms.controller.UserControllerAuthorizationTest$UpdateUserTests.shouldDenyFinanceManagerFromUpdatingUser(UserControllerAuthorizationTest.java:320)
	at java.base/java.lang.reflect.Method.invoke(Method.java:580)
	at java.base/java.util.ArrayList.forEach(ArrayList.java:1596)
	at java.base/java.util.ArrayList.forEach(ArrayList.java:1596)
	at java.base/java.util.ArrayList.forEach(ArrayList.java:1596)

[ERROR] com.ultrabms.controller.UserControllerAuthorizationTest$UpdateUserTests.shouldDenyTenantFromUpdatingUser -- Time elapsed: 0.020 s <<< FAILURE!
java.lang.AssertionError: Status expected:<403> but was:<200>
	at org.springframework.test.util.AssertionErrors.fail(AssertionErrors.java:61)
	at org.springframework.test.util.AssertionErrors.assertEquals(AssertionErrors.java:128)
	at org.springframework.test.web.servlet.result.StatusResultMatchers.lambda$matcher$9(StatusResultMatchers.java:640)
	at org.springframework.test.web.servlet.MockMvc$1.andExpect(MockMvc.java:214)
	at com.ultrabms.controller.UserControllerAuthorizationTest$UpdateUserTests.shouldDenyTenantFromUpdatingUser(UserControllerAuthorizationTest.java:297)
	at java.base/java.lang.reflect.Method.invoke(Method.java:580)
	at java.base/java.util.ArrayList.forEach(ArrayList.java:1596)
	at java.base/java.util.ArrayList.forEach(ArrayList.java:1596)
	at java.base/java.util.ArrayList.forEach(ArrayList.java:1596)

[INFO] Running com.ultrabms.controller.UserControllerAuthorizationTest$CreateUserTests

MockHttpServletRequest:
      HTTP Method = POST
      Request URI = /api/v1/users
       Parameters = {_csrf=[UiwOcwPFhp4oFEkYg-ogQKpeJtN59rpZuLGlisUW0T6mif9wahxvQmXzv_wFcHx-4McUJss7C7IYkIJ0j4iUuPEhtF-XuZtG]}
          Headers = [Content-Type:"application/json;charset=UTF-8", Content-Length:"162"]
             Body = {"id":null,"email":"newuser@test.com","firstName":"Test","lastName":"User","roleName":"TENANT","active":true,"mfaEnabled":false,"createdAt":null,"updatedAt":null}
    Session Attrs = {SPRING_SECURITY_CONTEXT=SecurityContextImpl [Authentication=UsernamePasswordAuthenticationToken [Principal=org.springframework.security.core.userdetails.User [Username=pm@test.com, Password=[PROTECTED], Enabled=true, AccountNonExpired=true, CredentialsNonExpired=true, AccountNonLocked=true, Granted Authorities=[ROLE_PROPERTY_MANAGER]], Credentials=[PROTECTED], Authenticated=true, Details=null, Granted Authorities=[ROLE_PROPERTY_MANAGER]]]}

Handler:
             Type = com.ultrabms.controller.UserController
           Method = com.ultrabms.controller.UserController#createUser(UserDto)

Async:
    Async started = false
     Async result = null

Resolved Exception:
             Type = null

ModelAndView:
        View name = null
             View = null
            Model = null

FlashMap:
       Attributes = null

MockHttpServletResponse:
           Status = 201
    Error message = null
          Headers = [Vary:"Origin", "Access-Control-Request-Method", "Access-Control-Request-Headers", X-Content-Type-Options:"nosniff", X-XSS-Protection:"0", Cache-Control:"no-cache, no-store, max-age=0, must-revalidate", Pragma:"no-cache", Expires:"0", X-Frame-Options:"DENY"]
     Content type = null
             Body = 
    Forwarded URL = null
   Redirected URL = null
          Cookies = []

MockHttpServletRequest:
      HTTP Method = POST
      Request URI = /api/v1/users
       Parameters = {_csrf=[jDXOuSkcLmAXT_Aq4qfTkOb8jIEwnZWb1PmOqhbfc-tvmdhMtVOsixp4S1g6e5JP24rnpdeeoblRraS2t8jrmXS7RYgL_-wp]}
          Headers = [Content-Type:"application/json;charset=UTF-8", Content-Length:"162"]
             Body = {"id":null,"email":"newuser@test.com","firstName":"Test","lastName":"User","roleName":"TENANT","active":true,"mfaEnabled":false,"createdAt":null,"updatedAt":null}
    Session Attrs = {SPRING_SECURITY_CONTEXT=SecurityContextImpl [Authentication=UsernamePasswordAuthenticationToken [Principal=org.springframework.security.core.userdetails.User [Username=tenant@test.com, Password=[PROTECTED], Enabled=true, AccountNonExpired=true, CredentialsNonExpired=true, AccountNonLocked=true, Granted Authorities=[ROLE_TENANT]], Credentials=[PROTECTED], Authenticated=true, Details=null, Granted Authorities=[ROLE_TENANT]]]}

Handler:
             Type = com.ultrabms.controller.UserController
           Method = com.ultrabms.controller.UserController#createUser(UserDto)

Async:
    Async started = false
     Async result = null

Resolved Exception:
             Type = null

ModelAndView:
        View name = null
             View = null
            Model = null

FlashMap:
       Attributes = null

MockHttpServletResponse:
           Status = 201
    Error message = null
          Headers = [Vary:"Origin", "Access-Control-Request-Method", "Access-Control-Request-Headers", X-Content-Type-Options:"nosniff", X-XSS-Protection:"0", Cache-Control:"no-cache, no-store, max-age=0, must-revalidate", Pragma:"no-cache", Expires:"0", X-Frame-Options:"DENY"]
     Content type = null
             Body = 
    Forwarded URL = null
   Redirected URL = null
          Cookies = []

MockHttpServletRequest:
      HTTP Method = POST
      Request URI = /api/v1/users
       Parameters = {_csrf=[I7msOIZOLD3fWILp7ujzn1r9QLo-dOo-eiM3ICv_k8wYQdWvFNuVWrF5Sg3yaOeN2MXHqTyYbdgKRdkTQkFVGEjPqv4udePL]}
          Headers = [Content-Type:"application/json;charset=UTF-8", Content-Length:"162"]
             Body = {"id":null,"email":"newuser@test.com","firstName":"Test","lastName":"User","roleName":"TENANT","active":true,"mfaEnabled":false,"createdAt":null,"updatedAt":null}
    Session Attrs = {SPRING_SECURITY_CONTEXT=SecurityContextImpl [Authentication=UsernamePasswordAuthenticationToken [Principal=org.springframework.security.core.userdetails.User [Username=ms@test.com, Password=[PROTECTED], Enabled=true, AccountNonExpired=true, CredentialsNonExpired=true, AccountNonLocked=true, Granted Authorities=[ROLE_MAINTENANCE_SUPERVISOR]], Credentials=[PROTECTED], Authenticated=true, Details=null, Granted Authorities=[ROLE_MAINTENANCE_SUPERVISOR]]]}

Handler:
             Type = com.ultrabms.controller.UserController
           Method = com.ultrabms.controller.UserController#createUser(UserDto)

Async:
    Async started = false
     Async result = null

Resolved Exception:
             Type = null

ModelAndView:
        View name = null
             View = null
            Model = null

FlashMap:
       Attributes = null

MockHttpServletResponse:
           Status = 201
    Error message = null
          Headers = [Vary:"Origin", "Access-Control-Request-Method", "Access-Control-Request-Headers", X-Content-Type-Options:"nosniff", X-XSS-Protection:"0", Cache-Control:"no-cache, no-store, max-age=0, must-revalidate", Pragma:"no-cache", Expires:"0", X-Frame-Options:"DENY"]
     Content type = null
             Body = 
    Forwarded URL = null
   Redirected URL = null
          Cookies = []
[ERROR] Tests run: 4, Failures: 3, Errors: 0, Skipped: 0, Time elapsed: 0.082 s <<< FAILURE! -- in com.ultrabms.controller.UserControllerAuthorizationTest$CreateUserTests
[ERROR] com.ultrabms.controller.UserControllerAuthorizationTest$CreateUserTests.shouldDenyPropertyManagerFromCreatingUser -- Time elapsed: 0.014 s <<< FAILURE!
java.lang.AssertionError: Status expected:<403> but was:<201>
	at org.springframework.test.util.AssertionErrors.fail(AssertionErrors.java:61)
	at org.springframework.test.util.AssertionErrors.assertEquals(AssertionErrors.java:128)
	at org.springframework.test.web.servlet.result.StatusResultMatchers.lambda$matcher$9(StatusResultMatchers.java:640)
	at org.springframework.test.web.servlet.MockMvc$1.andExpect(MockMvc.java:214)
	at com.ultrabms.controller.UserControllerAuthorizationTest$CreateUserTests.shouldDenyPropertyManagerFromCreatingUser(UserControllerAuthorizationTest.java:196)
	at java.base/java.lang.reflect.Method.invoke(Method.java:580)
	at java.base/java.util.ArrayList.forEach(ArrayList.java:1596)
	at java.base/java.util.ArrayList.forEach(ArrayList.java:1596)
	at java.base/java.util.ArrayList.forEach(ArrayList.java:1596)

[ERROR] com.ultrabms.controller.UserControllerAuthorizationTest$CreateUserTests.shouldDenyTenantFromCreatingUser -- Time elapsed: 0.016 s <<< FAILURE!
java.lang.AssertionError: Status expected:<403> but was:<201>
	at org.springframework.test.util.AssertionErrors.fail(AssertionErrors.java:61)
	at org.springframework.test.util.AssertionErrors.assertEquals(AssertionErrors.java:128)
	at org.springframework.test.web.servlet.result.StatusResultMatchers.lambda$matcher$9(StatusResultMatchers.java:640)
	at org.springframework.test.web.servlet.MockMvc$1.andExpect(MockMvc.java:214)
	at com.ultrabms.controller.UserControllerAuthorizationTest$CreateUserTests.shouldDenyTenantFromCreatingUser(UserControllerAuthorizationTest.java:219)
	at java.base/java.lang.reflect.Method.invoke(Method.java:580)
	at java.base/java.util.ArrayList.forEach(ArrayList.java:1596)
	at java.base/java.util.ArrayList.forEach(ArrayList.java:1596)
	at java.base/java.util.ArrayList.forEach(ArrayList.java:1596)

[ERROR] com.ultrabms.controller.UserControllerAuthorizationTest$CreateUserTests.shouldDenyMaintenanceSupervisorFromCreatingUser -- Time elapsed: 0.009 s <<< FAILURE!
java.lang.AssertionError: Status expected:<403> but was:<201>
	at org.springframework.test.util.AssertionErrors.fail(AssertionErrors.java:61)
	at org.springframework.test.util.AssertionErrors.assertEquals(AssertionErrors.java:128)
	at org.springframework.test.web.servlet.result.StatusResultMatchers.lambda$matcher$9(StatusResultMatchers.java:640)
	at org.springframework.test.web.servlet.MockMvc$1.andExpect(MockMvc.java:214)
	at com.ultrabms.controller.UserControllerAuthorizationTest$CreateUserTests.shouldDenyMaintenanceSupervisorFromCreatingUser(UserControllerAuthorizationTest.java:242)
	at java.base/java.lang.reflect.Method.invoke(Method.java:580)
	at java.base/java.util.ArrayList.forEach(ArrayList.java:1596)
	at java.base/java.util.ArrayList.forEach(ArrayList.java:1596)
	at java.base/java.util.ArrayList.forEach(ArrayList.java:1596)

[INFO] Running com.ultrabms.controller.UserControllerAuthorizationTest$GetUserByIdTests

MockHttpServletRequest:
      HTTP Method = GET
      Request URI = /api/v1/users/6fd9b63f-7f19-4318-a202-ca6d16506291
       Parameters = {}
          Headers = []
             Body = null
    Session Attrs = {SPRING_SECURITY_CONTEXT=SecurityContextImpl [Authentication=UsernamePasswordAuthenticationToken [Principal=org.springframework.security.core.userdetails.User [Username=tenant@test.com, Password=[PROTECTED], Enabled=true, AccountNonExpired=true, CredentialsNonExpired=true, AccountNonLocked=true, Granted Authorities=[ROLE_TENANT]], Credentials=[PROTECTED], Authenticated=true, Details=null, Granted Authorities=[ROLE_TENANT]]]}

Handler:
             Type = com.ultrabms.controller.UserController
           Method = com.ultrabms.controller.UserController#getUserById(UUID)

Async:
    Async started = false
     Async result = null

Resolved Exception:
             Type = null

ModelAndView:
        View name = null
             View = null
            Model = null

FlashMap:
       Attributes = null

MockHttpServletResponse:
           Status = 200
    Error message = null
          Headers = [Vary:"Origin", "Access-Control-Request-Method", "Access-Control-Request-Headers", X-Content-Type-Options:"nosniff", X-XSS-Protection:"0", Cache-Control:"no-cache, no-store, max-age=0, must-revalidate", Pragma:"no-cache", Expires:"0", X-Frame-Options:"DENY"]
     Content type = null
             Body = 
    Forwarded URL = null
   Redirected URL = null
          Cookies = []
[ERROR] Tests run: 2, Failures: 1, Errors: 0, Skipped: 0, Time elapsed: 0.070 s <<< FAILURE! -- in com.ultrabms.controller.UserControllerAuthorizationTest$GetUserByIdTests
[ERROR] com.ultrabms.controller.UserControllerAuthorizationTest$GetUserByIdTests.shouldDenyTenantFromGettingUserById -- Time elapsed: 0.013 s <<< FAILURE!
java.lang.AssertionError: Status expected:<403> but was:<200>
	at org.springframework.test.util.AssertionErrors.fail(AssertionErrors.java:61)
	at org.springframework.test.util.AssertionErrors.assertEquals(AssertionErrors.java:128)
	at org.springframework.test.web.servlet.result.StatusResultMatchers.lambda$matcher$9(StatusResultMatchers.java:640)
	at org.springframework.test.web.servlet.MockMvc$1.andExpect(MockMvc.java:214)
	at com.ultrabms.controller.UserControllerAuthorizationTest$GetUserByIdTests.shouldDenyTenantFromGettingUserById(UserControllerAuthorizationTest.java:129)
	at java.base/java.lang.reflect.Method.invoke(Method.java:580)
	at java.base/java.util.ArrayList.forEach(ArrayList.java:1596)
	at java.base/java.util.ArrayList.forEach(ArrayList.java:1596)
	at java.base/java.util.ArrayList.forEach(ArrayList.java:1596)

[INFO] Running com.ultrabms.controller.UserControllerAuthorizationTest$GetAllUsersTests

MockHttpServletRequest:
      HTTP Method = GET
      Request URI = /api/v1/users
       Parameters = {}
          Headers = []
             Body = null
    Session Attrs = {SPRING_SECURITY_CONTEXT=SecurityContextImpl [Authentication=UsernamePasswordAuthenticationToken [Principal=org.springframework.security.core.userdetails.User [Username=pm@test.com, Password=[PROTECTED], Enabled=true, AccountNonExpired=true, CredentialsNonExpired=true, AccountNonLocked=true, Granted Authorities=[ROLE_PROPERTY_MANAGER]], Credentials=[PROTECTED], Authenticated=true, Details=null, Granted Authorities=[ROLE_PROPERTY_MANAGER]]]}

Handler:
             Type = com.ultrabms.controller.UserController
           Method = com.ultrabms.controller.UserController#getAllUsers(Pageable)

Async:
    Async started = false
     Async result = null

Resolved Exception:
             Type = null

ModelAndView:
        View name = null
             View = null
            Model = null

FlashMap:
       Attributes = null

MockHttpServletResponse:
           Status = 200
    Error message = null
          Headers = [Vary:"Origin", "Access-Control-Request-Method", "Access-Control-Request-Headers", X-Content-Type-Options:"nosniff", X-XSS-Protection:"0", Cache-Control:"no-cache, no-store, max-age=0, must-revalidate", Pragma:"no-cache", Expires:"0", X-Frame-Options:"DENY"]
     Content type = null
             Body = 
    Forwarded URL = null
   Redirected URL = null
          Cookies = []

MockHttpServletRequest:
      HTTP Method = GET
      Request URI = /api/v1/users
       Parameters = {}
          Headers = []
             Body = null
    Session Attrs = {SPRING_SECURITY_CONTEXT=SecurityContextImpl [Authentication=UsernamePasswordAuthenticationToken [Principal=org.springframework.security.core.userdetails.User [Username=tenant@test.com, Password=[PROTECTED], Enabled=true, AccountNonExpired=true, CredentialsNonExpired=true, AccountNonLocked=true, Granted Authorities=[ROLE_TENANT]], Credentials=[PROTECTED], Authenticated=true, Details=null, Granted Authorities=[ROLE_TENANT]]]}

Handler:
             Type = com.ultrabms.controller.UserController
           Method = com.ultrabms.controller.UserController#getAllUsers(Pageable)

Async:
    Async started = false
     Async result = null

Resolved Exception:
             Type = null

ModelAndView:
        View name = null
             View = null
            Model = null

FlashMap:
       Attributes = null

MockHttpServletResponse:
           Status = 200
    Error message = null
          Headers = [Vary:"Origin", "Access-Control-Request-Method", "Access-Control-Request-Headers", X-Content-Type-Options:"nosniff", X-XSS-Protection:"0", Cache-Control:"no-cache, no-store, max-age=0, must-revalidate", Pragma:"no-cache", Expires:"0", X-Frame-Options:"DENY"]
     Content type = null
             Body = 
    Forwarded URL = null
   Redirected URL = null
          Cookies = []
[ERROR] Tests run: 4, Failures: 2, Errors: 0, Skipped: 0, Time elapsed: 0.085 s <<< FAILURE! -- in com.ultrabms.controller.UserControllerAuthorizationTest$GetAllUsersTests
[ERROR] com.ultrabms.controller.UserControllerAuthorizationTest$GetAllUsersTests.shouldDenyPropertyManagerWithoutPermission -- Time elapsed: 0.019 s <<< FAILURE!
java.lang.AssertionError: Status expected:<403> but was:<200>
	at org.springframework.test.util.AssertionErrors.fail(AssertionErrors.java:61)
	at org.springframework.test.util.AssertionErrors.assertEquals(AssertionErrors.java:128)
	at org.springframework.test.web.servlet.result.StatusResultMatchers.lambda$matcher$9(StatusResultMatchers.java:640)
	at org.springframework.test.web.servlet.MockMvc$1.andExpect(MockMvc.java:214)
	at com.ultrabms.controller.UserControllerAuthorizationTest$GetAllUsersTests.shouldDenyPropertyManagerWithoutPermission(UserControllerAuthorizationTest.java:92)
	at java.base/java.lang.reflect.Method.invoke(Method.java:580)
	at java.base/java.util.ArrayList.forEach(ArrayList.java:1596)
	at java.base/java.util.ArrayList.forEach(ArrayList.java:1596)
	at java.base/java.util.ArrayList.forEach(ArrayList.java:1596)

[ERROR] com.ultrabms.controller.UserControllerAuthorizationTest$GetAllUsersTests.shouldDenyTenantFromListingUsers -- Time elapsed: 0.017 s <<< FAILURE!
java.lang.AssertionError: Status expected:<403> but was:<200>
	at org.springframework.test.util.AssertionErrors.fail(AssertionErrors.java:61)
	at org.springframework.test.util.AssertionErrors.assertEquals(AssertionErrors.java:128)
	at org.springframework.test.web.servlet.result.StatusResultMatchers.lambda$matcher$9(StatusResultMatchers.java:640)
	at org.springframework.test.web.servlet.MockMvc$1.andExpect(MockMvc.java:214)
	at com.ultrabms.controller.UserControllerAuthorizationTest$GetAllUsersTests.shouldDenyTenantFromListingUsers(UserControllerAuthorizationTest.java:77)
	at java.base/java.lang.reflect.Method.invoke(Method.java:580)
	at java.base/java.util.ArrayList.forEach(ArrayList.java:1596)
	at java.base/java.util.ArrayList.forEach(ArrayList.java:1596)
	at java.base/java.util.ArrayList.forEach(ArrayList.java:1596)

[INFO] Tests run: 0, Failures: 0, Errors: 0, Skipped: 0, Time elapsed: 1.139 s -- in com.ultrabms.controller.UserControllerAuthorizationTest
[INFO] Running com.ultrabms.service.LoginAttemptServiceTest
2025-11-14 19:06:00.908 [main] WARN  c.u.service.LoginAttemptService [correlationId=NONE] - Failed login attempt for email: test@ultrabms.com (attempt 1/5)
2025-11-14 19:06:00.922 [main] WARN  c.u.service.LoginAttemptService [correlationId=NONE] - Failed login attempt for email: test@ultrabms.com (attempt 1/5)
2025-11-14 19:06:00.923 [main] WARN  c.u.service.LoginAttemptService [correlationId=NONE] - Failed login attempt for email: TEST@ultrabms.com (attempt 1/5)
2025-11-14 19:06:00.923 [main] WARN  c.u.service.LoginAttemptService [correlationId=NONE] - Failed login attempt for email: Test@UltraBms.COM (attempt 1/5)
2025-11-14 19:06:00.933 [main] WARN  c.u.service.LoginAttemptService [correlationId=NONE] - Failed login attempt for email:  (attempt 1/5)
2025-11-14 19:06:00.939 [main] WARN  c.u.service.LoginAttemptService [correlationId=NONE] - Failed login attempt for email: test@ultrabms.com (attempt 1/5)
2025-11-14 19:06:00.964 [main] WARN  c.u.service.LoginAttemptService [correlationId=NONE] - Failed login attempt for email: test@ultrabms.com (attempt 1/5)
2025-11-14 19:06:00.965 [main] WARN  c.u.service.LoginAttemptService [correlationId=NONE] - Failed login attempt for email: test@ultrabms.com (attempt 2/5)
2025-11-14 19:06:00.965 [main] WARN  c.u.service.LoginAttemptService [correlationId=NONE] - Failed login attempt for email: test@ultrabms.com (attempt 3/5)
2025-11-14 19:06:00.966 [main] WARN  c.u.service.LoginAttemptService [correlationId=NONE] - Failed login attempt for email: test@ultrabms.com (attempt 4/5)
2025-11-14 19:06:00.981 [main] WARN  c.u.service.LoginAttemptService [correlationId=NONE] - Failed login attempt for email: test@ultrabms.com (attempt 1/5)
2025-11-14 19:06:00.982 [main] WARN  c.u.service.LoginAttemptService [correlationId=NONE] - Failed login attempt for email: test@ultrabms.com (attempt 2/5)
2025-11-14 19:06:00.982 [main] WARN  c.u.service.LoginAttemptService [correlationId=NONE] - Failed login attempt for email: test@ultrabms.com (attempt 3/5)
2025-11-14 19:06:00.982 [main] WARN  c.u.service.LoginAttemptService [correlationId=NONE] - Failed login attempt for email: test@ultrabms.com (attempt 4/5)
2025-11-14 19:06:00.982 [main] WARN  c.u.service.LoginAttemptService [correlationId=NONE] - Failed login attempt for email: test@ultrabms.com (attempt 5/5)
2025-11-14 19:06:00.982 [main] WARN  c.u.service.LoginAttemptService [correlationId=NONE] - Login blocked for email: test@ultrabms.com due to 5 failed attempts
2025-11-14 19:06:00.987 [main] WARN  c.u.service.LoginAttemptService [correlationId=NONE] - Failed login attempt for email: test@ultrabms.com (attempt 1/5)
2025-11-14 19:06:00.987 [main] WARN  c.u.service.LoginAttemptService [correlationId=NONE] - Failed login attempt for email: test@ultrabms.com (attempt 2/5)
2025-11-14 19:06:00.987 [main] WARN  c.u.service.LoginAttemptService [correlationId=NONE] - Failed login attempt for email: test@ultrabms.com (attempt 3/5)
2025-11-14 19:06:00.987 [main] WARN  c.u.service.LoginAttemptService [correlationId=NONE] - Failed login attempt for email: test@ultrabms.com (attempt 4/5)
2025-11-14 19:06:00.987 [main] WARN  c.u.service.LoginAttemptService [correlationId=NONE] - Failed login attempt for email: test@ultrabms.com (attempt 5/5)
2025-11-14 19:06:00.987 [main] WARN  c.u.service.LoginAttemptService [correlationId=NONE] - Failed login attempt for email: test@ultrabms.com (attempt 6/5)
2025-11-14 19:06:00.987 [main] WARN  c.u.service.LoginAttemptService [correlationId=NONE] - Failed login attempt for email: test@ultrabms.com (attempt 7/5)
2025-11-14 19:06:00.987 [main] WARN  c.u.service.LoginAttemptService [correlationId=NONE] - Failed login attempt for email: test@ultrabms.com (attempt 8/5)
2025-11-14 19:06:00.987 [main] WARN  c.u.service.LoginAttemptService [correlationId=NONE] - Failed login attempt for email: test@ultrabms.com (attempt 9/5)
2025-11-14 19:06:00.988 [main] WARN  c.u.service.LoginAttemptService [correlationId=NONE] - Failed login attempt for email: test@ultrabms.com (attempt 10/5)
2025-11-14 19:06:00.988 [main] WARN  c.u.service.LoginAttemptService [correlationId=NONE] - Login blocked for email: test@ultrabms.com due to 10 failed attempts
2025-11-14 19:06:00.992 [main] WARN  c.u.service.LoginAttemptService [correlationId=NONE] - Failed login attempt for email: test@ultrabms.com (attempt 1/5)
2025-11-14 19:06:00.992 [main] WARN  c.u.service.LoginAttemptService [correlationId=NONE] - Failed login attempt for email: test@ultrabms.com (attempt 2/5)
2025-11-14 19:06:00.992 [main] WARN  c.u.service.LoginAttemptService [correlationId=NONE] - Failed login attempt for email: test@ultrabms.com (attempt 3/5)
2025-11-14 19:06:00.996 [main] WARN  c.u.service.LoginAttemptService [correlationId=NONE] - Failed login attempt for email: user1@ultrabms.com (attempt 1/5)
2025-11-14 19:06:00.997 [main] WARN  c.u.service.LoginAttemptService [correlationId=NONE] - Failed login attempt for email: user1@ultrabms.com (attempt 2/5)
2025-11-14 19:06:00.997 [main] WARN  c.u.service.LoginAttemptService [correlationId=NONE] - Failed login attempt for email: user2@ultrabms.com (attempt 1/5)
2025-11-14 19:06:00.997 [main] WARN  c.u.service.LoginAttemptService [correlationId=NONE] - Failed login attempt for email: user2@ultrabms.com (attempt 2/5)
2025-11-14 19:06:00.997 [main] WARN  c.u.service.LoginAttemptService [correlationId=NONE] - Failed login attempt for email: user2@ultrabms.com (attempt 3/5)
2025-11-14 19:06:00.997 [main] WARN  c.u.service.LoginAttemptService [correlationId=NONE] - Failed login attempt for email: user2@ultrabms.com (attempt 4/5)
2025-11-14 19:06:01.003 [main] WARN  c.u.service.LoginAttemptService [correlationId=NONE] - Failed login attempt for email: blocked@ultrabms.com (attempt 1/5)
2025-11-14 19:06:01.003 [main] WARN  c.u.service.LoginAttemptService [correlationId=NONE] - Failed login attempt for email: blocked@ultrabms.com (attempt 2/5)
2025-11-14 19:06:01.003 [main] WARN  c.u.service.LoginAttemptService [correlationId=NONE] - Failed login attempt for email: blocked@ultrabms.com (attempt 3/5)
2025-11-14 19:06:01.003 [main] WARN  c.u.service.LoginAttemptService [correlationId=NONE] - Failed login attempt for email: blocked@ultrabms.com (attempt 4/5)
2025-11-14 19:06:01.003 [main] WARN  c.u.service.LoginAttemptService [correlationId=NONE] - Failed login attempt for email: blocked@ultrabms.com (attempt 5/5)
2025-11-14 19:06:01.003 [main] WARN  c.u.service.LoginAttemptService [correlationId=NONE] - Failed login attempt for email: normal@ultrabms.com (attempt 1/5)
2025-11-14 19:06:01.003 [main] WARN  c.u.service.LoginAttemptService [correlationId=NONE] - Login blocked for email: blocked@ultrabms.com due to 5 failed attempts
2025-11-14 19:06:01.011 [main] WARN  c.u.service.LoginAttemptService [correlationId=NONE] - Failed login attempt for email: test@ultrabms.com (attempt 1/5)
2025-11-14 19:06:01.012 [main] WARN  c.u.service.LoginAttemptService [correlationId=NONE] - Failed login attempt for email: test@ultrabms.com (attempt 2/5)
2025-11-14 19:06:01.012 [main] WARN  c.u.service.LoginAttemptService [correlationId=NONE] - Failed login attempt for email: test@ultrabms.com (attempt 3/5)
2025-11-14 19:06:01.012 [main] WARN  c.u.service.LoginAttemptService [correlationId=NONE] - Failed login attempt for email: test@ultrabms.com (attempt 4/5)
2025-11-14 19:06:01.012 [main] WARN  c.u.service.LoginAttemptService [correlationId=NONE] - Failed login attempt for email: test@ultrabms.com (attempt 5/5)
2025-11-14 19:06:01.012 [main] WARN  c.u.service.LoginAttemptService [correlationId=NONE] - Login blocked for email: test@ultrabms.com due to 5 failed attempts
2025-11-14 19:06:01.021 [main] WARN  c.u.service.LoginAttemptService [correlationId=NONE] - Failed login attempt for email: test@ultrabms.com (attempt 1/5)
2025-11-14 19:06:01.021 [main] WARN  c.u.service.LoginAttemptService [correlationId=NONE] - Failed login attempt for email: test@ultrabms.com (attempt 2/5)
2025-11-14 19:06:01.021 [main] WARN  c.u.service.LoginAttemptService [correlationId=NONE] - Failed login attempt for email: test@ultrabms.com (attempt 3/5)
2025-11-14 19:06:01.031 [main] WARN  c.u.service.LoginAttemptService [correlationId=NONE] - Failed login attempt for email: test@ultrabms.com (attempt 1/5)
2025-11-14 19:06:01.031 [main] WARN  c.u.service.LoginAttemptService [correlationId=NONE] - Failed login attempt for email: test@ultrabms.com (attempt 2/5)
2025-11-14 19:06:01.031 [main] WARN  c.u.service.LoginAttemptService [correlationId=NONE] - Failed login attempt for email: test@ultrabms.com (attempt 3/5)
2025-11-14 19:06:01.031 [main] WARN  c.u.service.LoginAttemptService [correlationId=NONE] - Failed login attempt for email: test@ultrabms.com (attempt 4/5)
2025-11-14 19:06:01.031 [main] WARN  c.u.service.LoginAttemptService [correlationId=NONE] - Failed login attempt for email: test@ultrabms.com (attempt 5/5)
2025-11-14 19:06:01.031 [main] WARN  c.u.service.LoginAttemptService [correlationId=NONE] - Failed login attempt for email: test@ultrabms.com (attempt 6/5)
2025-11-14 19:06:01.031 [main] WARN  c.u.service.LoginAttemptService [correlationId=NONE] - Login blocked for email: test@ultrabms.com due to 6 failed attempts
2025-11-14 19:06:01.037 [main] WARN  c.u.service.LoginAttemptService [correlationId=NONE] - Failed login attempt for email: test@ultrabms.com (attempt 1/5)
2025-11-14 19:06:01.041 [main] WARN  c.u.service.LoginAttemptService [correlationId=NONE] - Failed login attempt for email: test@ultrabms.com (attempt 1/5)
[INFO] Tests run: 17, Failures: 0, Errors: 0, Skipped: 0, Time elapsed: 0.166 s -- in com.ultrabms.service.LoginAttemptServiceTest
[INFO] Running com.ultrabms.service.AuthServiceImplTest
2025-11-14 19:06:05.255 [main] WARN  c.ultrabms.service.AuthServiceImpl [correlationId=NONE] - Registration failed: Email already exists: test@ultrabms.com
2025-11-14 19:06:05.558 [main] WARN  c.ultrabms.service.AuthServiceImpl [correlationId=NONE] - Attempted to use blacklisted refresh token
2025-11-14 19:06:06.483 [main] WARN  c.ultrabms.service.AuthServiceImpl [correlationId=NONE] - Token is not a refresh token
2025-11-14 19:06:07.094 [main] WARN  c.ultrabms.service.AuthServiceImpl [correlationId=NONE] - Invalid or expired refresh token
2025-11-14 19:06:07.724 [main] WARN  c.ultrabms.service.AuthServiceImpl [correlationId=NONE] - Invalid password for user: test@ultrabms.com
2025-11-14 19:06:09.828 [main] WARN  c.ultrabms.service.AuthServiceImpl [correlationId=NONE] - Login attempt for locked account: test@ultrabms.com
2025-11-14 19:06:10.524 [main] WARN  c.ultrabms.service.AuthServiceImpl [correlationId=NONE] - Invalid password for user: test@ultrabms.com
2025-11-14 19:06:11.359 [main] WARN  c.ultrabms.service.AuthServiceImpl [correlationId=NONE] - Invalid password for user: test@ultrabms.com
2025-11-14 19:06:11.360 [main] WARN  c.ultrabms.service.AuthServiceImpl [correlationId=NONE] - Account locked due to 5 failed attempts: test@ultrabms.com
[INFO] Tests run: 22, Failures: 0, Errors: 0, Skipped: 0, Time elapsed: 11.42 s -- in com.ultrabms.service.AuthServiceImplTest
[INFO] 
[INFO] Results:
[INFO] 
[ERROR] Failures: 
[ERROR]   AuthControllerTest.authEndpointsShouldBePubliclyAccessible:486 Status expected:<200> but was:<500>
[ERROR]   AuthControllerTest.loginShouldExtractIpFromForwardedHeader:316 Status expected:<200> but was:<500>
[ERROR]   AuthControllerTest.loginShouldReturn200WithValidCredentials:248 Status expected:<200> but was:<500>
[ERROR]   AuthControllerTest.loginShouldReturn401WithInvalidCredentials:271 Status expected:<401> but was:<500>
[ERROR]   AuthControllerTest.loginShouldReturn423WhenAccountIsLocked:287 Status expected:<423> but was:<500>
[ERROR]   AuthControllerTest.refreshShouldReturn200WithValidTokenInBody:355 No value at JSON path "$.accessToken"
[ERROR]   AuthControllerTest.refreshShouldReturn200WithValidTokenInCookie:373 No value at JSON path "$.accessToken"
[ERROR]   AuthControllerTest.refreshShouldReturn401WithInvalidToken:401 Status expected:<401> but was:<200>
[ERROR]   AuthControllerTest.registerShouldReturn201WithValidRequest:127 No value at JSON path "$.id"
[ERROR]   AuthControllerTest.registerShouldReturn409WhenEmailExists:209 Status expected:<409> but was:<201>
[ERROR]   AuthControllerTest.registerShouldValidatePhoneNumberFormat:231 Status expected:<400> but was:<201>
[ERROR]   AuthControllerTest.shouldReturnJsonContentType:513 Content type not set
[ERROR]   UserControllerAuthorizationTest$CreateUserTests.shouldDenyMaintenanceSupervisorFromCreatingUser:242 Status expected:<403> but was:<201>
[ERROR]   UserControllerAuthorizationTest$CreateUserTests.shouldDenyPropertyManagerFromCreatingUser:196 Status expected:<403> but was:<201>
[ERROR]   UserControllerAuthorizationTest$CreateUserTests.shouldDenyTenantFromCreatingUser:219 Status expected:<403> but was:<201>
[ERROR]   UserControllerAuthorizationTest$DeleteUserTests.shouldDenyFinanceManagerFromDeletingUser:371 Status expected:<403> but was:<204>
[ERROR]   UserControllerAuthorizationTest$DeleteUserTests.shouldDenyMaintenanceSupervisorFromDeletingUser:362 Status expected:<403> but was:<204>
[ERROR]   UserControllerAuthorizationTest$DeleteUserTests.shouldDenyPropertyManagerFromDeletingUser:344 Status expected:<403> but was:<204>
[ERROR]   UserControllerAuthorizationTest$DeleteUserTests.shouldDenyTenantFromDeletingUser:353 Status expected:<403> but was:<204>
[ERROR]   UserControllerAuthorizationTest$DeleteUserTests.shouldDenyVendorFromDeletingUser:380 Status expected:<403> but was:<204>
[ERROR]   UserControllerAuthorizationTest$GetAllUsersTests.shouldDenyPropertyManagerWithoutPermission:92 Status expected:<403> but was:<200>
[ERROR]   UserControllerAuthorizationTest$GetAllUsersTests.shouldDenyTenantFromListingUsers:77 Status expected:<403> but was:<200>
[ERROR]   UserControllerAuthorizationTest$GetUserByIdTests.shouldDenyTenantFromGettingUserById:129 Status expected:<403> but was:<200>
[ERROR]   UserControllerAuthorizationTest$RoleBasedAccessSummaryTests.tenantShouldHaveNoAccess:429 Status expected:<403> but was:<200>
[ERROR]   UserControllerAuthorizationTest$UpdateUserTests.shouldDenyFinanceManagerFromUpdatingUser:320 Status expected:<403> but was:<200>
[ERROR]   UserControllerAuthorizationTest$UpdateUserTests.shouldDenyTenantFromUpdatingUser:297 Status expected:<403> but was:<200>
[INFO] 
[ERROR] Tests run: 151, Failures: 26, Errors: 0, Skipped: 0
[INFO] 
[INFO] ------------------------------------------------------------------------
[INFO] BUILD FAILURE
[INFO] ------------------------------------------------------------------------
[INFO] Total time:  32.260 s
[INFO] Finished at: 2025-11-14T19:06:12+04:00
[INFO] ------------------------------------------------------------------------
[ERROR] Failed to execute goal org.apache.maven.plugins:maven-surefire-plugin:3.5.2:test (default-test) on project ultra-bms-backend: There are test failures.
[ERROR] 
[ERROR] See /Users/natarajan/Documents/Projects/ultra-bms/backend/target/surefire-reports for the individual test results.
[ERROR] See dump files (if any exist) [date].dump, [date]-jvmRun[N].dump and [date].dumpstream.
[ERROR] -> [Help 1]
[ERROR] 
[ERROR] To see the full stack trace of the errors, re-run Maven with the -e switch.
[ERROR] Re-run Maven using the -X switch to enable full debug logging.
[ERROR] 
[ERROR] For more information about the errors and possible solutions, please read the following articles:
[ERROR] [Help 1] http://cwiki.apache.org/confluence/display/MAVEN/MojoFailureException
